2023-03-22 09:28:21 INFO  background-preinit o.h.v.i.util.Version HV000001: Hibernate Validator 6.2.0.Final
2023-03-22 09:28:21 INFO  main c.w.a.GatewayApplication Starting GatewayApplication using Java 11.0.10 on DESKTOP-SPKKHPB with PID 41832 (D:\11_CG\00_code\CG_AccessControlService\target\classes started by ansen in D:\11_CG\00_code\CG_AccessControlService)
2023-03-22 09:28:21 INFO  main c.w.a.GatewayApplication The following profiles are active: dev
2023-03-22 09:28:22 INFO  main o.s.d.r.c.RepositoryConfigurationDelegate Multiple Spring Data modules found, entering strict repository configuration mode!
2023-03-22 09:28:22 INFO  main o.s.d.r.c.RepositoryConfigurationDelegate Bootstrapping Spring Data Redis repositories in DEFAULT mode.
2023-03-22 09:28:22 INFO  main o.s.d.r.c.RepositoryConfigurationDelegate Finished Spring Data repository scanning in 21 ms. Found 0 Redis repository interfaces.
2023-03-22 09:28:22 WARN  main o.m.s.m.ClassPathMapperScanner No MyBatis mapper was found in '[com.wimetro.acs]' package. Please check your configuration.
2023-03-22 09:28:23 INFO  main o.s.b.w.e.t.TomcatWebServer Tomcat initialized with port(s): 9257 (http)
2023-03-22 09:28:23 INFO  main o.a.c.h.Http11NioProtocol Initializing ProtocolHandler ["http-nio-9257"]
2023-03-22 09:28:23 INFO  main o.a.c.c.StandardService Starting service [Tomcat]
2023-03-22 09:28:23 INFO  main o.a.c.c.StandardEngine Starting Servlet engine: [Apache Tomcat/9.0.56]
2023-03-22 09:28:23 INFO  main o.a.c.c.C.[.[.[/]    Initializing Spring embedded WebApplicationContext
2023-03-22 09:28:23 INFO  main o.s.b.w.s.c.ServletWebServerApplicationContext Root WebApplicationContext: initialization completed in 2571 ms
2023-03-22 09:28:24 INFO  main c.w.a.c.Swagger3Config Swagger3接口文档地址: http://192.168.2.29:9257/swagger-ui.html
2023-03-22 09:28:24 INFO  main c.w.a.c.Swagger3Config Knife4j增强接口文档地址: http://192.168.2.29:9257/doc.html
2023-03-22 09:28:26 INFO  main c.a.d.s.b.a.DruidDataSourceAutoConfigure Init DruidDataSource
2023-03-22 09:28:27 INFO  main c.a.d.p.DruidDataSource {dataSource-1} inited
2023-03-22 09:28:28 INFO  main o.m.p.j.JmsPoolConnectionFactory Provided ConnectionFactory implementation is JMS 2.0+ capable.
2023-03-22 09:28:29 INFO  main o.a.c.h.Http11NioProtocol Starting ProtocolHandler ["http-nio-9257"]
2023-03-22 09:28:29 INFO  main o.s.b.w.e.t.TomcatWebServer Tomcat started on port(s): 9257 (http) with context path ''
2023-03-22 09:28:29 INFO  main c.w.a.GatewayApplication Started GatewayApplication in 9.275 seconds (JVM running for 12.935)
2023-03-22 09:28:29 INFO  main c.w.a.n.r.NettyUdpServer  UdpServer 正在启动
2023-03-22 09:28:29 INFO  main c.w.a.n.r.NettyUdpServer  UdpServer 使用nio模式
2023-03-22 09:37:50 INFO  main c.w.a.GatewayApplication Starting GatewayApplication using Java 11.0.10 on DESKTOP-SPKKHPB with PID 36184 (D:\11_CG\00_code\CG_AccessControlService\target\classes started by ansen in D:\11_CG\00_code\CG_AccessControlService)
2023-03-22 09:37:50 INFO  main c.w.a.GatewayApplication The following profiles are active: dev
2023-03-22 09:37:50 INFO  background-preinit o.h.v.i.util.Version HV000001: Hibernate Validator 6.2.0.Final
2023-03-22 09:37:51 INFO  main o.s.d.r.c.RepositoryConfigurationDelegate Multiple Spring Data modules found, entering strict repository configuration mode!
2023-03-22 09:37:51 INFO  main o.s.d.r.c.RepositoryConfigurationDelegate Bootstrapping Spring Data Redis repositories in DEFAULT mode.
2023-03-22 09:37:51 INFO  main o.s.d.r.c.RepositoryConfigurationDelegate Finished Spring Data repository scanning in 19 ms. Found 0 Redis repository interfaces.
2023-03-22 09:37:51 WARN  main o.m.s.m.ClassPathMapperScanner No MyBatis mapper was found in '[com.wimetro.acs]' package. Please check your configuration.
2023-03-22 09:37:52 INFO  main o.s.b.w.e.t.TomcatWebServer Tomcat initialized with port(s): 9257 (http)
2023-03-22 09:37:52 INFO  main o.a.c.h.Http11NioProtocol Initializing ProtocolHandler ["http-nio-9257"]
2023-03-22 09:37:52 INFO  main o.a.c.c.StandardService Starting service [Tomcat]
2023-03-22 09:37:52 INFO  main o.a.c.c.StandardEngine Starting Servlet engine: [Apache Tomcat/9.0.56]
2023-03-22 09:37:52 INFO  main o.a.c.c.C.[.[.[/]    Initializing Spring embedded WebApplicationContext
2023-03-22 09:37:52 INFO  main o.s.b.w.s.c.ServletWebServerApplicationContext Root WebApplicationContext: initialization completed in 2093 ms
2023-03-22 09:37:52 INFO  main c.w.a.c.Swagger3Config Swagger3接口文档地址: http://192.168.2.29:9257/swagger-ui.html
2023-03-22 09:37:52 INFO  main c.w.a.c.Swagger3Config Knife4j增强接口文档地址: http://192.168.2.29:9257/doc.html
2023-03-22 09:37:54 INFO  main c.a.d.s.b.a.DruidDataSourceAutoConfigure Init DruidDataSource
2023-03-22 09:37:55 INFO  main c.a.d.p.DruidDataSource {dataSource-1} inited
2023-03-22 09:37:56 INFO  main o.m.p.j.JmsPoolConnectionFactory Provided ConnectionFactory implementation is JMS 2.0+ capable.
2023-03-22 09:37:57 INFO  main o.a.c.h.Http11NioProtocol Starting ProtocolHandler ["http-nio-9257"]
2023-03-22 09:37:57 INFO  main o.s.b.w.e.t.TomcatWebServer Tomcat started on port(s): 9257 (http) with context path ''
2023-03-22 09:37:57 INFO  main c.w.a.GatewayApplication Started GatewayApplication in 8.152 seconds (JVM running for 10.544)
2023-03-22 09:37:57 INFO  main c.w.a.n.r.NettyUdpServer  UdpServer 正在启动
2023-03-22 09:37:57 INFO  main c.w.a.n.r.NettyUdpServer  UdpServer 使用nio模式
2023-03-22 09:37:57 WARN  boss-4-1 i.n.c.ChannelInitializer Failed to initialize a channel. Closing: [id: 0xdb332b5c]
java.lang.ClassCastException: class io.netty.channel.socket.nio.NioDatagramChannel cannot be cast to class io.netty.channel.socket.nio.NioSocketChannel (io.netty.channel.socket.nio.NioDatagramChannel and io.netty.channel.socket.nio.NioSocketChannel are in unnamed module of loader 'app')
	at com.wimetro.acs.netty.runner.NettyUdpServer$1.initChannel(NettyUdpServer.java:113)
	at io.netty.channel.ChannelInitializer.initChannel(ChannelInitializer.java:129)
	at io.netty.channel.ChannelInitializer.handlerAdded(ChannelInitializer.java:112)
	at io.netty.channel.AbstractChannelHandlerContext.callHandlerAdded(AbstractChannelHandlerContext.java:938)
	at io.netty.channel.DefaultChannelPipeline.callHandlerAdded0(DefaultChannelPipeline.java:609)
	at io.netty.channel.DefaultChannelPipeline.access$100(DefaultChannelPipeline.java:46)
	at io.netty.channel.DefaultChannelPipeline$PendingHandlerAddedTask.execute(DefaultChannelPipeline.java:1463)
	at io.netty.channel.DefaultChannelPipeline.callHandlerAddedForAllHandlers(DefaultChannelPipeline.java:1115)
	at io.netty.channel.DefaultChannelPipeline.invokeHandlerAddedIfNeeded(DefaultChannelPipeline.java:650)
	at io.netty.channel.AbstractChannel$AbstractUnsafe.register0(AbstractChannel.java:502)
	at io.netty.channel.AbstractChannel$AbstractUnsafe.access$200(AbstractChannel.java:417)
	at io.netty.channel.AbstractChannel$AbstractUnsafe$1.run(AbstractChannel.java:474)
	at io.netty.util.concurrent.AbstractEventExecutor.safeExecute(AbstractEventExecutor.java:164)
	at io.netty.util.concurrent.SingleThreadEventExecutor.runAllTasks(SingleThreadEventExecutor.java:472)
	at io.netty.channel.nio.NioEventLoop.run(NioEventLoop.java:500)
	at io.netty.util.concurrent.SingleThreadEventExecutor$4.run(SingleThreadEventExecutor.java:989)
	at io.netty.util.internal.ThreadExecutorMap$2.run(ThreadExecutorMap.java:74)
	at io.netty.util.concurrent.FastThreadLocalRunnable.run(FastThreadLocalRunnable.java:30)
	at java.base/java.lang.Thread.run(Thread.java:834)
2023-03-22 09:37:57 INFO  main c.w.a.n.r.NettyUdpServer UdpServer 启动时发生异常,{}
java.nio.channels.ClosedChannelException: null
	at io.netty.channel.AbstractChannel$AbstractUnsafe.newClosedChannelException(AbstractChannel.java:957)
	at io.netty.channel.AbstractChannel$AbstractUnsafe.ensureOpen(AbstractChannel.java:976)
	at io.netty.channel.AbstractChannel$AbstractUnsafe.bind(AbstractChannel.java:531)
	at io.netty.channel.DefaultChannelPipeline$HeadContext.bind(DefaultChannelPipeline.java:1334)
	at io.netty.channel.AbstractChannelHandlerContext.invokeBind(AbstractChannelHandlerContext.java:506)
	at io.netty.channel.AbstractChannelHandlerContext.bind(AbstractChannelHandlerContext.java:491)
	at io.netty.channel.DefaultChannelPipeline.bind(DefaultChannelPipeline.java:973)
	at io.netty.channel.AbstractChannel.bind(AbstractChannel.java:248)
	at io.netty.bootstrap.AbstractBootstrap$2.run(AbstractBootstrap.java:356)
	at io.netty.util.concurrent.AbstractEventExecutor.safeExecute(AbstractEventExecutor.java:164)
	at io.netty.util.concurrent.SingleThreadEventExecutor.runAllTasks(SingleThreadEventExecutor.java:472)
	at io.netty.channel.nio.NioEventLoop.run(NioEventLoop.java:500)
	at io.netty.util.concurrent.SingleThreadEventExecutor$4.run(SingleThreadEventExecutor.java:989)
	at io.netty.util.internal.ThreadExecutorMap$2.run(ThreadExecutorMap.java:74)
	at io.netty.util.concurrent.FastThreadLocalRunnable.run(FastThreadLocalRunnable.java:30)
	at java.base/java.lang.Thread.run(Thread.java:834)
2023-03-22 09:37:57 INFO  main c.w.a.n.r.NettyUdpServer null
2023-03-22 09:38:48 INFO  main c.w.a.GatewayApplication Starting GatewayApplication using Java 11.0.10 on DESKTOP-SPKKHPB with PID 41484 (D:\11_CG\00_code\CG_AccessControlService\target\classes started by ansen in D:\11_CG\00_code\CG_AccessControlService)
2023-03-22 09:38:48 INFO  background-preinit o.h.v.i.util.Version HV000001: Hibernate Validator 6.2.0.Final
2023-03-22 09:38:48 INFO  main c.w.a.GatewayApplication The following profiles are active: dev
2023-03-22 09:38:49 INFO  main o.s.d.r.c.RepositoryConfigurationDelegate Multiple Spring Data modules found, entering strict repository configuration mode!
2023-03-22 09:38:49 INFO  main o.s.d.r.c.RepositoryConfigurationDelegate Bootstrapping Spring Data Redis repositories in DEFAULT mode.
2023-03-22 09:38:49 INFO  main o.s.d.r.c.RepositoryConfigurationDelegate Finished Spring Data repository scanning in 21 ms. Found 0 Redis repository interfaces.
2023-03-22 09:38:49 WARN  main o.m.s.m.ClassPathMapperScanner No MyBatis mapper was found in '[com.wimetro.acs]' package. Please check your configuration.
2023-03-22 09:38:50 INFO  main o.s.b.w.e.t.TomcatWebServer Tomcat initialized with port(s): 9257 (http)
2023-03-22 09:38:50 INFO  main o.a.c.h.Http11NioProtocol Initializing ProtocolHandler ["http-nio-9257"]
2023-03-22 09:38:50 INFO  main o.a.c.c.StandardService Starting service [Tomcat]
2023-03-22 09:38:50 INFO  main o.a.c.c.StandardEngine Starting Servlet engine: [Apache Tomcat/9.0.56]
2023-03-22 09:38:50 INFO  main o.a.c.c.C.[.[.[/]    Initializing Spring embedded WebApplicationContext
2023-03-22 09:38:50 INFO  main o.s.b.w.s.c.ServletWebServerApplicationContext Root WebApplicationContext: initialization completed in 2345 ms
2023-03-22 09:38:51 INFO  main c.w.a.c.Swagger3Config Swagger3接口文档地址: http://192.168.2.29:9257/swagger-ui.html
2023-03-22 09:38:51 INFO  main c.w.a.c.Swagger3Config Knife4j增强接口文档地址: http://192.168.2.29:9257/doc.html
2023-03-22 09:38:53 INFO  main c.a.d.s.b.a.DruidDataSourceAutoConfigure Init DruidDataSource
2023-03-22 09:38:53 INFO  main c.a.d.p.DruidDataSource {dataSource-1} inited
2023-03-22 09:38:55 INFO  main o.m.p.j.JmsPoolConnectionFactory Provided ConnectionFactory implementation is JMS 2.0+ capable.
2023-03-22 09:38:55 INFO  main o.a.c.h.Http11NioProtocol Starting ProtocolHandler ["http-nio-9257"]
2023-03-22 09:38:55 INFO  main o.s.b.w.e.t.TomcatWebServer Tomcat started on port(s): 9257 (http) with context path ''
2023-03-22 09:38:55 INFO  main c.w.a.GatewayApplication Started GatewayApplication in 8.729 seconds (JVM running for 11.497)
2023-03-22 09:38:55 INFO  main c.w.a.n.r.NettyUdpServer  UdpServer 正在启动
2023-03-22 09:38:55 INFO  main c.w.a.n.r.NettyUdpServer  UdpServer 使用nio模式
2023-03-22 09:46:37 INFO  boss-4-1 c.w.a.n.h.DeviceUdpHandler 服务器收到消息:DatagramPacket(/192.168.2.29:8101 => /0:0:0:0:0:0:0:0:8108, PooledUnsafeDirectByteBuf(ridx: 0, widx: 32, cap: 2048))
2023-03-22 09:47:33 INFO  boss-4-1 c.w.a.n.h.DeviceUdpHandler 服务器收到消息:DatagramPacket(/192.168.2.29:8101 => /0:0:0:0:0:0:0:0:8108, PooledUnsafeDirectByteBuf(ridx: 0, widx: 8, cap: 2048))
2023-03-22 11:26:17 INFO  main c.w.a.GatewayApplication Starting GatewayApplication using Java 11.0.10 on DESKTOP-SPKKHPB with PID 42724 (D:\11_CG\00_code\CG_AccessControlService\target\classes started by ansen in D:\11_CG\00_code\CG_AccessControlService)
2023-03-22 11:26:17 INFO  background-preinit o.h.v.i.util.Version HV000001: Hibernate Validator 6.2.0.Final
2023-03-22 11:26:17 INFO  main c.w.a.GatewayApplication The following profiles are active: dev
2023-03-22 11:26:19 INFO  main o.s.d.r.c.RepositoryConfigurationDelegate Multiple Spring Data modules found, entering strict repository configuration mode!
2023-03-22 11:26:19 INFO  main o.s.d.r.c.RepositoryConfigurationDelegate Bootstrapping Spring Data Redis repositories in DEFAULT mode.
2023-03-22 11:26:19 INFO  main o.s.d.r.c.RepositoryConfigurationDelegate Finished Spring Data repository scanning in 22 ms. Found 0 Redis repository interfaces.
2023-03-22 11:26:19 WARN  main o.m.s.m.ClassPathMapperScanner No MyBatis mapper was found in '[com.wimetro.acs]' package. Please check your configuration.
2023-03-22 11:26:20 INFO  main o.s.b.w.e.t.TomcatWebServer Tomcat initialized with port(s): 9257 (http)
2023-03-22 11:26:20 INFO  main o.a.c.h.Http11NioProtocol Initializing ProtocolHandler ["http-nio-9257"]
2023-03-22 11:26:20 INFO  main o.a.c.c.StandardService Starting service [Tomcat]
2023-03-22 11:26:20 INFO  main o.a.c.c.StandardEngine Starting Servlet engine: [Apache Tomcat/9.0.56]
2023-03-22 11:26:20 INFO  main o.a.c.c.C.[.[.[/]    Initializing Spring embedded WebApplicationContext
2023-03-22 11:26:20 INFO  main o.s.b.w.s.c.ServletWebServerApplicationContext Root WebApplicationContext: initialization completed in 2565 ms
2023-03-22 11:26:20 INFO  main c.w.a.c.Swagger3Config Swagger3接口文档地址: http://192.168.2.29:9257/swagger-ui.html
2023-03-22 11:26:20 INFO  main c.w.a.c.Swagger3Config Knife4j增强接口文档地址: http://192.168.2.29:9257/doc.html
2023-03-22 11:26:22 INFO  main c.a.d.s.b.a.DruidDataSourceAutoConfigure Init DruidDataSource
2023-03-22 11:26:23 INFO  main c.a.d.p.DruidDataSource {dataSource-1} inited
2023-03-22 11:26:25 INFO  main o.m.p.j.JmsPoolConnectionFactory Provided ConnectionFactory implementation is JMS 2.0+ capable.
2023-03-22 11:26:26 INFO  main o.a.c.h.Http11NioProtocol Starting ProtocolHandler ["http-nio-9257"]
2023-03-22 11:26:26 INFO  main o.s.b.w.e.t.TomcatWebServer Tomcat started on port(s): 9257 (http) with context path ''
2023-03-22 11:26:26 INFO  main c.w.a.GatewayApplication Started GatewayApplication in 9.878 seconds (JVM running for 12.603)
2023-03-22 11:26:26 INFO  main c.w.a.n.r.NettyUdpServer  UdpServer 正在启动
2023-03-22 11:26:26 INFO  main c.w.a.n.r.NettyUdpServer  UdpServer 使用nio模式
2023-03-22 11:26:26 INFO  main c.w.a.n.r.NettyUdpServer UdpServer 启动时发生异常,{}
java.lang.IllegalStateException: group not set
	at io.netty.bootstrap.AbstractBootstrap.validate(AbstractBootstrap.java:205)
	at io.netty.bootstrap.Bootstrap.validate(Bootstrap.java:271)
	at io.netty.bootstrap.Bootstrap.validate(Bootstrap.java:46)
	at io.netty.bootstrap.AbstractBootstrap.bind(AbstractBootstrap.java:267)
	at io.netty.bootstrap.AbstractBootstrap.bind(AbstractBootstrap.java:246)
	at com.wimetro.acs.netty.runner.NettyUdpServer.start(NettyUdpServer.java:109)
	at com.wimetro.acs.netty.runner.NettyUdpServer.run(NettyUdpServer.java:135)
	at org.springframework.boot.SpringApplication.callRunner(SpringApplication.java:760)
	at org.springframework.boot.SpringApplication.callRunners(SpringApplication.java:750)
	at org.springframework.boot.SpringApplication.run(SpringApplication.java:309)
	at org.springframework.boot.SpringApplication.run(SpringApplication.java:1303)
	at org.springframework.boot.SpringApplication.run(SpringApplication.java:1292)
	at com.wimetro.acs.GatewayApplication.main(GatewayApplication.java:17)
2023-03-22 11:26:26 INFO  main c.w.a.n.r.NettyUdpServer group not set
2023-03-22 11:27:48 INFO  main c.w.a.GatewayApplication Starting GatewayApplication using Java 11.0.10 on DESKTOP-SPKKHPB with PID 36676 (D:\11_CG\00_code\CG_AccessControlService\target\classes started by ansen in D:\11_CG\00_code\CG_AccessControlService)
2023-03-22 11:27:48 INFO  main c.w.a.GatewayApplication The following profiles are active: dev
2023-03-22 11:27:48 INFO  background-preinit o.h.v.i.util.Version HV000001: Hibernate Validator 6.2.0.Final
2023-03-22 11:27:50 INFO  main o.s.d.r.c.RepositoryConfigurationDelegate Multiple Spring Data modules found, entering strict repository configuration mode!
2023-03-22 11:27:50 INFO  main o.s.d.r.c.RepositoryConfigurationDelegate Bootstrapping Spring Data Redis repositories in DEFAULT mode.
2023-03-22 11:27:50 INFO  main o.s.d.r.c.RepositoryConfigurationDelegate Finished Spring Data repository scanning in 29 ms. Found 0 Redis repository interfaces.
2023-03-22 11:27:50 WARN  main o.m.s.m.ClassPathMapperScanner No MyBatis mapper was found in '[com.wimetro.acs]' package. Please check your configuration.
2023-03-22 11:27:52 INFO  main o.s.b.w.e.t.TomcatWebServer Tomcat initialized with port(s): 9257 (http)
2023-03-22 11:27:52 INFO  main o.a.c.h.Http11NioProtocol Initializing ProtocolHandler ["http-nio-9257"]
2023-03-22 11:27:52 INFO  main o.a.c.c.StandardService Starting service [Tomcat]
2023-03-22 11:27:52 INFO  main o.a.c.c.StandardEngine Starting Servlet engine: [Apache Tomcat/9.0.56]
2023-03-22 11:27:52 INFO  main o.a.c.c.C.[.[.[/]    Initializing Spring embedded WebApplicationContext
2023-03-22 11:27:52 INFO  main o.s.b.w.s.c.ServletWebServerApplicationContext Root WebApplicationContext: initialization completed in 3996 ms
2023-03-22 11:27:53 INFO  main c.w.a.c.Swagger3Config Swagger3接口文档地址: http://192.168.2.29:9257/swagger-ui.html
2023-03-22 11:27:53 INFO  main c.w.a.c.Swagger3Config Knife4j增强接口文档地址: http://192.168.2.29:9257/doc.html
2023-03-22 11:27:55 INFO  main c.a.d.s.b.a.DruidDataSourceAutoConfigure Init DruidDataSource
2023-03-22 11:27:56 INFO  main c.a.d.p.DruidDataSource {dataSource-1} inited
2023-03-22 11:27:58 INFO  main o.m.p.j.JmsPoolConnectionFactory Provided ConnectionFactory implementation is JMS 2.0+ capable.
2023-03-22 11:27:58 INFO  main o.a.c.h.Http11NioProtocol Starting ProtocolHandler ["http-nio-9257"]
2023-03-22 11:27:58 INFO  main o.s.b.w.e.t.TomcatWebServer Tomcat started on port(s): 9257 (http) with context path ''
2023-03-22 11:27:58 INFO  main c.w.a.GatewayApplication Started GatewayApplication in 11.565 seconds (JVM running for 14.954)
2023-03-22 11:27:58 INFO  main c.w.a.n.r.NettyUdpServer  UdpServer 正在启动
2023-03-22 11:27:58 INFO  main c.w.a.n.r.NettyUdpServer  UdpServer 使用nio模式
2023-03-22 11:27:59 INFO  main c.w.a.n.r.NettyUdpServer started and listened on /0:0:0:0:0:0:0:0:8108
2023-03-22 11:32:17 INFO  boss-4-1 c.w.a.n.h.DeviceUdpHandler 服务器收到消息:DatagramPacket(/192.168.2.29:8101 => /0:0:0:0:0:0:0:0:8108, PooledUnsafeDirectByteBuf(ridx: 0, widx: 8, cap: 2048))
2023-03-22 14:18:24 INFO  background-preinit o.h.v.i.util.Version HV000001: Hibernate Validator 6.2.0.Final
2023-03-22 14:18:24 INFO  main c.w.a.GatewayApplication Starting GatewayApplication using Java 11.0.10 on DESKTOP-SPKKHPB with PID 16328 (D:\11_CG\00_code\CG_AccessControlService\target\classes started by ansen in D:\11_CG\00_code\CG_AccessControlService)
2023-03-22 14:18:24 INFO  main c.w.a.GatewayApplication The following profiles are active: dev
2023-03-22 14:18:26 INFO  main o.s.d.r.c.RepositoryConfigurationDelegate Multiple Spring Data modules found, entering strict repository configuration mode!
2023-03-22 14:18:26 INFO  main o.s.d.r.c.RepositoryConfigurationDelegate Bootstrapping Spring Data Redis repositories in DEFAULT mode.
2023-03-22 14:18:27 INFO  main o.s.d.r.c.RepositoryConfigurationDelegate Finished Spring Data repository scanning in 24 ms. Found 0 Redis repository interfaces.
2023-03-22 14:18:27 WARN  main o.m.s.m.ClassPathMapperScanner No MyBatis mapper was found in '[com.wimetro.acs]' package. Please check your configuration.
2023-03-22 14:18:27 INFO  main o.s.b.w.e.t.TomcatWebServer Tomcat initialized with port(s): 9257 (http)
2023-03-22 14:18:27 INFO  main o.a.c.h.Http11NioProtocol Initializing ProtocolHandler ["http-nio-9257"]
2023-03-22 14:18:27 INFO  main o.a.c.c.StandardService Starting service [Tomcat]
2023-03-22 14:18:27 INFO  main o.a.c.c.StandardEngine Starting Servlet engine: [Apache Tomcat/9.0.56]
2023-03-22 14:18:28 INFO  main o.a.c.c.C.[.[.[/]    Initializing Spring embedded WebApplicationContext
2023-03-22 14:18:28 INFO  main o.s.b.w.s.c.ServletWebServerApplicationContext Root WebApplicationContext: initialization completed in 3008 ms
2023-03-22 14:18:28 INFO  main c.w.a.c.Swagger3Config Swagger3接口文档地址: http://192.168.2.29:9257/swagger-ui.html
2023-03-22 14:18:28 INFO  main c.w.a.c.Swagger3Config Knife4j增强接口文档地址: http://192.168.2.29:9257/doc.html
2023-03-22 14:18:30 INFO  main c.a.d.s.b.a.DruidDataSourceAutoConfigure Init DruidDataSource
2023-03-22 14:18:31 INFO  main c.a.d.p.DruidDataSource {dataSource-1} inited
2023-03-22 14:18:33 INFO  main o.m.p.j.JmsPoolConnectionFactory Provided ConnectionFactory implementation is JMS 2.0+ capable.
2023-03-22 14:18:33 INFO  main o.a.c.h.Http11NioProtocol Starting ProtocolHandler ["http-nio-9257"]
2023-03-22 14:18:33 INFO  main o.s.b.w.e.t.TomcatWebServer Tomcat started on port(s): 9257 (http) with context path ''
2023-03-22 14:18:34 INFO  main c.w.a.GatewayApplication Started GatewayApplication in 11.102 seconds (JVM running for 14.95)
2023-03-22 14:18:34 INFO  main c.w.a.n.r.NettyTcpServer  TcpServer 正在启动
2023-03-22 14:18:34 INFO  main c.w.a.n.r.NettyTcpServer  TcpServer 使用nio模式
2023-03-22 14:18:35 INFO  main c.w.a.n.r.NettyTcpServer tcp server listened on /0:0:0:0:0:0:0:0:8008
2023-03-22 14:18:35 INFO  main c.w.a.n.r.NettyUdpServer  UdpServer 正在启动
2023-03-22 14:18:35 INFO  main c.w.a.n.r.NettyUdpServer  UdpServer 使用nio模式
2023-03-22 14:18:35 INFO  main c.w.a.n.r.NettyUdpServer udp server listened on /0:0:0:0:0:0:0:0:8108
2023-03-22 14:43:07 INFO  main c.w.a.GatewayApplication Starting GatewayApplication using Java 11.0.10 on DESKTOP-SPKKHPB with PID 19928 (D:\11_CG\00_code\CG_AccessControlService\target\classes started by ansen in D:\11_CG\00_code\CG_AccessControlService)
2023-03-22 14:43:07 INFO  background-preinit o.h.v.i.util.Version HV000001: Hibernate Validator 6.2.0.Final
2023-03-22 14:43:07 INFO  main c.w.a.GatewayApplication The following profiles are active: dev
2023-03-22 14:43:09 INFO  main o.s.d.r.c.RepositoryConfigurationDelegate Multiple Spring Data modules found, entering strict repository configuration mode!
2023-03-22 14:43:09 INFO  main o.s.d.r.c.RepositoryConfigurationDelegate Bootstrapping Spring Data Redis repositories in DEFAULT mode.
2023-03-22 14:43:09 INFO  main o.s.d.r.c.RepositoryConfigurationDelegate Finished Spring Data repository scanning in 20 ms. Found 0 Redis repository interfaces.
2023-03-22 14:43:09 WARN  main o.m.s.m.ClassPathMapperScanner No MyBatis mapper was found in '[com.wimetro.acs]' package. Please check your configuration.
2023-03-22 14:43:09 INFO  main o.s.b.w.e.t.TomcatWebServer Tomcat initialized with port(s): 9257 (http)
2023-03-22 14:43:09 INFO  main o.a.c.h.Http11NioProtocol Initializing ProtocolHandler ["http-nio-9257"]
2023-03-22 14:43:09 INFO  main o.a.c.c.StandardService Starting service [Tomcat]
2023-03-22 14:43:09 INFO  main o.a.c.c.StandardEngine Starting Servlet engine: [Apache Tomcat/9.0.56]
2023-03-22 14:43:09 INFO  main o.a.c.c.C.[.[.[/]    Initializing Spring embedded WebApplicationContext
2023-03-22 14:43:09 INFO  main o.s.b.w.s.c.ServletWebServerApplicationContext Root WebApplicationContext: initialization completed in 2132 ms
2023-03-22 14:43:10 INFO  main c.w.a.c.Swagger3Config Swagger3接口文档地址: http://192.168.2.29:9257/swagger-ui.html
2023-03-22 14:43:10 INFO  main c.w.a.c.Swagger3Config Knife4j增强接口文档地址: http://192.168.2.29:9257/doc.html
2023-03-22 14:43:11 INFO  main c.a.d.s.b.a.DruidDataSourceAutoConfigure Init DruidDataSource
2023-03-22 14:43:12 INFO  main c.a.d.p.DruidDataSource {dataSource-1} inited
2023-03-22 14:43:14 INFO  main o.m.p.j.JmsPoolConnectionFactory Provided ConnectionFactory implementation is JMS 2.0+ capable.
2023-03-22 14:43:14 INFO  main o.a.c.h.Http11NioProtocol Starting ProtocolHandler ["http-nio-9257"]
2023-03-22 14:43:14 INFO  main o.s.b.w.e.t.TomcatWebServer Tomcat started on port(s): 9257 (http) with context path ''
2023-03-22 14:43:14 INFO  main c.w.a.GatewayApplication Started GatewayApplication in 7.947 seconds (JVM running for 10.406)
2023-03-22 14:43:14 INFO  main c.w.a.n.r.NettyTcpServer  TcpServer 正在启动
2023-03-22 14:43:14 INFO  main c.w.a.n.r.NettyTcpServer  TcpServer 使用nio模式
2023-03-22 14:43:15 INFO  main c.w.a.n.r.NettyTcpServer tcp server listened on /0:0:0:0:0:0:0:0:8008
2023-03-22 14:43:15 INFO  main c.w.a.n.r.NettyUdpServer  UdpServer 正在启动
2023-03-22 14:43:15 INFO  main c.w.a.n.r.NettyUdpServer  UdpServer 使用nio模式
2023-03-22 14:43:15 INFO  main c.w.a.n.r.NettyUdpServer udp server listened on /0:0:0:0:0:0:0:0:8108
2023-03-22 14:44:05 INFO  boss-7-1 c.w.a.n.h.DeviceUdpHandler handler收到消息:DatagramPacket(/192.168.2.29:8101 => /0:0:0:0:0:0:0:0:8108, PooledUnsafeDirectByteBuf(ridx: 0, widx: 8, cap: 2048))
2023-03-22 14:46:30 INFO  main c.w.a.GatewayApplication Starting GatewayApplication using Java 11.0.10 on DESKTOP-SPKKHPB with PID 38288 (D:\11_CG\00_code\CG_AccessControlService\target\classes started by ansen in D:\11_CG\00_code\CG_AccessControlService)
2023-03-22 14:46:30 INFO  main c.w.a.GatewayApplication The following profiles are active: dev
2023-03-22 14:46:30 INFO  background-preinit o.h.v.i.util.Version HV000001: Hibernate Validator 6.2.0.Final
2023-03-22 14:46:31 INFO  main o.s.d.r.c.RepositoryConfigurationDelegate Multiple Spring Data modules found, entering strict repository configuration mode!
2023-03-22 14:46:31 INFO  main o.s.d.r.c.RepositoryConfigurationDelegate Bootstrapping Spring Data Redis repositories in DEFAULT mode.
2023-03-22 14:46:31 INFO  main o.s.d.r.c.RepositoryConfigurationDelegate Finished Spring Data repository scanning in 21 ms. Found 0 Redis repository interfaces.
2023-03-22 14:46:32 WARN  main o.m.s.m.ClassPathMapperScanner No MyBatis mapper was found in '[com.wimetro.acs]' package. Please check your configuration.
2023-03-22 14:46:32 INFO  main o.s.b.w.e.t.TomcatWebServer Tomcat initialized with port(s): 9257 (http)
2023-03-22 14:46:32 INFO  main o.a.c.h.Http11NioProtocol Initializing ProtocolHandler ["http-nio-9257"]
2023-03-22 14:46:32 INFO  main o.a.c.c.StandardService Starting service [Tomcat]
2023-03-22 14:46:32 INFO  main o.a.c.c.StandardEngine Starting Servlet engine: [Apache Tomcat/9.0.56]
2023-03-22 14:46:32 INFO  main o.a.c.c.C.[.[.[/]    Initializing Spring embedded WebApplicationContext
2023-03-22 14:46:32 INFO  main o.s.b.w.s.c.ServletWebServerApplicationContext Root WebApplicationContext: initialization completed in 2256 ms
2023-03-22 14:46:33 INFO  main c.w.a.c.Swagger3Config Swagger3接口文档地址: http://192.168.2.29:9257/swagger-ui.html
2023-03-22 14:46:33 INFO  main c.w.a.c.Swagger3Config Knife4j增强接口文档地址: http://192.168.2.29:9257/doc.html
2023-03-22 14:46:34 INFO  main c.a.d.s.b.a.DruidDataSourceAutoConfigure Init DruidDataSource
2023-03-22 14:46:35 INFO  main c.a.d.p.DruidDataSource {dataSource-1} inited
2023-03-22 14:46:37 INFO  main o.m.p.j.JmsPoolConnectionFactory Provided ConnectionFactory implementation is JMS 2.0+ capable.
2023-03-22 14:46:37 INFO  main o.a.c.h.Http11NioProtocol Starting ProtocolHandler ["http-nio-9257"]
2023-03-22 14:46:37 INFO  main o.s.b.w.e.t.TomcatWebServer Tomcat started on port(s): 9257 (http) with context path ''
2023-03-22 14:46:37 INFO  main c.w.a.GatewayApplication Started GatewayApplication in 8.444 seconds (JVM running for 11.05)
2023-03-22 14:46:37 INFO  main c.w.a.n.r.NettyTcpServer  TcpServer 正在启动
2023-03-22 14:46:37 INFO  main c.w.a.n.r.NettyTcpServer  TcpServer 使用nio模式
2023-03-22 14:46:38 INFO  main c.w.a.n.r.NettyTcpServer tcp server listened on /0:0:0:0:0:0:0:0:8008
2023-03-22 14:46:38 INFO  main c.w.a.n.r.NettyUdpServer  UdpServer 正在启动
2023-03-22 14:46:38 INFO  main c.w.a.n.r.NettyUdpServer  UdpServer 使用nio模式
2023-03-22 14:46:38 INFO  main c.w.a.n.r.NettyUdpServer udp server listened on /0:0:0:0:0:0:0:0:8108
2023-03-22 14:46:42 INFO  boss-7-1 c.w.a.n.c.UdpDeviceProtocolDecoder decoder 收到消息:DatagramPacket(/192.168.2.29:8101 => /0:0:0:0:0:0:0:0:8108, PooledUnsafeDirectByteBuf(ridx: 0, widx: 8, cap: 2048))
2023-03-22 14:46:42 INFO  boss-7-1 c.w.a.n.h.DeviceUdpHandler handler收到消息:DatagramPacket(/192.168.2.29:8101 => /0:0:0:0:0:0:0:0:8108, PooledUnsafeDirectByteBuf(freed))
2023-03-22 14:46:42 ERROR boss-7-1 c.w.a.n.h.DeviceUdpHandler 出现异常
io.netty.util.IllegalReferenceCountException: refCnt: 0, decrement: 1
	at io.netty.util.internal.ReferenceCountUpdater.toLiveRealRefCnt(ReferenceCountUpdater.java:74)
	at io.netty.util.internal.ReferenceCountUpdater.release(ReferenceCountUpdater.java:138)
	at io.netty.buffer.AbstractReferenceCountedByteBuf.release(AbstractReferenceCountedByteBuf.java:100)
	at io.netty.util.ReferenceCountUtil.release(ReferenceCountUtil.java:88)
	at io.netty.channel.DefaultAddressedEnvelope.release(DefaultAddressedEnvelope.java:99)
	at io.netty.util.ReferenceCountUtil.release(ReferenceCountUtil.java:88)
	at io.netty.channel.SimpleChannelInboundHandler.channelRead(SimpleChannelInboundHandler.java:106)
	at io.netty.channel.AbstractChannelHandlerContext.invokeChannelRead(AbstractChannelHandlerContext.java:379)
	at io.netty.channel.AbstractChannelHandlerContext.invokeChannelRead(AbstractChannelHandlerContext.java:365)
	at io.netty.channel.AbstractChannelHandlerContext.fireChannelRead(AbstractChannelHandlerContext.java:357)
	at io.netty.handler.codec.MessageToMessageDecoder.channelRead(MessageToMessageDecoder.java:103)
	at io.netty.channel.AbstractChannelHandlerContext.invokeChannelRead(AbstractChannelHandlerContext.java:379)
	at io.netty.channel.AbstractChannelHandlerContext.invokeChannelRead(AbstractChannelHandlerContext.java:365)
	at io.netty.channel.AbstractChannelHandlerContext.fireChannelRead(AbstractChannelHandlerContext.java:357)
	at io.netty.channel.DefaultChannelPipeline$HeadContext.channelRead(DefaultChannelPipeline.java:1410)
	at io.netty.channel.AbstractChannelHandlerContext.invokeChannelRead(AbstractChannelHandlerContext.java:379)
	at io.netty.channel.AbstractChannelHandlerContext.invokeChannelRead(AbstractChannelHandlerContext.java:365)
	at io.netty.channel.DefaultChannelPipeline.fireChannelRead(DefaultChannelPipeline.java:919)
	at io.netty.channel.nio.AbstractNioMessageChannel$NioMessageUnsafe.read(AbstractNioMessageChannel.java:93)
	at io.netty.channel.nio.NioEventLoop.processSelectedKey(NioEventLoop.java:714)
	at io.netty.channel.nio.NioEventLoop.processSelectedKeysOptimized(NioEventLoop.java:650)
	at io.netty.channel.nio.NioEventLoop.processSelectedKeys(NioEventLoop.java:576)
	at io.netty.channel.nio.NioEventLoop.run(NioEventLoop.java:493)
	at io.netty.util.concurrent.SingleThreadEventExecutor$4.run(SingleThreadEventExecutor.java:989)
	at io.netty.util.internal.ThreadExecutorMap$2.run(ThreadExecutorMap.java:74)
	at io.netty.util.concurrent.FastThreadLocalRunnable.run(FastThreadLocalRunnable.java:30)
	at java.base/java.lang.Thread.run(Thread.java:834)
2023-03-22 14:47:27 INFO  main c.w.a.GatewayApplication Starting GatewayApplication using Java 11.0.10 on DESKTOP-SPKKHPB with PID 44780 (D:\11_CG\00_code\CG_AccessControlService\target\classes started by ansen in D:\11_CG\00_code\CG_AccessControlService)
2023-03-22 14:47:27 INFO  background-preinit o.h.v.i.util.Version HV000001: Hibernate Validator 6.2.0.Final
2023-03-22 14:47:27 INFO  main c.w.a.GatewayApplication The following profiles are active: dev
2023-03-22 14:47:28 INFO  main o.s.d.r.c.RepositoryConfigurationDelegate Multiple Spring Data modules found, entering strict repository configuration mode!
2023-03-22 14:47:28 INFO  main o.s.d.r.c.RepositoryConfigurationDelegate Bootstrapping Spring Data Redis repositories in DEFAULT mode.
2023-03-22 14:47:28 INFO  main o.s.d.r.c.RepositoryConfigurationDelegate Finished Spring Data repository scanning in 21 ms. Found 0 Redis repository interfaces.
2023-03-22 14:47:29 WARN  main o.m.s.m.ClassPathMapperScanner No MyBatis mapper was found in '[com.wimetro.acs]' package. Please check your configuration.
2023-03-22 14:47:29 INFO  main o.s.b.w.e.t.TomcatWebServer Tomcat initialized with port(s): 9257 (http)
2023-03-22 14:47:29 INFO  main o.a.c.h.Http11NioProtocol Initializing ProtocolHandler ["http-nio-9257"]
2023-03-22 14:47:29 INFO  main o.a.c.c.StandardService Starting service [Tomcat]
2023-03-22 14:47:29 INFO  main o.a.c.c.StandardEngine Starting Servlet engine: [Apache Tomcat/9.0.56]
2023-03-22 14:47:29 INFO  main o.a.c.c.C.[.[.[/]    Initializing Spring embedded WebApplicationContext
2023-03-22 14:47:29 INFO  main o.s.b.w.s.c.ServletWebServerApplicationContext Root WebApplicationContext: initialization completed in 2122 ms
2023-03-22 14:47:30 INFO  main c.w.a.c.Swagger3Config Swagger3接口文档地址: http://192.168.2.29:9257/swagger-ui.html
2023-03-22 14:47:30 INFO  main c.w.a.c.Swagger3Config Knife4j增强接口文档地址: http://192.168.2.29:9257/doc.html
2023-03-22 14:47:31 INFO  main c.a.d.s.b.a.DruidDataSourceAutoConfigure Init DruidDataSource
2023-03-22 14:47:32 INFO  main c.a.d.p.DruidDataSource {dataSource-1} inited
2023-03-22 14:47:34 INFO  main o.m.p.j.JmsPoolConnectionFactory Provided ConnectionFactory implementation is JMS 2.0+ capable.
2023-03-22 14:47:34 INFO  main o.a.c.h.Http11NioProtocol Starting ProtocolHandler ["http-nio-9257"]
2023-03-22 14:47:34 INFO  main o.s.b.w.e.t.TomcatWebServer Tomcat started on port(s): 9257 (http) with context path ''
2023-03-22 14:47:34 INFO  main c.w.a.GatewayApplication Started GatewayApplication in 8.107 seconds (JVM running for 10.505)
2023-03-22 14:47:34 INFO  main c.w.a.n.r.NettyTcpServer  TcpServer 正在启动
2023-03-22 14:47:34 INFO  main c.w.a.n.r.NettyTcpServer  TcpServer 使用nio模式
2023-03-22 14:47:35 INFO  main c.w.a.n.r.NettyTcpServer tcp server listened on /0:0:0:0:0:0:0:0:8008
2023-03-22 14:47:35 INFO  main c.w.a.n.r.NettyUdpServer  UdpServer 正在启动
2023-03-22 14:47:35 INFO  main c.w.a.n.r.NettyUdpServer  UdpServer 使用nio模式
2023-03-22 14:47:35 INFO  main c.w.a.n.r.NettyUdpServer udp server listened on /0:0:0:0:0:0:0:0:8108
2023-03-22 14:47:37 INFO  boss-7-1 c.w.a.n.c.UdpDeviceProtocolDecoder decoder 收到消息:DatagramPacket(/192.168.2.29:8101 => /0:0:0:0:0:0:0:0:8108, PooledUnsafeDirectByteBuf(ridx: 0, widx: 8, cap: 2048))
2023-03-22 14:47:37 INFO  boss-7-1 c.w.a.n.h.DeviceUdpHandler handler收到消息:DatagramPacket(/192.168.2.29:8101 => /0:0:0:0:0:0:0:0:8108, PooledUnsafeDirectByteBuf(freed))
2023-03-22 14:47:37 ERROR boss-7-1 c.w.a.n.h.DeviceUdpHandler 出现异常
io.netty.util.IllegalReferenceCountException: refCnt: 0, decrement: 1
	at io.netty.util.internal.ReferenceCountUpdater.toLiveRealRefCnt(ReferenceCountUpdater.java:74)
	at io.netty.util.internal.ReferenceCountUpdater.release(ReferenceCountUpdater.java:138)
	at io.netty.buffer.AbstractReferenceCountedByteBuf.release(AbstractReferenceCountedByteBuf.java:100)
	at io.netty.util.ReferenceCountUtil.release(ReferenceCountUtil.java:88)
	at io.netty.channel.DefaultAddressedEnvelope.release(DefaultAddressedEnvelope.java:99)
	at io.netty.util.ReferenceCountUtil.release(ReferenceCountUtil.java:88)
	at io.netty.channel.SimpleChannelInboundHandler.channelRead(SimpleChannelInboundHandler.java:106)
	at io.netty.channel.AbstractChannelHandlerContext.invokeChannelRead(AbstractChannelHandlerContext.java:379)
	at io.netty.channel.AbstractChannelHandlerContext.invokeChannelRead(AbstractChannelHandlerContext.java:365)
	at io.netty.channel.AbstractChannelHandlerContext.fireChannelRead(AbstractChannelHandlerContext.java:357)
	at io.netty.handler.codec.MessageToMessageDecoder.channelRead(MessageToMessageDecoder.java:103)
	at io.netty.channel.AbstractChannelHandlerContext.invokeChannelRead(AbstractChannelHandlerContext.java:379)
	at io.netty.channel.AbstractChannelHandlerContext.invokeChannelRead(AbstractChannelHandlerContext.java:365)
	at io.netty.channel.AbstractChannelHandlerContext.fireChannelRead(AbstractChannelHandlerContext.java:357)
	at io.netty.channel.DefaultChannelPipeline$HeadContext.channelRead(DefaultChannelPipeline.java:1410)
	at io.netty.channel.AbstractChannelHandlerContext.invokeChannelRead(AbstractChannelHandlerContext.java:379)
	at io.netty.channel.AbstractChannelHandlerContext.invokeChannelRead(AbstractChannelHandlerContext.java:365)
	at io.netty.channel.DefaultChannelPipeline.fireChannelRead(DefaultChannelPipeline.java:919)
	at io.netty.channel.nio.AbstractNioMessageChannel$NioMessageUnsafe.read(AbstractNioMessageChannel.java:93)
	at io.netty.channel.nio.NioEventLoop.processSelectedKey(NioEventLoop.java:714)
	at io.netty.channel.nio.NioEventLoop.processSelectedKeysOptimized(NioEventLoop.java:650)
	at io.netty.channel.nio.NioEventLoop.processSelectedKeys(NioEventLoop.java:576)
	at io.netty.channel.nio.NioEventLoop.run(NioEventLoop.java:493)
	at io.netty.util.concurrent.SingleThreadEventExecutor$4.run(SingleThreadEventExecutor.java:989)
	at io.netty.util.internal.ThreadExecutorMap$2.run(ThreadExecutorMap.java:74)
	at io.netty.util.concurrent.FastThreadLocalRunnable.run(FastThreadLocalRunnable.java:30)
	at java.base/java.lang.Thread.run(Thread.java:834)
2023-03-22 14:49:09 INFO  main c.w.a.GatewayApplication Starting GatewayApplication using Java 11.0.10 on DESKTOP-SPKKHPB with PID 15624 (D:\11_CG\00_code\CG_AccessControlService\target\classes started by ansen in D:\11_CG\00_code\CG_AccessControlService)
2023-03-22 14:49:09 INFO  background-preinit o.h.v.i.util.Version HV000001: Hibernate Validator 6.2.0.Final
2023-03-22 14:49:09 INFO  main c.w.a.GatewayApplication The following profiles are active: dev
2023-03-22 14:49:11 INFO  main o.s.d.r.c.RepositoryConfigurationDelegate Multiple Spring Data modules found, entering strict repository configuration mode!
2023-03-22 14:49:11 INFO  main o.s.d.r.c.RepositoryConfigurationDelegate Bootstrapping Spring Data Redis repositories in DEFAULT mode.
2023-03-22 14:49:11 INFO  main o.s.d.r.c.RepositoryConfigurationDelegate Finished Spring Data repository scanning in 21 ms. Found 0 Redis repository interfaces.
2023-03-22 14:49:11 WARN  main o.m.s.m.ClassPathMapperScanner No MyBatis mapper was found in '[com.wimetro.acs]' package. Please check your configuration.
2023-03-22 14:49:11 INFO  main o.s.b.w.e.t.TomcatWebServer Tomcat initialized with port(s): 9257 (http)
2023-03-22 14:49:11 INFO  main o.a.c.h.Http11NioProtocol Initializing ProtocolHandler ["http-nio-9257"]
2023-03-22 14:49:11 INFO  main o.a.c.c.StandardService Starting service [Tomcat]
2023-03-22 14:49:11 INFO  main o.a.c.c.StandardEngine Starting Servlet engine: [Apache Tomcat/9.0.56]
2023-03-22 14:49:12 INFO  main o.a.c.c.C.[.[.[/]    Initializing Spring embedded WebApplicationContext
2023-03-22 14:49:12 INFO  main o.s.b.w.s.c.ServletWebServerApplicationContext Root WebApplicationContext: initialization completed in 2161 ms
2023-03-22 14:49:12 INFO  main c.w.a.c.Swagger3Config Swagger3接口文档地址: http://192.168.2.29:9257/swagger-ui.html
2023-03-22 14:49:12 INFO  main c.w.a.c.Swagger3Config Knife4j增强接口文档地址: http://192.168.2.29:9257/doc.html
2023-03-22 14:49:14 INFO  main c.a.d.s.b.a.DruidDataSourceAutoConfigure Init DruidDataSource
2023-03-22 14:49:15 INFO  main c.a.d.p.DruidDataSource {dataSource-1} inited
2023-03-22 14:49:16 INFO  main o.m.p.j.JmsPoolConnectionFactory Provided ConnectionFactory implementation is JMS 2.0+ capable.
2023-03-22 14:49:16 INFO  main o.a.c.h.Http11NioProtocol Starting ProtocolHandler ["http-nio-9257"]
2023-03-22 14:49:16 INFO  main o.s.b.w.e.t.TomcatWebServer Tomcat started on port(s): 9257 (http) with context path ''
2023-03-22 14:49:17 INFO  main c.w.a.GatewayApplication Started GatewayApplication in 8.086 seconds (JVM running for 10.364)
2023-03-22 14:49:17 INFO  main c.w.a.n.r.NettyTcpServer  TcpServer 正在启动
2023-03-22 14:49:17 INFO  main c.w.a.n.r.NettyTcpServer  TcpServer 使用nio模式
2023-03-22 14:49:17 INFO  main c.w.a.n.r.NettyTcpServer tcp server listened on /0:0:0:0:0:0:0:0:8008
2023-03-22 14:49:17 INFO  main c.w.a.n.r.NettyUdpServer  UdpServer 正在启动
2023-03-22 14:49:17 INFO  main c.w.a.n.r.NettyUdpServer  UdpServer 使用nio模式
2023-03-22 14:49:17 INFO  main c.w.a.n.r.NettyUdpServer udp server listened on /0:0:0:0:0:0:0:0:8108
2023-03-22 14:49:23 INFO  boss-7-1 c.w.a.n.c.UdpDeviceProtocolDecoder decoder 收到消息:DatagramPacket(/192.168.2.29:8101 => /0:0:0:0:0:0:0:0:8108, PooledUnsafeDirectByteBuf(ridx: 0, widx: 8, cap: 2048))
2023-03-22 14:49:23 INFO  boss-7-1 c.w.a.n.h.DeviceUdpHandler handler收到消息:Message(messageHeader=null, messageBody=null)
2023-03-22 15:01:06 INFO  main c.w.a.GatewayApplication Starting GatewayApplication using Java 11.0.10 on DESKTOP-SPKKHPB with PID 43428 (D:\11_CG\00_code\CG_AccessControlService\target\classes started by ansen in D:\11_CG\00_code\CG_AccessControlService)
2023-03-22 15:01:06 INFO  background-preinit o.h.v.i.util.Version HV000001: Hibernate Validator 6.2.0.Final
2023-03-22 15:01:06 INFO  main c.w.a.GatewayApplication The following profiles are active: dev
2023-03-22 15:01:08 INFO  main o.s.d.r.c.RepositoryConfigurationDelegate Multiple Spring Data modules found, entering strict repository configuration mode!
2023-03-22 15:01:08 INFO  main o.s.d.r.c.RepositoryConfigurationDelegate Bootstrapping Spring Data Redis repositories in DEFAULT mode.
2023-03-22 15:01:08 INFO  main o.s.d.r.c.RepositoryConfigurationDelegate Finished Spring Data repository scanning in 19 ms. Found 0 Redis repository interfaces.
2023-03-22 15:01:08 WARN  main o.m.s.m.ClassPathMapperScanner No MyBatis mapper was found in '[com.wimetro.acs]' package. Please check your configuration.
2023-03-22 15:01:08 INFO  main o.s.b.w.e.t.TomcatWebServer Tomcat initialized with port(s): 9257 (http)
2023-03-22 15:01:08 INFO  main o.a.c.h.Http11NioProtocol Initializing ProtocolHandler ["http-nio-9257"]
2023-03-22 15:01:08 INFO  main o.a.c.c.StandardService Starting service [Tomcat]
2023-03-22 15:01:08 INFO  main o.a.c.c.StandardEngine Starting Servlet engine: [Apache Tomcat/9.0.56]
2023-03-22 15:01:08 INFO  main o.a.c.c.C.[.[.[/]    Initializing Spring embedded WebApplicationContext
2023-03-22 15:01:08 INFO  main o.s.b.w.s.c.ServletWebServerApplicationContext Root WebApplicationContext: initialization completed in 2178 ms
2023-03-22 15:01:09 INFO  main c.w.a.c.Swagger3Config Swagger3接口文档地址: http://192.168.2.29:9257/swagger-ui.html
2023-03-22 15:01:09 INFO  main c.w.a.c.Swagger3Config Knife4j增强接口文档地址: http://192.168.2.29:9257/doc.html
2023-03-22 15:01:11 INFO  main c.a.d.s.b.a.DruidDataSourceAutoConfigure Init DruidDataSource
2023-03-22 15:01:11 INFO  main c.a.d.p.DruidDataSource {dataSource-1} inited
2023-03-22 15:01:13 INFO  main o.m.p.j.JmsPoolConnectionFactory Provided ConnectionFactory implementation is JMS 2.0+ capable.
2023-03-22 15:01:14 INFO  main o.a.c.h.Http11NioProtocol Starting ProtocolHandler ["http-nio-9257"]
2023-03-22 15:01:14 INFO  main o.s.b.w.e.t.TomcatWebServer Tomcat started on port(s): 9257 (http) with context path ''
2023-03-22 15:01:14 INFO  main c.w.a.GatewayApplication Started GatewayApplication in 8.313 seconds (JVM running for 10.308)
2023-03-22 15:01:14 INFO  main c.w.a.n.r.NettyTcpServer  TcpServer 正在启动
2023-03-22 15:01:14 INFO  main c.w.a.n.r.NettyTcpServer  TcpServer 使用nio模式
2023-03-22 15:01:14 INFO  main c.w.a.n.r.NettyTcpServer tcp server listened on /0:0:0:0:0:0:0:0:8008
2023-03-22 15:01:14 INFO  main c.w.a.n.r.NettyUdpServer  UdpServer 正在启动
2023-03-22 15:01:14 INFO  main c.w.a.n.r.NettyUdpServer  UdpServer 使用nio模式
2023-03-22 15:01:14 INFO  main c.w.a.n.r.NettyUdpServer udp server listened on /0:0:0:0:0:0:0:0:8108
2023-03-22 15:01:23 INFO  boss-7-1 c.w.a.n.c.UdpDeviceDecoder decoder 收到消息:DatagramPacket(/192.168.2.29:8101 => /0:0:0:0:0:0:0:0:8108, PooledUnsafeDirectByteBuf(ridx: 0, widx: 8, cap: 2048))
2023-03-22 15:01:23 INFO  boss-7-1 c.w.a.n.c.UdpDeviceDecoder [UdpDeviceDecoder] bfaacabcb9e3b2a5
2023-03-22 15:01:23 ERROR boss-7-1 c.w.a.n.c.UdpDeviceDecoder [无法解析报文] - [bfaacabcb9e3b2a5]
2023-03-22 15:04:34 INFO  boss-7-1 c.w.a.n.c.UdpDeviceDecoder decoder 收到消息:DatagramPacket(/192.168.2.29:8101 => /0:0:0:0:0:0:0:0:8108, PooledUnsafeDirectByteBuf(ridx: 0, widx: 171, cap: 2048))
2023-03-22 15:04:34 INFO  boss-7-1 c.w.a.n.c.UdpDeviceDecoder [UdpDeviceDecoder] 7ebfbfaabb4d432d35393234543232313034393233ffffffff31fe00000000890018084220b6c0a80244ffffff00c0a802fe0000000000000000011f401fa52328c0a8021d00300000000000000000000000000000000000000000000000000000000000000000000000000000000000000000000000000000000000000000000000000000000000000000000000000000000000000000000000000000000000000000000000000000847e
2023-03-22 15:04:34 INFO  boss-7-1 c.w.a.p.m.Message    [decode] 转码 - [7ebfbfaabb4d432d35393234543232313034393233ffffffff31fe00000000890018084220b6c0a80244ffffff00c0a802fe0000000000000000011f401fa52328c0a8021d00300000000000000000000000000000000000000000000000000000000000000000000000000000000000000000000000000000000000000000000000000000000000000000000000000000000000000000000000000000000000000000000000000000847e]
2023-03-22 15:04:34 INFO  boss-7-1 c.w.a.p.m.Message    [decode] 校验失败 - [7ebfbfaabb4d432d35393234543232313034393233ffffffff31fe00000000890018084220b6c0a80244ffffff00c0a802fe0000000000000000011f401fa52328c0a8021d00300000000000000000000000000000000000000000000000000000000000000000000000000000000000000000000000000000000000000000000000000000000000000000000000000000000000000000000000000000000000000000000000000000847e]
2023-03-22 15:04:34 ERROR boss-7-1 c.w.a.n.c.UdpDeviceDecoder [无法解析报文] - [7ebfbfaabb4d432d35393234543232313034393233ffffffff31fe00000000890018084220b6c0a80244ffffff00c0a802fe0000000000000000011f401fa52328c0a8021d00300000000000000000000000000000000000000000000000000000000000000000000000000000000000000000000000000000000000000000000000000000000000000000000000000000000000000000000000000000000000000000000000000000847e]
2023-03-22 15:05:26 INFO  business-6-1 c.w.a.n.h.DeviceTcpHandler [连接成功] <- 192.168.2.29:53844
2023-03-22 15:05:29 INFO  worker-5-1 c.w.a.n.c.DeviceProtocolDecoder [device报文]bfbfaabb4d432d35393234543232313034393233ffffffff31fe00000000890018084220b6c0a80244ffffff00c0a802fe0000000000000000011f401fa52328c0a8021d0030000000000000000000000000000000000000000000000000000000000000000000000000000000000000000000000000000000000000000000000000000000000000000000000000000000000000000000000000000000000000000000000000000084
2023-03-22 15:05:29 INFO  worker-5-1 c.w.a.p.m.Message    [decode] 转码 - [bfbfaabb4d432d35393234543232313034393233ffffffff31fe00000000890018084220b6c0a80244ffffff00c0a802fe0000000000000000011f401fa52328c0a8021d0030000000000000000000000000000000000000000000000000000000000000000000000000000000000000000000000000000000000000000000000000000000000000000000000000000000000000000000000000000000000000000000000000000084]
2023-03-22 15:05:29 INFO  worker-5-1 c.w.a.p.m.Message    [decode]msgCode=31fe00
2023-03-22 15:05:29 INFO  worker-5-1 c.w.a.p.m.Message    解析结果：MessageHeader{streamId=3217009339, deviceSN='MC-5924T22104923', devicePwd='ffffffff', msgCode=0x31fe00, length=137(0x89)} - TcpParam(mac=0018084220b6, ip=192.168.2.68, mask=255.255.255.0, gateway=192.168.2.254, dns=0.0.0.0, altDns=0.0.0.0, tcpMode=1, tcpPort=8000, udpPort=8101, targetPort=9000, targetIp=192.168.2.29, autoIp=0, domain=0                                                                                                  )
2023-03-22 15:07:05 INFO  main c.w.a.GatewayApplication Starting GatewayApplication using Java 11.0.10 on DESKTOP-SPKKHPB with PID 42848 (D:\11_CG\00_code\CG_AccessControlService\target\classes started by ansen in D:\11_CG\00_code\CG_AccessControlService)
2023-03-22 15:07:05 INFO  main c.w.a.GatewayApplication The following profiles are active: dev
2023-03-22 15:07:05 INFO  background-preinit o.h.v.i.util.Version HV000001: Hibernate Validator 6.2.0.Final
2023-03-22 15:07:06 INFO  main o.s.d.r.c.RepositoryConfigurationDelegate Multiple Spring Data modules found, entering strict repository configuration mode!
2023-03-22 15:07:06 INFO  main o.s.d.r.c.RepositoryConfigurationDelegate Bootstrapping Spring Data Redis repositories in DEFAULT mode.
2023-03-22 15:07:06 INFO  main o.s.d.r.c.RepositoryConfigurationDelegate Finished Spring Data repository scanning in 19 ms. Found 0 Redis repository interfaces.
2023-03-22 15:07:06 WARN  main o.m.s.m.ClassPathMapperScanner No MyBatis mapper was found in '[com.wimetro.acs]' package. Please check your configuration.
2023-03-22 15:07:07 INFO  main o.s.b.w.e.t.TomcatWebServer Tomcat initialized with port(s): 9257 (http)
2023-03-22 15:07:07 INFO  main o.a.c.h.Http11NioProtocol Initializing ProtocolHandler ["http-nio-9257"]
2023-03-22 15:07:07 INFO  main o.a.c.c.StandardService Starting service [Tomcat]
2023-03-22 15:07:07 INFO  main o.a.c.c.StandardEngine Starting Servlet engine: [Apache Tomcat/9.0.56]
2023-03-22 15:07:07 INFO  main o.a.c.c.C.[.[.[/]    Initializing Spring embedded WebApplicationContext
2023-03-22 15:07:07 INFO  main o.s.b.w.s.c.ServletWebServerApplicationContext Root WebApplicationContext: initialization completed in 2198 ms
2023-03-22 15:07:08 INFO  main c.w.a.c.Swagger3Config Swagger3接口文档地址: http://192.168.2.29:9257/swagger-ui.html
2023-03-22 15:07:08 INFO  main c.w.a.c.Swagger3Config Knife4j增强接口文档地址: http://192.168.2.29:9257/doc.html
2023-03-22 15:07:09 INFO  main c.a.d.s.b.a.DruidDataSourceAutoConfigure Init DruidDataSource
2023-03-22 15:07:10 INFO  main c.a.d.p.DruidDataSource {dataSource-1} inited
2023-03-22 15:07:12 INFO  main o.m.p.j.JmsPoolConnectionFactory Provided ConnectionFactory implementation is JMS 2.0+ capable.
2023-03-22 15:07:12 INFO  main o.a.c.h.Http11NioProtocol Starting ProtocolHandler ["http-nio-9257"]
2023-03-22 15:07:12 INFO  main o.s.b.w.e.t.TomcatWebServer Tomcat started on port(s): 9257 (http) with context path ''
2023-03-22 15:07:12 INFO  main c.w.a.GatewayApplication Started GatewayApplication in 8.666 seconds (JVM running for 10.915)
2023-03-22 15:07:12 INFO  main c.w.a.n.r.NettyTcpServer  TcpServer 正在启动
2023-03-22 15:07:12 INFO  main c.w.a.n.r.NettyTcpServer  TcpServer 使用nio模式
2023-03-22 15:07:13 INFO  main c.w.a.n.r.NettyTcpServer tcp server listened on /0:0:0:0:0:0:0:0:8008
2023-03-22 15:07:13 INFO  main c.w.a.n.r.NettyUdpServer  UdpServer 正在启动
2023-03-22 15:07:13 INFO  main c.w.a.n.r.NettyUdpServer  UdpServer 使用nio模式
2023-03-22 15:07:13 INFO  main c.w.a.n.r.NettyUdpServer udp server listened on /0:0:0:0:0:0:0:0:8108
2023-03-22 15:07:34 INFO  boss-7-1 c.w.a.n.c.UdpDeviceDecoder decoder 收到消息:DatagramPacket(/192.168.2.29:8101 => /0:0:0:0:0:0:0:0:8108, PooledUnsafeDirectByteBuf(ridx: 0, widx: 171, cap: 2048))
2023-03-22 15:07:34 INFO  boss-7-1 c.w.a.n.c.UdpDeviceDecoder [UdpDeviceDecoder] bfbfaabb4d432d35393234543232313034393233ffffffff31fe00000000890018084220b6c0a80244ffffff00c0a802fe0000000000000000011f401fa52328c0a8021d0030000000000000000000000000000000000000000000000000000000000000000000000000000000000000000000000000000000000000000000000000000000000000000000000000000000000000000000000000000000000000000000000000000084
2023-03-22 15:07:34 INFO  boss-7-1 c.w.a.p.m.Message    [decode] 转码 - [bfbfaabb4d432d35393234543232313034393233ffffffff31fe00000000890018084220b6c0a80244ffffff00c0a802fe0000000000000000011f401fa52328c0a8021d0030000000000000000000000000000000000000000000000000000000000000000000000000000000000000000000000000000000000000000000000000000000000000000000000000000000000000000000000000000000000000000000000000000084]
2023-03-22 15:07:34 INFO  boss-7-1 c.w.a.p.m.Message    [decode]msgCode=31fe00
2023-03-22 15:07:34 INFO  boss-7-1 c.w.a.p.m.Message    解析结果：MessageHeader{streamId=3217009339, deviceSN='MC-5924T22104923', devicePwd='ffffffff', msgCode=0x31fe00, length=137(0x89)} - TcpParam(mac=0018084220b6, ip=192.168.2.68, mask=255.255.255.0, gateway=192.168.2.254, dns=0.0.0.0, altDns=0.0.0.0, tcpMode=1, tcpPort=8000, udpPort=8101, targetPort=9000, targetIp=192.168.2.29, autoIp=0, domain=0                                                                                                  )
2023-03-22 15:07:34 INFO  boss-7-1 c.w.a.n.h.DeviceUdpHandler handler收到消息:Message(messageHeader=MessageHeader{streamId=3217009339, deviceSN='MC-5924T22104923', devicePwd='ffffffff', msgCode=0x31fe00, length=137(0x89)}, messageBody=TcpParam(mac=0018084220b6, ip=192.168.2.68, mask=255.255.255.0, gateway=192.168.2.254, dns=0.0.0.0, altDns=0.0.0.0, tcpMode=1, tcpPort=8000, udpPort=8101, targetPort=9000, targetIp=192.168.2.29, autoIp=0, domain=0                                                                                                  ))
2023-03-22 15:37:09 INFO  boss-7-1 c.w.a.n.c.UdpDeviceDecoder decoder 收到消息:DatagramPacket(/192.168.2.29:60082 => /0:0:0:0:0:0:0:0:8108, PooledUnsafeDirectByteBuf(ridx: 0, widx: 36, cap: 2048))
2023-03-22 15:37:09 INFO  boss-7-1 c.w.a.n.c.UdpDeviceDecoder [UdpDeviceDecoder] 30303030303030303030303030303030ffffffffbfbfaabb01fe0000000002ef4615
2023-03-22 15:37:09 INFO  boss-7-1 c.w.a.p.m.Message    [decode] 转码 - [30303030303030303030303030303030ffffffffbfbfaabb01fe0000000002ef4615]
2023-03-22 15:37:09 INFO  boss-7-1 c.w.a.p.m.Message    [decode]msgCode=01fe00
2023-03-22 15:37:09 ERROR boss-7-1 c.w.a.n.h.DeviceUdpHandler 出现异常
java.lang.AssertionError: no found type
	at com.wimetro.acs.protocol.message.OperationType.getOperationType(OperationType.java:55)
	at com.wimetro.acs.protocol.message.OperationType.fromOpCode(OperationType.java:40)
	at com.wimetro.acs.protocol.message.DeviceMessage.getMessageBodyDecodeClass(DeviceMessage.java:14)
	at com.wimetro.acs.protocol.message.Message.decodeMsgBody(Message.java:160)
	at com.wimetro.acs.protocol.message.Message.decode(Message.java:146)
	at com.wimetro.acs.netty.codec.UdpDeviceDecoder.decode(UdpDeviceDecoder.java:38)
	at com.wimetro.acs.netty.codec.UdpDeviceDecoder.decode(UdpDeviceDecoder.java:19)
	at io.netty.handler.codec.MessageToMessageDecoder.channelRead(MessageToMessageDecoder.java:88)
	at io.netty.channel.AbstractChannelHandlerContext.invokeChannelRead(AbstractChannelHandlerContext.java:379)
	at io.netty.channel.AbstractChannelHandlerContext.invokeChannelRead(AbstractChannelHandlerContext.java:365)
	at io.netty.channel.AbstractChannelHandlerContext.fireChannelRead(AbstractChannelHandlerContext.java:357)
	at io.netty.channel.DefaultChannelPipeline$HeadContext.channelRead(DefaultChannelPipeline.java:1410)
	at io.netty.channel.AbstractChannelHandlerContext.invokeChannelRead(AbstractChannelHandlerContext.java:379)
	at io.netty.channel.AbstractChannelHandlerContext.invokeChannelRead(AbstractChannelHandlerContext.java:365)
	at io.netty.channel.DefaultChannelPipeline.fireChannelRead(DefaultChannelPipeline.java:919)
	at io.netty.channel.nio.AbstractNioMessageChannel$NioMessageUnsafe.read(AbstractNioMessageChannel.java:93)
	at io.netty.channel.nio.NioEventLoop.processSelectedKey(NioEventLoop.java:714)
	at io.netty.channel.nio.NioEventLoop.processSelectedKeysOptimized(NioEventLoop.java:650)
	at io.netty.channel.nio.NioEventLoop.processSelectedKeys(NioEventLoop.java:576)
	at io.netty.channel.nio.NioEventLoop.run(NioEventLoop.java:493)
	at io.netty.util.concurrent.SingleThreadEventExecutor$4.run(SingleThreadEventExecutor.java:989)
	at io.netty.util.internal.ThreadExecutorMap$2.run(ThreadExecutorMap.java:74)
	at io.netty.util.concurrent.FastThreadLocalRunnable.run(FastThreadLocalRunnable.java:30)
	at java.base/java.lang.Thread.run(Thread.java:834)
2023-03-22 15:37:12 INFO  boss-7-1 c.w.a.n.c.UdpDeviceDecoder decoder 收到消息:DatagramPacket(/192.168.2.29:60082 => /0:0:0:0:0:0:0:0:8108, PooledUnsafeDirectByteBuf(ridx: 0, widx: 36, cap: 2048))
2023-03-22 15:37:12 INFO  boss-7-1 c.w.a.n.c.UdpDeviceDecoder [UdpDeviceDecoder] 30303030303030303030303030303030ffffffffbfbfaabb01fe0000000002ef4615
2023-03-22 15:37:12 INFO  boss-7-1 c.w.a.p.m.Message    [decode] 转码 - [30303030303030303030303030303030ffffffffbfbfaabb01fe0000000002ef4615]
2023-03-22 15:37:12 INFO  boss-7-1 c.w.a.p.m.Message    [decode]msgCode=01fe00
2023-03-22 15:37:12 ERROR boss-7-1 c.w.a.n.h.DeviceUdpHandler 出现异常
java.lang.AssertionError: no found type
	at com.wimetro.acs.protocol.message.OperationType.getOperationType(OperationType.java:55)
	at com.wimetro.acs.protocol.message.OperationType.fromOpCode(OperationType.java:40)
	at com.wimetro.acs.protocol.message.DeviceMessage.getMessageBodyDecodeClass(DeviceMessage.java:14)
	at com.wimetro.acs.protocol.message.Message.decodeMsgBody(Message.java:160)
	at com.wimetro.acs.protocol.message.Message.decode(Message.java:146)
	at com.wimetro.acs.netty.codec.UdpDeviceDecoder.decode(UdpDeviceDecoder.java:38)
	at com.wimetro.acs.netty.codec.UdpDeviceDecoder.decode(UdpDeviceDecoder.java:19)
	at io.netty.handler.codec.MessageToMessageDecoder.channelRead(MessageToMessageDecoder.java:88)
	at io.netty.channel.AbstractChannelHandlerContext.invokeChannelRead(AbstractChannelHandlerContext.java:379)
	at io.netty.channel.AbstractChannelHandlerContext.invokeChannelRead(AbstractChannelHandlerContext.java:365)
	at io.netty.channel.AbstractChannelHandlerContext.fireChannelRead(AbstractChannelHandlerContext.java:357)
	at io.netty.channel.DefaultChannelPipeline$HeadContext.channelRead(DefaultChannelPipeline.java:1410)
	at io.netty.channel.AbstractChannelHandlerContext.invokeChannelRead(AbstractChannelHandlerContext.java:379)
	at io.netty.channel.AbstractChannelHandlerContext.invokeChannelRead(AbstractChannelHandlerContext.java:365)
	at io.netty.channel.DefaultChannelPipeline.fireChannelRead(DefaultChannelPipeline.java:919)
	at io.netty.channel.nio.AbstractNioMessageChannel$NioMessageUnsafe.read(AbstractNioMessageChannel.java:93)
	at io.netty.channel.nio.NioEventLoop.processSelectedKey(NioEventLoop.java:714)
	at io.netty.channel.nio.NioEventLoop.processSelectedKeysOptimized(NioEventLoop.java:650)
	at io.netty.channel.nio.NioEventLoop.processSelectedKeys(NioEventLoop.java:576)
	at io.netty.channel.nio.NioEventLoop.run(NioEventLoop.java:493)
	at io.netty.util.concurrent.SingleThreadEventExecutor$4.run(SingleThreadEventExecutor.java:989)
	at io.netty.util.internal.ThreadExecutorMap$2.run(ThreadExecutorMap.java:74)
	at io.netty.util.concurrent.FastThreadLocalRunnable.run(FastThreadLocalRunnable.java:30)
	at java.base/java.lang.Thread.run(Thread.java:834)
2023-03-22 15:37:15 INFO  boss-7-1 c.w.a.n.c.UdpDeviceDecoder decoder 收到消息:DatagramPacket(/192.168.2.29:60082 => /0:0:0:0:0:0:0:0:8108, PooledUnsafeDirectByteBuf(ridx: 0, widx: 36, cap: 2048))
2023-03-22 15:37:15 INFO  boss-7-1 c.w.a.n.c.UdpDeviceDecoder [UdpDeviceDecoder] 30303030303030303030303030303030ffffffffbfbfaabb01fe0000000002ef4615
2023-03-22 15:37:15 INFO  boss-7-1 c.w.a.p.m.Message    [decode] 转码 - [30303030303030303030303030303030ffffffffbfbfaabb01fe0000000002ef4615]
2023-03-22 15:37:15 INFO  boss-7-1 c.w.a.p.m.Message    [decode]msgCode=01fe00
2023-03-22 15:37:15 ERROR boss-7-1 c.w.a.n.h.DeviceUdpHandler 出现异常
java.lang.AssertionError: no found type
	at com.wimetro.acs.protocol.message.OperationType.getOperationType(OperationType.java:55)
	at com.wimetro.acs.protocol.message.OperationType.fromOpCode(OperationType.java:40)
	at com.wimetro.acs.protocol.message.DeviceMessage.getMessageBodyDecodeClass(DeviceMessage.java:14)
	at com.wimetro.acs.protocol.message.Message.decodeMsgBody(Message.java:160)
	at com.wimetro.acs.protocol.message.Message.decode(Message.java:146)
	at com.wimetro.acs.netty.codec.UdpDeviceDecoder.decode(UdpDeviceDecoder.java:38)
	at com.wimetro.acs.netty.codec.UdpDeviceDecoder.decode(UdpDeviceDecoder.java:19)
	at io.netty.handler.codec.MessageToMessageDecoder.channelRead(MessageToMessageDecoder.java:88)
	at io.netty.channel.AbstractChannelHandlerContext.invokeChannelRead(AbstractChannelHandlerContext.java:379)
	at io.netty.channel.AbstractChannelHandlerContext.invokeChannelRead(AbstractChannelHandlerContext.java:365)
	at io.netty.channel.AbstractChannelHandlerContext.fireChannelRead(AbstractChannelHandlerContext.java:357)
	at io.netty.channel.DefaultChannelPipeline$HeadContext.channelRead(DefaultChannelPipeline.java:1410)
	at io.netty.channel.AbstractChannelHandlerContext.invokeChannelRead(AbstractChannelHandlerContext.java:379)
	at io.netty.channel.AbstractChannelHandlerContext.invokeChannelRead(AbstractChannelHandlerContext.java:365)
	at io.netty.channel.DefaultChannelPipeline.fireChannelRead(DefaultChannelPipeline.java:919)
	at io.netty.channel.nio.AbstractNioMessageChannel$NioMessageUnsafe.read(AbstractNioMessageChannel.java:93)
	at io.netty.channel.nio.NioEventLoop.processSelectedKey(NioEventLoop.java:714)
	at io.netty.channel.nio.NioEventLoop.processSelectedKeysOptimized(NioEventLoop.java:650)
	at io.netty.channel.nio.NioEventLoop.processSelectedKeys(NioEventLoop.java:576)
	at io.netty.channel.nio.NioEventLoop.run(NioEventLoop.java:493)
	at io.netty.util.concurrent.SingleThreadEventExecutor$4.run(SingleThreadEventExecutor.java:989)
	at io.netty.util.internal.ThreadExecutorMap$2.run(ThreadExecutorMap.java:74)
	at io.netty.util.concurrent.FastThreadLocalRunnable.run(FastThreadLocalRunnable.java:30)
	at java.base/java.lang.Thread.run(Thread.java:834)
2023-03-22 15:37:18 INFO  boss-7-1 c.w.a.n.c.UdpDeviceDecoder decoder 收到消息:DatagramPacket(/192.168.2.29:60082 => /0:0:0:0:0:0:0:0:8108, PooledUnsafeDirectByteBuf(ridx: 0, widx: 36, cap: 2048))
2023-03-22 15:37:18 INFO  boss-7-1 c.w.a.n.c.UdpDeviceDecoder [UdpDeviceDecoder] 30303030303030303030303030303030ffffffffbfbfaabb01fe0000000002ef4615
2023-03-22 15:37:18 INFO  boss-7-1 c.w.a.p.m.Message    [decode] 转码 - [30303030303030303030303030303030ffffffffbfbfaabb01fe0000000002ef4615]
2023-03-22 15:37:18 INFO  boss-7-1 c.w.a.p.m.Message    [decode]msgCode=01fe00
2023-03-22 15:37:18 ERROR boss-7-1 c.w.a.n.h.DeviceUdpHandler 出现异常
java.lang.AssertionError: no found type
	at com.wimetro.acs.protocol.message.OperationType.getOperationType(OperationType.java:55)
	at com.wimetro.acs.protocol.message.OperationType.fromOpCode(OperationType.java:40)
	at com.wimetro.acs.protocol.message.DeviceMessage.getMessageBodyDecodeClass(DeviceMessage.java:14)
	at com.wimetro.acs.protocol.message.Message.decodeMsgBody(Message.java:160)
	at com.wimetro.acs.protocol.message.Message.decode(Message.java:146)
	at com.wimetro.acs.netty.codec.UdpDeviceDecoder.decode(UdpDeviceDecoder.java:38)
	at com.wimetro.acs.netty.codec.UdpDeviceDecoder.decode(UdpDeviceDecoder.java:19)
	at io.netty.handler.codec.MessageToMessageDecoder.channelRead(MessageToMessageDecoder.java:88)
	at io.netty.channel.AbstractChannelHandlerContext.invokeChannelRead(AbstractChannelHandlerContext.java:379)
	at io.netty.channel.AbstractChannelHandlerContext.invokeChannelRead(AbstractChannelHandlerContext.java:365)
	at io.netty.channel.AbstractChannelHandlerContext.fireChannelRead(AbstractChannelHandlerContext.java:357)
	at io.netty.channel.DefaultChannelPipeline$HeadContext.channelRead(DefaultChannelPipeline.java:1410)
	at io.netty.channel.AbstractChannelHandlerContext.invokeChannelRead(AbstractChannelHandlerContext.java:379)
	at io.netty.channel.AbstractChannelHandlerContext.invokeChannelRead(AbstractChannelHandlerContext.java:365)
	at io.netty.channel.DefaultChannelPipeline.fireChannelRead(DefaultChannelPipeline.java:919)
	at io.netty.channel.nio.AbstractNioMessageChannel$NioMessageUnsafe.read(AbstractNioMessageChannel.java:93)
	at io.netty.channel.nio.NioEventLoop.processSelectedKey(NioEventLoop.java:714)
	at io.netty.channel.nio.NioEventLoop.processSelectedKeysOptimized(NioEventLoop.java:650)
	at io.netty.channel.nio.NioEventLoop.processSelectedKeys(NioEventLoop.java:576)
	at io.netty.channel.nio.NioEventLoop.run(NioEventLoop.java:493)
	at io.netty.util.concurrent.SingleThreadEventExecutor$4.run(SingleThreadEventExecutor.java:989)
	at io.netty.util.internal.ThreadExecutorMap$2.run(ThreadExecutorMap.java:74)
	at io.netty.util.concurrent.FastThreadLocalRunnable.run(FastThreadLocalRunnable.java:30)
	at java.base/java.lang.Thread.run(Thread.java:834)
2023-03-22 15:37:21 INFO  boss-7-1 c.w.a.n.c.UdpDeviceDecoder decoder 收到消息:DatagramPacket(/192.168.2.29:60082 => /0:0:0:0:0:0:0:0:8108, SimpleLeakAwareByteBuf(PooledUnsafeDirectByteBuf(ridx: 0, widx: 36, cap: 2048)))
2023-03-22 15:37:21 INFO  boss-7-1 c.w.a.n.c.UdpDeviceDecoder [UdpDeviceDecoder] 30303030303030303030303030303030ffffffffbfbfaabb01fe0000000002ef4615
2023-03-22 15:37:21 INFO  boss-7-1 c.w.a.p.m.Message    [decode] 转码 - [30303030303030303030303030303030ffffffffbfbfaabb01fe0000000002ef4615]
2023-03-22 15:37:21 INFO  boss-7-1 c.w.a.p.m.Message    [decode]msgCode=01fe00
2023-03-22 15:37:21 ERROR boss-7-1 c.w.a.n.h.DeviceUdpHandler 出现异常
java.lang.AssertionError: no found type
	at com.wimetro.acs.protocol.message.OperationType.getOperationType(OperationType.java:55)
	at com.wimetro.acs.protocol.message.OperationType.fromOpCode(OperationType.java:40)
	at com.wimetro.acs.protocol.message.DeviceMessage.getMessageBodyDecodeClass(DeviceMessage.java:14)
	at com.wimetro.acs.protocol.message.Message.decodeMsgBody(Message.java:160)
	at com.wimetro.acs.protocol.message.Message.decode(Message.java:146)
	at com.wimetro.acs.netty.codec.UdpDeviceDecoder.decode(UdpDeviceDecoder.java:38)
	at com.wimetro.acs.netty.codec.UdpDeviceDecoder.decode(UdpDeviceDecoder.java:19)
	at io.netty.handler.codec.MessageToMessageDecoder.channelRead(MessageToMessageDecoder.java:88)
	at io.netty.channel.AbstractChannelHandlerContext.invokeChannelRead(AbstractChannelHandlerContext.java:379)
	at io.netty.channel.AbstractChannelHandlerContext.invokeChannelRead(AbstractChannelHandlerContext.java:365)
	at io.netty.channel.AbstractChannelHandlerContext.fireChannelRead(AbstractChannelHandlerContext.java:357)
	at io.netty.channel.DefaultChannelPipeline$HeadContext.channelRead(DefaultChannelPipeline.java:1410)
	at io.netty.channel.AbstractChannelHandlerContext.invokeChannelRead(AbstractChannelHandlerContext.java:379)
	at io.netty.channel.AbstractChannelHandlerContext.invokeChannelRead(AbstractChannelHandlerContext.java:365)
	at io.netty.channel.DefaultChannelPipeline.fireChannelRead(DefaultChannelPipeline.java:919)
	at io.netty.channel.nio.AbstractNioMessageChannel$NioMessageUnsafe.read(AbstractNioMessageChannel.java:93)
	at io.netty.channel.nio.NioEventLoop.processSelectedKey(NioEventLoop.java:714)
	at io.netty.channel.nio.NioEventLoop.processSelectedKeysOptimized(NioEventLoop.java:650)
	at io.netty.channel.nio.NioEventLoop.processSelectedKeys(NioEventLoop.java:576)
	at io.netty.channel.nio.NioEventLoop.run(NioEventLoop.java:493)
	at io.netty.util.concurrent.SingleThreadEventExecutor$4.run(SingleThreadEventExecutor.java:989)
	at io.netty.util.internal.ThreadExecutorMap$2.run(ThreadExecutorMap.java:74)
	at io.netty.util.concurrent.FastThreadLocalRunnable.run(FastThreadLocalRunnable.java:30)
	at java.base/java.lang.Thread.run(Thread.java:834)
2023-03-22 15:37:25 INFO  boss-7-1 c.w.a.n.c.UdpDeviceDecoder decoder 收到消息:DatagramPacket(/192.168.2.29:60082 => /0:0:0:0:0:0:0:0:8108, PooledUnsafeDirectByteBuf(ridx: 0, widx: 36, cap: 2048))
2023-03-22 15:37:25 INFO  boss-7-1 c.w.a.n.c.UdpDeviceDecoder [UdpDeviceDecoder] 30303030303030303030303030303030ffffffffbfbfaabb01fe0000000002ef4615
2023-03-22 15:37:25 INFO  boss-7-1 c.w.a.p.m.Message    [decode] 转码 - [30303030303030303030303030303030ffffffffbfbfaabb01fe0000000002ef4615]
2023-03-22 15:37:25 INFO  boss-7-1 c.w.a.p.m.Message    [decode]msgCode=01fe00
2023-03-22 15:37:25 ERROR boss-7-1 c.w.a.n.h.DeviceUdpHandler 出现异常
java.lang.AssertionError: no found type
	at com.wimetro.acs.protocol.message.OperationType.getOperationType(OperationType.java:55)
	at com.wimetro.acs.protocol.message.OperationType.fromOpCode(OperationType.java:40)
	at com.wimetro.acs.protocol.message.DeviceMessage.getMessageBodyDecodeClass(DeviceMessage.java:14)
	at com.wimetro.acs.protocol.message.Message.decodeMsgBody(Message.java:160)
	at com.wimetro.acs.protocol.message.Message.decode(Message.java:146)
	at com.wimetro.acs.netty.codec.UdpDeviceDecoder.decode(UdpDeviceDecoder.java:38)
	at com.wimetro.acs.netty.codec.UdpDeviceDecoder.decode(UdpDeviceDecoder.java:19)
	at io.netty.handler.codec.MessageToMessageDecoder.channelRead(MessageToMessageDecoder.java:88)
	at io.netty.channel.AbstractChannelHandlerContext.invokeChannelRead(AbstractChannelHandlerContext.java:379)
	at io.netty.channel.AbstractChannelHandlerContext.invokeChannelRead(AbstractChannelHandlerContext.java:365)
	at io.netty.channel.AbstractChannelHandlerContext.fireChannelRead(AbstractChannelHandlerContext.java:357)
	at io.netty.channel.DefaultChannelPipeline$HeadContext.channelRead(DefaultChannelPipeline.java:1410)
	at io.netty.channel.AbstractChannelHandlerContext.invokeChannelRead(AbstractChannelHandlerContext.java:379)
	at io.netty.channel.AbstractChannelHandlerContext.invokeChannelRead(AbstractChannelHandlerContext.java:365)
	at io.netty.channel.DefaultChannelPipeline.fireChannelRead(DefaultChannelPipeline.java:919)
	at io.netty.channel.nio.AbstractNioMessageChannel$NioMessageUnsafe.read(AbstractNioMessageChannel.java:93)
	at io.netty.channel.nio.NioEventLoop.processSelectedKey(NioEventLoop.java:714)
	at io.netty.channel.nio.NioEventLoop.processSelectedKeysOptimized(NioEventLoop.java:650)
	at io.netty.channel.nio.NioEventLoop.processSelectedKeys(NioEventLoop.java:576)
	at io.netty.channel.nio.NioEventLoop.run(NioEventLoop.java:493)
	at io.netty.util.concurrent.SingleThreadEventExecutor$4.run(SingleThreadEventExecutor.java:989)
	at io.netty.util.internal.ThreadExecutorMap$2.run(ThreadExecutorMap.java:74)
	at io.netty.util.concurrent.FastThreadLocalRunnable.run(FastThreadLocalRunnable.java:30)
	at java.base/java.lang.Thread.run(Thread.java:834)
2023-03-22 16:16:53 INFO  main c.w.a.GatewayApplication Starting GatewayApplication using Java 11.0.10 on DESKTOP-SPKKHPB with PID 34716 (D:\11_CG\00_code\CG_AccessControlService\target\classes started by ansen in D:\11_CG\00_code\CG_AccessControlService)
2023-03-22 16:16:53 INFO  background-preinit o.h.v.i.util.Version HV000001: Hibernate Validator 6.2.0.Final
2023-03-22 16:16:53 INFO  main c.w.a.GatewayApplication The following profiles are active: dev
2023-03-22 16:16:55 INFO  main o.s.d.r.c.RepositoryConfigurationDelegate Multiple Spring Data modules found, entering strict repository configuration mode!
2023-03-22 16:16:55 INFO  main o.s.d.r.c.RepositoryConfigurationDelegate Bootstrapping Spring Data Redis repositories in DEFAULT mode.
2023-03-22 16:16:55 INFO  main o.s.d.r.c.RepositoryConfigurationDelegate Finished Spring Data repository scanning in 20 ms. Found 0 Redis repository interfaces.
2023-03-22 16:16:55 WARN  main o.m.s.m.ClassPathMapperScanner No MyBatis mapper was found in '[com.wimetro.acs]' package. Please check your configuration.
2023-03-22 16:16:56 INFO  main o.s.b.w.e.t.TomcatWebServer Tomcat initialized with port(s): 9257 (http)
2023-03-22 16:16:56 INFO  main o.a.c.h.Http11NioProtocol Initializing ProtocolHandler ["http-nio-9257"]
2023-03-22 16:16:56 INFO  main o.a.c.c.StandardService Starting service [Tomcat]
2023-03-22 16:16:56 INFO  main o.a.c.c.StandardEngine Starting Servlet engine: [Apache Tomcat/9.0.56]
2023-03-22 16:16:56 INFO  main o.a.c.c.C.[.[.[/]    Initializing Spring embedded WebApplicationContext
2023-03-22 16:16:56 INFO  main o.s.b.w.s.c.ServletWebServerApplicationContext Root WebApplicationContext: initialization completed in 2307 ms
2023-03-22 16:16:56 INFO  main c.w.a.c.Swagger3Config Swagger3接口文档地址: http://192.168.2.29:9257/swagger-ui.html
2023-03-22 16:16:56 INFO  main c.w.a.c.Swagger3Config Knife4j增强接口文档地址: http://192.168.2.29:9257/doc.html
2023-03-22 16:16:58 INFO  main c.a.d.s.b.a.DruidDataSourceAutoConfigure Init DruidDataSource
2023-03-22 16:16:59 INFO  main c.a.d.p.DruidDataSource {dataSource-1} inited
2023-03-22 16:17:00 INFO  main o.m.p.j.JmsPoolConnectionFactory Provided ConnectionFactory implementation is JMS 2.0+ capable.
2023-03-22 16:17:01 INFO  main o.a.c.h.Http11NioProtocol Starting ProtocolHandler ["http-nio-9257"]
2023-03-22 16:17:01 INFO  main o.s.b.w.e.t.TomcatWebServer Tomcat started on port(s): 9257 (http) with context path ''
2023-03-22 16:17:01 INFO  main c.w.a.GatewayApplication Started GatewayApplication in 8.385 seconds (JVM running for 10.882)
2023-03-22 16:17:01 INFO  main c.w.a.n.r.NettyTcpServer  TcpServer 正在启动
2023-03-22 16:17:01 INFO  main c.w.a.n.r.NettyTcpServer  TcpServer 使用nio模式
2023-03-22 16:17:01 INFO  main c.w.a.n.r.NettyTcpServer tcp server listened on /0:0:0:0:0:0:0:0:8008
2023-03-22 16:17:01 INFO  main c.w.a.n.r.NettyUdpServer  UdpServer 正在启动
2023-03-22 16:17:01 INFO  main c.w.a.n.r.NettyUdpServer  UdpServer 使用nio模式
2023-03-22 16:17:01 INFO  main c.w.a.n.r.NettyUdpServer udp server listened on /0:0:0:0:0:0:0:0:8108
2023-03-22 16:17:37 INFO  main c.w.a.GatewayApplication Starting GatewayApplication using Java 11.0.10 on DESKTOP-SPKKHPB with PID 44512 (D:\11_CG\00_code\CG_AccessControlService\target\classes started by ansen in D:\11_CG\00_code\CG_AccessControlService)
2023-03-22 16:17:37 INFO  background-preinit o.h.v.i.util.Version HV000001: Hibernate Validator 6.2.0.Final
2023-03-22 16:17:37 INFO  main c.w.a.GatewayApplication The following profiles are active: dev
2023-03-22 16:17:38 INFO  main o.s.d.r.c.RepositoryConfigurationDelegate Multiple Spring Data modules found, entering strict repository configuration mode!
2023-03-22 16:17:38 INFO  main o.s.d.r.c.RepositoryConfigurationDelegate Bootstrapping Spring Data Redis repositories in DEFAULT mode.
2023-03-22 16:17:38 INFO  main o.s.d.r.c.RepositoryConfigurationDelegate Finished Spring Data repository scanning in 14 ms. Found 0 Redis repository interfaces.
2023-03-22 16:17:38 WARN  main o.m.s.m.ClassPathMapperScanner No MyBatis mapper was found in '[com.wimetro.acs]' package. Please check your configuration.
2023-03-22 16:17:38 INFO  main o.s.b.w.e.t.TomcatWebServer Tomcat initialized with port(s): 9257 (http)
2023-03-22 16:17:38 INFO  main o.a.c.h.Http11NioProtocol Initializing ProtocolHandler ["http-nio-9257"]
2023-03-22 16:17:38 INFO  main o.a.c.c.StandardService Starting service [Tomcat]
2023-03-22 16:17:38 INFO  main o.a.c.c.StandardEngine Starting Servlet engine: [Apache Tomcat/9.0.56]
2023-03-22 16:17:38 INFO  main o.a.c.c.C.[.[.[/]    Initializing Spring embedded WebApplicationContext
2023-03-22 16:17:38 INFO  main o.s.b.w.s.c.ServletWebServerApplicationContext Root WebApplicationContext: initialization completed in 1244 ms
2023-03-22 16:17:39 INFO  main c.w.a.c.Swagger3Config Swagger3接口文档地址: http://192.168.2.29:9257/swagger-ui.html
2023-03-22 16:17:39 INFO  main c.w.a.c.Swagger3Config Knife4j增强接口文档地址: http://192.168.2.29:9257/doc.html
2023-03-22 16:17:40 INFO  main c.a.d.s.b.a.DruidDataSourceAutoConfigure Init DruidDataSource
2023-03-22 16:17:41 INFO  main c.a.d.p.DruidDataSource {dataSource-1} inited
2023-03-22 16:17:43 INFO  main o.m.p.j.JmsPoolConnectionFactory Provided ConnectionFactory implementation is JMS 2.0+ capable.
2023-03-22 16:17:43 INFO  main o.a.c.h.Http11NioProtocol Starting ProtocolHandler ["http-nio-9257"]
2023-03-22 16:17:43 INFO  main o.s.b.w.e.t.TomcatWebServer Tomcat started on port(s): 9257 (http) with context path ''
2023-03-22 16:17:43 INFO  main c.w.a.GatewayApplication Started GatewayApplication in 6.555 seconds (JVM running for 7.802)
2023-03-22 16:17:43 INFO  main c.w.a.n.r.NettyTcpServer  TcpServer 正在启动
2023-03-22 16:17:43 INFO  main c.w.a.n.r.NettyTcpServer  TcpServer 使用nio模式
2023-03-22 16:17:44 INFO  main c.w.a.n.r.NettyTcpServer tcp server listened on /0:0:0:0:0:0:0:0:8008
2023-03-22 16:17:44 INFO  main c.w.a.n.r.NettyUdpServer  UdpServer 正在启动
2023-03-22 16:17:44 INFO  main c.w.a.n.r.NettyUdpServer  UdpServer 使用nio模式
2023-03-22 16:17:44 INFO  main c.w.a.n.r.NettyUdpServer udp server listened on /0:0:0:0:0:0:0:0:8108
2023-03-22 17:00:03 INFO  main c.w.a.GatewayApplication Starting GatewayApplication using Java 11.0.10 on DESKTOP-SPKKHPB with PID 43528 (D:\11_CG\00_code\CG_AccessControlService\target\classes started by ansen in D:\11_CG\00_code\CG_AccessControlService)
2023-03-22 17:00:03 INFO  background-preinit o.h.v.i.util.Version HV000001: Hibernate Validator 6.2.0.Final
2023-03-22 17:00:03 INFO  main c.w.a.GatewayApplication The following profiles are active: dev
2023-03-22 17:00:04 INFO  main o.s.d.r.c.RepositoryConfigurationDelegate Multiple Spring Data modules found, entering strict repository configuration mode!
2023-03-22 17:00:04 INFO  main o.s.d.r.c.RepositoryConfigurationDelegate Bootstrapping Spring Data Redis repositories in DEFAULT mode.
2023-03-22 17:00:04 INFO  main o.s.d.r.c.RepositoryConfigurationDelegate Finished Spring Data repository scanning in 18 ms. Found 0 Redis repository interfaces.
2023-03-22 17:00:04 WARN  main o.m.s.m.ClassPathMapperScanner No MyBatis mapper was found in '[com.wimetro.acs]' package. Please check your configuration.
2023-03-22 17:00:05 INFO  main o.s.b.w.e.t.TomcatWebServer Tomcat initialized with port(s): 9257 (http)
2023-03-22 17:00:05 INFO  main o.a.c.h.Http11NioProtocol Initializing ProtocolHandler ["http-nio-9257"]
2023-03-22 17:00:05 INFO  main o.a.c.c.StandardService Starting service [Tomcat]
2023-03-22 17:00:05 INFO  main o.a.c.c.StandardEngine Starting Servlet engine: [Apache Tomcat/9.0.56]
2023-03-22 17:00:05 INFO  main o.a.c.c.C.[.[.[/]    Initializing Spring embedded WebApplicationContext
2023-03-22 17:00:05 INFO  main o.s.b.w.s.c.ServletWebServerApplicationContext Root WebApplicationContext: initialization completed in 2147 ms
2023-03-22 17:00:05 INFO  main c.w.a.c.Swagger3Config Swagger3接口文档地址: http://192.168.2.29:9257/swagger-ui.html
2023-03-22 17:00:05 INFO  main c.w.a.c.Swagger3Config Knife4j增强接口文档地址: http://192.168.2.29:9257/doc.html
2023-03-22 17:00:07 INFO  main c.a.d.s.b.a.DruidDataSourceAutoConfigure Init DruidDataSource
2023-03-22 17:00:08 INFO  main c.a.d.p.DruidDataSource {dataSource-1} inited
2023-03-22 17:00:10 INFO  main o.m.p.j.JmsPoolConnectionFactory Provided ConnectionFactory implementation is JMS 2.0+ capable.
2023-03-22 17:00:10 INFO  main o.a.c.h.Http11NioProtocol Starting ProtocolHandler ["http-nio-9257"]
2023-03-22 17:00:10 INFO  main o.s.b.w.e.t.TomcatWebServer Tomcat started on port(s): 9257 (http) with context path ''
2023-03-22 17:00:10 INFO  main c.w.a.GatewayApplication Started GatewayApplication in 7.994 seconds (JVM running for 10.873)
2023-03-22 17:00:10 INFO  main c.w.a.n.r.NettyTcpServer  TcpServer 正在启动
2023-03-22 17:00:10 INFO  main c.w.a.n.r.NettyTcpServer  TcpServer 使用nio模式
2023-03-22 17:00:11 INFO  main c.w.a.n.r.NettyTcpServer tcp server listened on /0:0:0:0:0:0:0:0:8008
2023-03-22 17:00:11 INFO  main c.w.a.n.r.NettyUdpServer  UdpServer 正在启动
2023-03-22 17:00:11 INFO  main c.w.a.n.r.NettyUdpServer  UdpServer 使用nio模式
2023-03-22 17:00:11 INFO  main c.w.a.n.r.NettyUdpServer udp server listened on /0:0:0:0:0:0:0:0:8108
