2023-04-25 10:56:55 INFO  main c.w.c.GatewayApplication Starting GatewayApplication using Java 11.0.10 on DESKTOP-SPKKHPB with PID 4560 (D:\11_CG\00_code\CG_AccessControlService\target\classes started by ansen in D:\11_CG\00_code\CG_AccessControlService)
2023-04-25 10:56:55 INFO  background-preinit o.h.v.i.util.Version HV000001: Hibernate Validator 6.2.0.Final
2023-04-25 10:56:55 INFO  main c.w.c.GatewayApplication The following profiles are active: dev
2023-04-25 10:56:58 INFO  main o.s.d.r.c.RepositoryConfigurationDelegate Multiple Spring Data modules found, entering strict repository configuration mode!
2023-04-25 10:56:58 INFO  main o.s.d.r.c.RepositoryConfigurationDelegate Bootstrapping Spring Data Redis repositories in DEFAULT mode.
2023-04-25 10:56:58 INFO  main o.s.d.r.c.RepositoryConfigurationDelegate Finished Spring Data repository scanning in 118 ms. Found 0 Redis repository interfaces.
2023-04-25 10:57:00 INFO  main o.s.b.w.e.t.TomcatWebServer Tomcat initialized with port(s): 9251 (http)
2023-04-25 10:57:00 INFO  main o.a.c.h.Http11NioProtocol Initializing ProtocolHandler ["http-nio-9251"]
2023-04-25 10:57:00 INFO  main o.a.c.c.StandardService Starting service [Tomcat]
2023-04-25 10:57:00 INFO  main o.a.c.c.StandardEngine Starting Servlet engine: [Apache Tomcat/9.0.56]
2023-04-25 10:57:01 INFO  main o.a.c.c.C.[.[.[/]    Initializing Spring embedded WebApplicationContext
2023-04-25 10:57:01 INFO  main o.s.b.w.s.c.ServletWebServerApplicationContext Root WebApplicationContext: initialization completed in 5573 ms
2023-04-25 10:57:01 INFO  main c.a.d.s.b.a.DruidDataSourceAutoConfigure Init DruidDataSource
2023-04-25 10:57:03 INFO  main c.a.d.p.DruidDataSource {dataSource-1} inited
2023-04-25 10:57:03 WARN  main o.s.b.w.s.c.AnnotationConfigServletWebServerApplicationContext Exception encountered during context initialization - cancelling refresh attempt: org.springframework.beans.factory.UnsatisfiedDependencyException: Error creating bean with name 'DCgcgEmployeeDoorServiceImpl': Unsatisfied dependency expressed through field 'baseMapper'; nested exception is org.springframework.beans.factory.UnsatisfiedDependencyException: Error creating bean with name 'DCgcgEmployeeDoorMapper' defined in file [D:\11_CG\00_code\CG_AccessControlService\target\classes\com\wimetro\cg\db\mapper\DCgcgEmployeeDoorMapper.class]: Unsatisfied dependency expressed through bean property 'sqlSessionFactory'; nested exception is org.springframework.beans.factory.BeanCreationException: Error creating bean with name 'sqlSessionFactory' defined in class path resource [com/baomidou/mybatisplus/autoconfigure/MybatisPlusAutoConfiguration.class]: Bean instantiation via factory method failed; nested exception is org.springframework.beans.BeanInstantiationException: Failed to instantiate [org.apache.ibatis.session.SqlSessionFactory]: Factory method 'sqlSessionFactory' threw exception; nested exception is org.springframework.core.NestedIOException: Failed to parse mapping resource: 'file [D:\11_CG\00_code\CG_AccessControlService\target\classes\mapper\DCgcgEmployeeDoorMapper.xml]'; nested exception is org.apache.ibatis.builder.BuilderException: Error parsing Mapper XML. The XML location is 'file [D:\11_CG\00_code\CG_AccessControlService\target\classes\mapper\DCgcgEmployeeDoorMapper.xml]'. Cause: org.apache.ibatis.builder.BuilderException: Error resolving class. Cause: org.apache.ibatis.type.TypeException: Could not resolve type alias 'com.wim.aero.cg.db.entity.DCgcgEmployeeDoor'.  Cause: java.lang.ClassNotFoundException: Cannot find class: com.wim.aero.cg.db.entity.DCgcgEmployeeDoor
2023-04-25 10:57:03 INFO  main c.a.d.p.DruidDataSource {dataSource-1} closing ...
2023-04-25 10:57:03 INFO  main c.a.d.p.DruidDataSource {dataSource-1} closed
2023-04-25 10:57:03 WARN  main o.s.c.a.CommonAnnotationBeanPostProcessor Destroy method on bean with name 'nettyTcpServer' threw an exception: java.lang.NullPointerException
2023-04-25 10:57:03 WARN  main o.s.c.a.CommonAnnotationBeanPostProcessor Destroy method on bean with name 'nettyUdpServer' threw an exception: java.lang.NullPointerException
2023-04-25 10:57:03 INFO  main o.a.c.c.StandardService Stopping service [Tomcat]
2023-04-25 10:57:03 INFO  main o.s.b.a.l.ConditionEvaluationReportLoggingListener 

Error starting ApplicationContext. To display the conditions report re-run your application with 'debug' enabled.
2023-04-25 10:57:03 ERROR main o.s.b.SpringApplication Application run failed
org.springframework.beans.factory.UnsatisfiedDependencyException: Error creating bean with name 'DCgcgEmployeeDoorServiceImpl': Unsatisfied dependency expressed through field 'baseMapper'; nested exception is org.springframework.beans.factory.UnsatisfiedDependencyException: Error creating bean with name 'DCgcgEmployeeDoorMapper' defined in file [D:\11_CG\00_code\CG_AccessControlService\target\classes\com\wimetro\cg\db\mapper\DCgcgEmployeeDoorMapper.class]: Unsatisfied dependency expressed through bean property 'sqlSessionFactory'; nested exception is org.springframework.beans.factory.BeanCreationException: Error creating bean with name 'sqlSessionFactory' defined in class path resource [com/baomidou/mybatisplus/autoconfigure/MybatisPlusAutoConfiguration.class]: Bean instantiation via factory method failed; nested exception is org.springframework.beans.BeanInstantiationException: Failed to instantiate [org.apache.ibatis.session.SqlSessionFactory]: Factory method 'sqlSessionFactory' threw exception; nested exception is org.springframework.core.NestedIOException: Failed to parse mapping resource: 'file [D:\11_CG\00_code\CG_AccessControlService\target\classes\mapper\DCgcgEmployeeDoorMapper.xml]'; nested exception is org.apache.ibatis.builder.BuilderException: Error parsing Mapper XML. The XML location is 'file [D:\11_CG\00_code\CG_AccessControlService\target\classes\mapper\DCgcgEmployeeDoorMapper.xml]'. Cause: org.apache.ibatis.builder.BuilderException: Error resolving class. Cause: org.apache.ibatis.type.TypeException: Could not resolve type alias 'com.wim.aero.cg.db.entity.DCgcgEmployeeDoor'.  Cause: java.lang.ClassNotFoundException: Cannot find class: com.wim.aero.cg.db.entity.DCgcgEmployeeDoor
	at org.springframework.beans.factory.annotation.AutowiredAnnotationBeanPostProcessor$AutowiredFieldElement.resolveFieldValue(AutowiredAnnotationBeanPostProcessor.java:659)
	at org.springframework.beans.factory.annotation.AutowiredAnnotationBeanPostProcessor$AutowiredFieldElement.inject(AutowiredAnnotationBeanPostProcessor.java:639)
	at org.springframework.beans.factory.annotation.InjectionMetadata.inject(InjectionMetadata.java:119)
	at org.springframework.beans.factory.annotation.AutowiredAnnotationBeanPostProcessor.postProcessProperties(AutowiredAnnotationBeanPostProcessor.java:399)
	at org.springframework.beans.factory.support.AbstractAutowireCapableBeanFactory.populateBean(AbstractAutowireCapableBeanFactory.java:1431)
	at org.springframework.beans.factory.support.AbstractAutowireCapableBeanFactory.doCreateBean(AbstractAutowireCapableBeanFactory.java:619)
	at org.springframework.beans.factory.support.AbstractAutowireCapableBeanFactory.createBean(AbstractAutowireCapableBeanFactory.java:542)
	at org.springframework.beans.factory.support.AbstractBeanFactory.lambda$doGetBean$0(AbstractBeanFactory.java:335)
	at org.springframework.beans.factory.support.DefaultSingletonBeanRegistry.getSingleton(DefaultSingletonBeanRegistry.java:234)
	at org.springframework.beans.factory.support.AbstractBeanFactory.doGetBean(AbstractBeanFactory.java:333)
	at org.springframework.beans.factory.support.AbstractBeanFactory.getBean(AbstractBeanFactory.java:208)
	at org.springframework.beans.factory.support.DefaultListableBeanFactory.preInstantiateSingletons(DefaultListableBeanFactory.java:953)
	at org.springframework.context.support.AbstractApplicationContext.finishBeanFactoryInitialization(AbstractApplicationContext.java:918)
	at org.springframework.context.support.AbstractApplicationContext.refresh(AbstractApplicationContext.java:583)
	at org.springframework.boot.web.servlet.context.ServletWebServerApplicationContext.refresh(ServletWebServerApplicationContext.java:145)
	at org.springframework.boot.SpringApplication.refresh(SpringApplication.java:732)
	at org.springframework.boot.SpringApplication.refreshContext(SpringApplication.java:414)
	at org.springframework.boot.SpringApplication.run(SpringApplication.java:302)
	at org.springframework.boot.SpringApplication.run(SpringApplication.java:1303)
	at org.springframework.boot.SpringApplication.run(SpringApplication.java:1292)
	at com.wimetro.cg.GatewayApplication.main(GatewayApplication.java:18)
Caused by: org.springframework.beans.factory.UnsatisfiedDependencyException: Error creating bean with name 'DCgcgEmployeeDoorMapper' defined in file [D:\11_CG\00_code\CG_AccessControlService\target\classes\com\wimetro\cg\db\mapper\DCgcgEmployeeDoorMapper.class]: Unsatisfied dependency expressed through bean property 'sqlSessionFactory'; nested exception is org.springframework.beans.factory.BeanCreationException: Error creating bean with name 'sqlSessionFactory' defined in class path resource [com/baomidou/mybatisplus/autoconfigure/MybatisPlusAutoConfiguration.class]: Bean instantiation via factory method failed; nested exception is org.springframework.beans.BeanInstantiationException: Failed to instantiate [org.apache.ibatis.session.SqlSessionFactory]: Factory method 'sqlSessionFactory' threw exception; nested exception is org.springframework.core.NestedIOException: Failed to parse mapping resource: 'file [D:\11_CG\00_code\CG_AccessControlService\target\classes\mapper\DCgcgEmployeeDoorMapper.xml]'; nested exception is org.apache.ibatis.builder.BuilderException: Error parsing Mapper XML. The XML location is 'file [D:\11_CG\00_code\CG_AccessControlService\target\classes\mapper\DCgcgEmployeeDoorMapper.xml]'. Cause: org.apache.ibatis.builder.BuilderException: Error resolving class. Cause: org.apache.ibatis.type.TypeException: Could not resolve type alias 'com.wim.aero.cg.db.entity.DCgcgEmployeeDoor'.  Cause: java.lang.ClassNotFoundException: Cannot find class: com.wim.aero.cg.db.entity.DCgcgEmployeeDoor
	at org.springframework.beans.factory.support.AbstractAutowireCapableBeanFactory.autowireByType(AbstractAutowireCapableBeanFactory.java:1534)
	at org.springframework.beans.factory.support.AbstractAutowireCapableBeanFactory.populateBean(AbstractAutowireCapableBeanFactory.java:1417)
	at org.springframework.beans.factory.support.AbstractAutowireCapableBeanFactory.doCreateBean(AbstractAutowireCapableBeanFactory.java:619)
	at org.springframework.beans.factory.support.AbstractAutowireCapableBeanFactory.createBean(AbstractAutowireCapableBeanFactory.java:542)
	at org.springframework.beans.factory.support.AbstractBeanFactory.lambda$doGetBean$0(AbstractBeanFactory.java:335)
	at org.springframework.beans.factory.support.DefaultSingletonBeanRegistry.getSingleton(DefaultSingletonBeanRegistry.java:234)
	at org.springframework.beans.factory.support.AbstractBeanFactory.doGetBean(AbstractBeanFactory.java:333)
	at org.springframework.beans.factory.support.AbstractBeanFactory.getBean(AbstractBeanFactory.java:208)
	at org.springframework.beans.factory.config.DependencyDescriptor.resolveCandidate(DependencyDescriptor.java:276)
	at org.springframework.beans.factory.support.DefaultListableBeanFactory.doResolveDependency(DefaultListableBeanFactory.java:1389)
	at org.springframework.beans.factory.support.DefaultListableBeanFactory.resolveDependency(DefaultListableBeanFactory.java:1309)
	at org.springframework.beans.factory.annotation.AutowiredAnnotationBeanPostProcessor$AutowiredFieldElement.resolveFieldValue(AutowiredAnnotationBeanPostProcessor.java:656)
	... 20 common frames omitted
Caused by: org.springframework.beans.factory.BeanCreationException: Error creating bean with name 'sqlSessionFactory' defined in class path resource [com/baomidou/mybatisplus/autoconfigure/MybatisPlusAutoConfiguration.class]: Bean instantiation via factory method failed; nested exception is org.springframework.beans.BeanInstantiationException: Failed to instantiate [org.apache.ibatis.session.SqlSessionFactory]: Factory method 'sqlSessionFactory' threw exception; nested exception is org.springframework.core.NestedIOException: Failed to parse mapping resource: 'file [D:\11_CG\00_code\CG_AccessControlService\target\classes\mapper\DCgcgEmployeeDoorMapper.xml]'; nested exception is org.apache.ibatis.builder.BuilderException: Error parsing Mapper XML. The XML location is 'file [D:\11_CG\00_code\CG_AccessControlService\target\classes\mapper\DCgcgEmployeeDoorMapper.xml]'. Cause: org.apache.ibatis.builder.BuilderException: Error resolving class. Cause: org.apache.ibatis.type.TypeException: Could not resolve type alias 'com.wim.aero.cg.db.entity.DCgcgEmployeeDoor'.  Cause: java.lang.ClassNotFoundException: Cannot find class: com.wim.aero.cg.db.entity.DCgcgEmployeeDoor
	at org.springframework.beans.factory.support.ConstructorResolver.instantiate(ConstructorResolver.java:658)
	at org.springframework.beans.factory.support.ConstructorResolver.instantiateUsingFactoryMethod(ConstructorResolver.java:638)
	at org.springframework.beans.factory.support.AbstractAutowireCapableBeanFactory.instantiateUsingFactoryMethod(AbstractAutowireCapableBeanFactory.java:1352)
	at org.springframework.beans.factory.support.AbstractAutowireCapableBeanFactory.createBeanInstance(AbstractAutowireCapableBeanFactory.java:1195)
	at org.springframework.beans.factory.support.AbstractAutowireCapableBeanFactory.doCreateBean(AbstractAutowireCapableBeanFactory.java:582)
	at org.springframework.beans.factory.support.AbstractAutowireCapableBeanFactory.createBean(AbstractAutowireCapableBeanFactory.java:542)
	at org.springframework.beans.factory.support.AbstractBeanFactory.lambda$doGetBean$0(AbstractBeanFactory.java:335)
	at org.springframework.beans.factory.support.DefaultSingletonBeanRegistry.getSingleton(DefaultSingletonBeanRegistry.java:234)
	at org.springframework.beans.factory.support.AbstractBeanFactory.doGetBean(AbstractBeanFactory.java:333)
	at org.springframework.beans.factory.support.AbstractBeanFactory.getBean(AbstractBeanFactory.java:208)
	at org.springframework.beans.factory.config.DependencyDescriptor.resolveCandidate(DependencyDescriptor.java:276)
	at org.springframework.beans.factory.support.DefaultListableBeanFactory.doResolveDependency(DefaultListableBeanFactory.java:1389)
	at org.springframework.beans.factory.support.DefaultListableBeanFactory.resolveDependency(DefaultListableBeanFactory.java:1309)
	at org.springframework.beans.factory.support.AbstractAutowireCapableBeanFactory.autowireByType(AbstractAutowireCapableBeanFactory.java:1519)
	... 31 common frames omitted
Caused by: org.springframework.beans.BeanInstantiationException: Failed to instantiate [org.apache.ibatis.session.SqlSessionFactory]: Factory method 'sqlSessionFactory' threw exception; nested exception is org.springframework.core.NestedIOException: Failed to parse mapping resource: 'file [D:\11_CG\00_code\CG_AccessControlService\target\classes\mapper\DCgcgEmployeeDoorMapper.xml]'; nested exception is org.apache.ibatis.builder.BuilderException: Error parsing Mapper XML. The XML location is 'file [D:\11_CG\00_code\CG_AccessControlService\target\classes\mapper\DCgcgEmployeeDoorMapper.xml]'. Cause: org.apache.ibatis.builder.BuilderException: Error resolving class. Cause: org.apache.ibatis.type.TypeException: Could not resolve type alias 'com.wim.aero.cg.db.entity.DCgcgEmployeeDoor'.  Cause: java.lang.ClassNotFoundException: Cannot find class: com.wim.aero.cg.db.entity.DCgcgEmployeeDoor
	at org.springframework.beans.factory.support.SimpleInstantiationStrategy.instantiate(SimpleInstantiationStrategy.java:185)
	at org.springframework.beans.factory.support.ConstructorResolver.instantiate(ConstructorResolver.java:653)
	... 44 common frames omitted
Caused by: org.springframework.core.NestedIOException: Failed to parse mapping resource: 'file [D:\11_CG\00_code\CG_AccessControlService\target\classes\mapper\DCgcgEmployeeDoorMapper.xml]'; nested exception is org.apache.ibatis.builder.BuilderException: Error parsing Mapper XML. The XML location is 'file [D:\11_CG\00_code\CG_AccessControlService\target\classes\mapper\DCgcgEmployeeDoorMapper.xml]'. Cause: org.apache.ibatis.builder.BuilderException: Error resolving class. Cause: org.apache.ibatis.type.TypeException: Could not resolve type alias 'com.wim.aero.cg.db.entity.DCgcgEmployeeDoor'.  Cause: java.lang.ClassNotFoundException: Cannot find class: com.wim.aero.cg.db.entity.DCgcgEmployeeDoor
	at com.baomidou.mybatisplus.extension.spring.MybatisSqlSessionFactoryBean.buildSqlSessionFactory(MybatisSqlSessionFactoryBean.java:562)
	at com.baomidou.mybatisplus.extension.spring.MybatisSqlSessionFactoryBean.afterPropertiesSet(MybatisSqlSessionFactoryBean.java:433)
	at com.baomidou.mybatisplus.extension.spring.MybatisSqlSessionFactoryBean.getObject(MybatisSqlSessionFactoryBean.java:628)
	at com.baomidou.mybatisplus.autoconfigure.MybatisPlusAutoConfiguration.sqlSessionFactory(MybatisPlusAutoConfiguration.java:219)
	at java.base/jdk.internal.reflect.NativeMethodAccessorImpl.invoke0(Native Method)
	at java.base/jdk.internal.reflect.NativeMethodAccessorImpl.invoke(NativeMethodAccessorImpl.java:62)
	at java.base/jdk.internal.reflect.DelegatingMethodAccessorImpl.invoke(DelegatingMethodAccessorImpl.java:43)
	at java.base/java.lang.reflect.Method.invoke(Method.java:566)
	at org.springframework.beans.factory.support.SimpleInstantiationStrategy.instantiate(SimpleInstantiationStrategy.java:154)
	... 45 common frames omitted
Caused by: org.apache.ibatis.builder.BuilderException: Error parsing Mapper XML. The XML location is 'file [D:\11_CG\00_code\CG_AccessControlService\target\classes\mapper\DCgcgEmployeeDoorMapper.xml]'. Cause: org.apache.ibatis.builder.BuilderException: Error resolving class. Cause: org.apache.ibatis.type.TypeException: Could not resolve type alias 'com.wim.aero.cg.db.entity.DCgcgEmployeeDoor'.  Cause: java.lang.ClassNotFoundException: Cannot find class: com.wim.aero.cg.db.entity.DCgcgEmployeeDoor
	at org.apache.ibatis.builder.xml.XMLMapperBuilder.configurationElement(XMLMapperBuilder.java:123)
	at org.apache.ibatis.builder.xml.XMLMapperBuilder.parse(XMLMapperBuilder.java:95)
	at com.baomidou.mybatisplus.extension.spring.MybatisSqlSessionFactoryBean.buildSqlSessionFactory(MybatisSqlSessionFactoryBean.java:560)
	... 53 common frames omitted
Caused by: org.apache.ibatis.builder.BuilderException: Error resolving class. Cause: org.apache.ibatis.type.TypeException: Could not resolve type alias 'com.wim.aero.cg.db.entity.DCgcgEmployeeDoor'.  Cause: java.lang.ClassNotFoundException: Cannot find class: com.wim.aero.cg.db.entity.DCgcgEmployeeDoor
	at org.apache.ibatis.builder.BaseBuilder.resolveClass(BaseBuilder.java:118)
	at org.apache.ibatis.builder.xml.XMLMapperBuilder.resultMapElement(XMLMapperBuilder.java:263)
	at org.apache.ibatis.builder.xml.XMLMapperBuilder.resultMapElement(XMLMapperBuilder.java:254)
	at org.apache.ibatis.builder.xml.XMLMapperBuilder.resultMapElements(XMLMapperBuilder.java:246)
	at org.apache.ibatis.builder.xml.XMLMapperBuilder.configurationElement(XMLMapperBuilder.java:119)
	... 55 common frames omitted
Caused by: org.apache.ibatis.type.TypeException: Could not resolve type alias 'com.wim.aero.cg.db.entity.DCgcgEmployeeDoor'.  Cause: java.lang.ClassNotFoundException: Cannot find class: com.wim.aero.cg.db.entity.DCgcgEmployeeDoor
	at org.apache.ibatis.type.TypeAliasRegistry.resolveAlias(TypeAliasRegistry.java:120)
	at org.apache.ibatis.builder.BaseBuilder.resolveAlias(BaseBuilder.java:149)
	at org.apache.ibatis.builder.BaseBuilder.resolveClass(BaseBuilder.java:116)
	... 59 common frames omitted
Caused by: java.lang.ClassNotFoundException: Cannot find class: com.wim.aero.cg.db.entity.DCgcgEmployeeDoor
	at org.apache.ibatis.io.ClassLoaderWrapper.classForName(ClassLoaderWrapper.java:196)
	at org.apache.ibatis.io.ClassLoaderWrapper.classForName(ClassLoaderWrapper.java:89)
	at org.apache.ibatis.io.Resources.classForName(Resources.java:261)
	at org.apache.ibatis.type.TypeAliasRegistry.resolveAlias(TypeAliasRegistry.java:116)
	... 61 common frames omitted
2023-04-25 11:04:18 INFO  main c.w.c.GatewayApplication Starting GatewayApplication using Java 11.0.10 on DESKTOP-SPKKHPB with PID 32352 (D:\11_CG\00_code\CG_AccessControlService\target\classes started by ansen in D:\11_CG\00_code\CG_AccessControlService)
2023-04-25 11:04:18 INFO  main c.w.c.GatewayApplication The following profiles are active: dev
2023-04-25 11:04:18 INFO  background-preinit o.h.v.i.util.Version HV000001: Hibernate Validator 6.2.0.Final
2023-04-25 11:04:20 INFO  main o.s.d.r.c.RepositoryConfigurationDelegate Multiple Spring Data modules found, entering strict repository configuration mode!
2023-04-25 11:04:20 INFO  main o.s.d.r.c.RepositoryConfigurationDelegate Bootstrapping Spring Data Redis repositories in DEFAULT mode.
2023-04-25 11:04:20 INFO  main o.s.d.r.c.RepositoryConfigurationDelegate Finished Spring Data repository scanning in 26 ms. Found 0 Redis repository interfaces.
2023-04-25 11:04:21 INFO  main o.s.b.w.e.t.TomcatWebServer Tomcat initialized with port(s): 9251 (http)
2023-04-25 11:04:21 INFO  main o.a.c.h.Http11NioProtocol Initializing ProtocolHandler ["http-nio-9251"]
2023-04-25 11:04:21 INFO  main o.a.c.c.StandardService Starting service [Tomcat]
2023-04-25 11:04:21 INFO  main o.a.c.c.StandardEngine Starting Servlet engine: [Apache Tomcat/9.0.56]
2023-04-25 11:04:21 INFO  main o.a.c.c.C.[.[.[/]    Initializing Spring embedded WebApplicationContext
2023-04-25 11:04:21 INFO  main o.s.b.w.s.c.ServletWebServerApplicationContext Root WebApplicationContext: initialization completed in 2462 ms
2023-04-25 11:04:21 INFO  main c.a.d.s.b.a.DruidDataSourceAutoConfigure Init DruidDataSource
2023-04-25 11:04:22 INFO  main c.a.d.p.DruidDataSource {dataSource-1} inited
2023-04-25 11:04:24 INFO  main c.w.c.c.Swagger3Config Swagger3接口文档地址: http://192.168.2.29:9251/swagger-ui.html
2023-04-25 11:04:24 INFO  main c.w.c.c.Swagger3Config Knife4j增强接口文档地址: http://192.168.2.29:9251/doc.html
2023-04-25 11:04:26 INFO  main o.m.p.j.JmsPoolConnectionFactory Provided ConnectionFactory implementation is JMS 2.0+ capable.
2023-04-25 11:04:26 INFO  main o.a.c.h.Http11NioProtocol Starting ProtocolHandler ["http-nio-9251"]
2023-04-25 11:04:26 INFO  main o.s.b.w.e.t.TomcatWebServer Tomcat started on port(s): 9251 (http) with context path ''
2023-04-25 11:04:26 INFO  main c.w.c.GatewayApplication Started GatewayApplication in 8.954 seconds (JVM running for 10.655)
2023-04-25 11:04:26 INFO  main c.w.c.n.r.NettyTcpServer  TcpServer 正在启动
2023-04-25 11:04:26 INFO  main c.w.c.n.r.NettyTcpServer  TcpServer 使用nio模式
2023-04-25 11:04:27 INFO  main c.w.c.n.r.NettyTcpServer tcp server listened on /0:0:0:0:0:0:0:0:8008
2023-04-25 11:04:27 INFO  main c.w.c.n.r.NettyUdpServer  UdpServer 正在启动
2023-04-25 11:04:27 INFO  main c.w.c.n.r.NettyUdpServer  UdpServer 使用nio模式
2023-04-25 11:04:27 INFO  main c.w.c.n.r.NettyUdpServer udp server listened on /0:0:0:0:0:0:0:0:8101
