2023-05-24 16:12:35 INFO  main c.w.c.GatewayApplication Starting GatewayApplication using Java 11.0.10 on DESKTOP-SPKKHPB with PID 36484 (D:\11_CG\00_code\CG_AccessControlService\target\classes started by ansen in D:\11_CG\00_code\CG_AccessControlService)
2023-05-24 16:12:35 INFO  background-preinit o.h.v.i.util.Version HV000001: Hibernate Validator 6.2.0.Final
2023-05-24 16:12:35 INFO  main c.w.c.GatewayApplication The following profiles are active: dev
2023-05-24 16:12:36 INFO  main o.s.d.r.c.RepositoryConfigurationDelegate Multiple Spring Data modules found, entering strict repository configuration mode!
2023-05-24 16:12:36 INFO  main o.s.d.r.c.RepositoryConfigurationDelegate Bootstrapping Spring Data Redis repositories in DEFAULT mode.
2023-05-24 16:12:36 INFO  main o.s.d.r.c.RepositoryConfigurationDelegate Finished Spring Data repository scanning in 37 ms. Found 0 Redis repository interfaces.
2023-05-24 16:12:37 INFO  main o.s.b.w.e.t.TomcatWebServer Tomcat initialized with port(s): 9251 (http)
2023-05-24 16:12:37 INFO  main o.a.c.h.Http11NioProtocol Initializing ProtocolHandler ["http-nio-9251"]
2023-05-24 16:12:37 INFO  main o.a.c.c.StandardService Starting service [Tomcat]
2023-05-24 16:12:37 INFO  main o.a.c.c.StandardEngine Starting Servlet engine: [Apache Tomcat/9.0.56]
2023-05-24 16:12:37 INFO  main o.a.c.c.C.[.[.[/]    Initializing Spring embedded WebApplicationContext
2023-05-24 16:12:37 INFO  main o.s.b.w.s.c.ServletWebServerApplicationContext Root WebApplicationContext: initialization completed in 2668 ms
2023-05-24 16:12:38 INFO  main c.a.d.s.b.a.DruidDataSourceAutoConfigure Init DruidDataSource
2023-05-24 16:12:39 INFO  main c.a.d.p.DruidDataSource {dataSource-1} inited
2023-05-24 16:12:40 WARN  main c.b.m.c.m.TableInfoHelper Can not find table primary key in Class: "com.wimetro.cg.db.entity.DSchedulesGroupDetail".
2023-05-24 16:12:40 WARN  main c.b.m.c.i.DefaultSqlInjector class com.wimetro.cg.db.entity.DSchedulesGroupDetail ,Not found @TableId annotation, Cannot use Mybatis-Plus 'xxById' Method.
2023-05-24 16:12:45 INFO  main c.w.c.c.Swagger3Config Swagger3接口文档地址: http://192.168.2.29:9251/swagger-ui.html
2023-05-24 16:12:45 INFO  main c.w.c.c.Swagger3Config Knife4j增强接口文档地址: http://192.168.2.29:9251/doc.html
2023-05-24 16:12:48 INFO  main o.m.p.j.JmsPoolConnectionFactory Provided ConnectionFactory implementation is JMS 2.0+ capable.
2023-05-24 16:12:49 INFO  main o.a.c.h.Http11NioProtocol Starting ProtocolHandler ["http-nio-9251"]
2023-05-24 16:12:49 INFO  main o.s.b.w.e.t.TomcatWebServer Tomcat started on port(s): 9251 (http) with context path ''
2023-05-24 16:12:49 INFO  main c.w.c.GatewayApplication Started GatewayApplication in 15.242 seconds (JVM running for 18.001)
2023-05-24 16:12:49 INFO  main c.w.c.n.r.NettyTcpServer  TcpServer 正在启动
2023-05-24 16:12:49 INFO  main c.w.c.n.r.NettyTcpServer  TcpServer 使用nio模式
2023-05-24 16:12:50 INFO  main c.w.c.n.r.NettyTcpServer tcp server listened on /0:0:0:0:0:0:0:0:8008
2023-05-24 16:12:50 INFO  main c.w.c.n.r.NettyUdpServer  UdpServer 正在启动
2023-05-24 16:12:50 INFO  main c.w.c.n.r.NettyUdpServer  UdpServer 使用nio模式
2023-05-24 16:12:50 INFO  main c.w.c.n.r.NettyUdpServer udp server listened on /0:0:0:0:0:0:0:0:8101
2023-05-24 16:15:45 INFO  http-nio-9251-exec-1 o.a.c.c.C.[.[.[/]    Initializing Spring DispatcherServlet 'dispatcherServlet'
2023-05-24 16:15:45 INFO  http-nio-9251-exec-1 o.s.w.s.DispatcherServlet Initializing Servlet 'dispatcherServlet'
2023-05-24 16:15:45 INFO  http-nio-9251-exec-1 o.s.w.s.DispatcherServlet Completed initialization in 1 ms
2023-05-24 16:15:45 INFO  http-nio-9251-exec-1 c.w.c.s.DeviceManageService 时间组：[ScheduleGroupInfo(groupId=1, scheduleList=[ScheduleInfo(schedules_id=1, begin_time=Mon Jan 01 00:00:00 CST 1900, end_time=Mon Jan 01 23:59:59 CST 1900, mon_flag=1, tues_flag=1, wed_flag=1, thu_flag=1, fri_flag=1, sat_flag=1, sun_flag=1)]), ScheduleGroupInfo(groupId=2, scheduleList=[ScheduleInfo(schedules_id=4, begin_time=Mon Jan 01 00:00:00 CST 1900, end_time=Mon Jan 01 23:59:59 CST 1900, mon_flag=1, tues_flag=1, wed_flag=1, thu_flag=1, fri_flag=1, sat_flag=1, sun_flag=1), ScheduleInfo(schedules_id=5, begin_time=Mon Jan 01 00:00:00 CST 1900, end_time=Mon Jan 01 23:59:59 CST 1900, mon_flag=1, tues_flag=1, wed_flag=1, thu_flag=1, fri_flag=1, sat_flag=1, sun_flag=1), ScheduleInfo(schedules_id=6, begin_time=Mon Jan 01 00:00:00 CST 1900, end_time=Mon Jan 01 23:59:59 CST 1900, mon_flag=1, tues_flag=1, wed_flag=1, thu_flag=1, fri_flag=1, sat_flag=1, sun_flag=1)])]
2023-05-24 16:15:45 ERROR http-nio-9251-exec-1 c.w.c.c.a.ResultBeanExceptionHandler 其他异常
java.lang.IndexOutOfBoundsException: Index 0 out of bounds for length 0
	at java.base/jdk.internal.util.Preconditions.outOfBounds(Preconditions.java:64)
	at java.base/jdk.internal.util.Preconditions.outOfBoundsCheckIndex(Preconditions.java:70)
	at java.base/jdk.internal.util.Preconditions.checkIndex(Preconditions.java:248)
	at java.base/java.util.Objects.checkIndex(Objects.java:372)
	at java.base/java.util.ArrayList.get(ArrayList.java:459)
	at com.wimetro.cg.model.card.ScheduleGroupInfo.toDeviceInfo(ScheduleGroupInfo.java:44)
	at com.wimetro.cg.service.DeviceManageService.timesetAdd(DeviceManageService.java:362)
	at com.wimetro.cg.controller.DeviceManageController.timesetAdd(DeviceManageController.java:95)
	at java.base/jdk.internal.reflect.NativeMethodAccessorImpl.invoke0(Native Method)
	at java.base/jdk.internal.reflect.NativeMethodAccessorImpl.invoke(NativeMethodAccessorImpl.java:62)
	at java.base/jdk.internal.reflect.DelegatingMethodAccessorImpl.invoke(DelegatingMethodAccessorImpl.java:43)
	at java.base/java.lang.reflect.Method.invoke(Method.java:566)
	at org.springframework.web.method.support.InvocableHandlerMethod.doInvoke(InvocableHandlerMethod.java:205)
	at org.springframework.web.method.support.InvocableHandlerMethod.invokeForRequest(InvocableHandlerMethod.java:150)
	at org.springframework.web.servlet.mvc.method.annotation.ServletInvocableHandlerMethod.invokeAndHandle(ServletInvocableHandlerMethod.java:117)
	at org.springframework.web.servlet.mvc.method.annotation.RequestMappingHandlerAdapter.invokeHandlerMethod(RequestMappingHandlerAdapter.java:895)
	at org.springframework.web.servlet.mvc.method.annotation.RequestMappingHandlerAdapter.handleInternal(RequestMappingHandlerAdapter.java:808)
	at org.springframework.web.servlet.mvc.method.AbstractHandlerMethodAdapter.handle(AbstractHandlerMethodAdapter.java:87)
	at org.springframework.web.servlet.DispatcherServlet.doDispatch(DispatcherServlet.java:1067)
	at org.springframework.web.servlet.DispatcherServlet.doService(DispatcherServlet.java:963)
	at org.springframework.web.servlet.FrameworkServlet.processRequest(FrameworkServlet.java:1006)
	at org.springframework.web.servlet.FrameworkServlet.doPost(FrameworkServlet.java:909)
	at javax.servlet.http.HttpServlet.service(HttpServlet.java:681)
	at org.springframework.web.servlet.FrameworkServlet.service(FrameworkServlet.java:883)
	at javax.servlet.http.HttpServlet.service(HttpServlet.java:764)
	at org.apache.catalina.core.ApplicationFilterChain.internalDoFilter(ApplicationFilterChain.java:227)
	at org.apache.catalina.core.ApplicationFilterChain.doFilter(ApplicationFilterChain.java:162)
	at org.apache.tomcat.websocket.server.WsFilter.doFilter(WsFilter.java:53)
	at org.apache.catalina.core.ApplicationFilterChain.internalDoFilter(ApplicationFilterChain.java:189)
	at org.apache.catalina.core.ApplicationFilterChain.doFilter(ApplicationFilterChain.java:162)
	at com.alibaba.druid.support.http.WebStatFilter.doFilter(WebStatFilter.java:124)
	at org.apache.catalina.core.ApplicationFilterChain.internalDoFilter(ApplicationFilterChain.java:189)
	at org.apache.catalina.core.ApplicationFilterChain.doFilter(ApplicationFilterChain.java:162)
	at org.springframework.web.filter.CharacterEncodingFilter.doFilterInternal(CharacterEncodingFilter.java:201)
	at org.springframework.web.filter.OncePerRequestFilter.doFilter(OncePerRequestFilter.java:117)
	at org.apache.catalina.core.ApplicationFilterChain.internalDoFilter(ApplicationFilterChain.java:189)
	at org.apache.catalina.core.ApplicationFilterChain.doFilter(ApplicationFilterChain.java:162)
	at org.apache.catalina.core.StandardWrapperValve.invoke(StandardWrapperValve.java:197)
	at org.apache.catalina.core.StandardContextValve.invoke(StandardContextValve.java:97)
	at org.apache.catalina.authenticator.AuthenticatorBase.invoke(AuthenticatorBase.java:540)
	at org.apache.catalina.core.StandardHostValve.invoke(StandardHostValve.java:135)
	at org.apache.catalina.valves.ErrorReportValve.invoke(ErrorReportValve.java:92)
	at org.apache.catalina.core.StandardEngineValve.invoke(StandardEngineValve.java:78)
	at org.apache.catalina.connector.CoyoteAdapter.service(CoyoteAdapter.java:357)
	at org.apache.coyote.http11.Http11Processor.service(Http11Processor.java:382)
	at org.apache.coyote.AbstractProcessorLight.process(AbstractProcessorLight.java:65)
	at org.apache.coyote.AbstractProtocol$ConnectionHandler.process(AbstractProtocol.java:895)
	at org.apache.tomcat.util.net.NioEndpoint$SocketProcessor.doRun(NioEndpoint.java:1732)
	at org.apache.tomcat.util.net.SocketProcessorBase.run(SocketProcessorBase.java:49)
	at org.apache.tomcat.util.threads.ThreadPoolExecutor.runWorker(ThreadPoolExecutor.java:1191)
	at org.apache.tomcat.util.threads.ThreadPoolExecutor$Worker.run(ThreadPoolExecutor.java:659)
	at org.apache.tomcat.util.threads.TaskThread$WrappingRunnable.run(TaskThread.java:61)
	at java.base/java.lang.Thread.run(Thread.java:834)
2023-05-24 16:16:24 INFO  main c.w.c.GatewayApplication Starting GatewayApplication using Java 11.0.10 on DESKTOP-SPKKHPB with PID 36500 (D:\11_CG\00_code\CG_AccessControlService\target\classes started by ansen in D:\11_CG\00_code\CG_AccessControlService)
2023-05-24 16:16:24 INFO  background-preinit o.h.v.i.util.Version HV000001: Hibernate Validator 6.2.0.Final
2023-05-24 16:16:24 INFO  main c.w.c.GatewayApplication The following profiles are active: dev
2023-05-24 16:16:26 INFO  main o.s.d.r.c.RepositoryConfigurationDelegate Multiple Spring Data modules found, entering strict repository configuration mode!
2023-05-24 16:16:26 INFO  main o.s.d.r.c.RepositoryConfigurationDelegate Bootstrapping Spring Data Redis repositories in DEFAULT mode.
2023-05-24 16:16:26 INFO  main o.s.d.r.c.RepositoryConfigurationDelegate Finished Spring Data repository scanning in 37 ms. Found 0 Redis repository interfaces.
2023-05-24 16:16:26 INFO  main o.s.b.w.e.t.TomcatWebServer Tomcat initialized with port(s): 9251 (http)
2023-05-24 16:16:26 INFO  main o.a.c.h.Http11NioProtocol Initializing ProtocolHandler ["http-nio-9251"]
2023-05-24 16:16:26 INFO  main o.a.c.c.StandardService Starting service [Tomcat]
2023-05-24 16:16:26 INFO  main o.a.c.c.StandardEngine Starting Servlet engine: [Apache Tomcat/9.0.56]
2023-05-24 16:16:27 INFO  main o.a.c.c.C.[.[.[/]    Initializing Spring embedded WebApplicationContext
2023-05-24 16:16:27 INFO  main o.s.b.w.s.c.ServletWebServerApplicationContext Root WebApplicationContext: initialization completed in 2697 ms
2023-05-24 16:16:27 INFO  main c.a.d.s.b.a.DruidDataSourceAutoConfigure Init DruidDataSource
2023-05-24 16:16:29 INFO  main c.a.d.p.DruidDataSource {dataSource-1} inited
2023-05-24 16:16:29 WARN  main c.b.m.c.m.TableInfoHelper Can not find table primary key in Class: "com.wimetro.cg.db.entity.DSchedulesGroupDetail".
2023-05-24 16:16:29 WARN  main c.b.m.c.i.DefaultSqlInjector class com.wimetro.cg.db.entity.DSchedulesGroupDetail ,Not found @TableId annotation, Cannot use Mybatis-Plus 'xxById' Method.
2023-05-24 16:16:31 INFO  main c.w.c.c.Swagger3Config Swagger3接口文档地址: http://192.168.2.29:9251/swagger-ui.html
2023-05-24 16:16:31 INFO  main c.w.c.c.Swagger3Config Knife4j增强接口文档地址: http://192.168.2.29:9251/doc.html
2023-05-24 16:16:32 INFO  main o.m.p.j.JmsPoolConnectionFactory Provided ConnectionFactory implementation is JMS 2.0+ capable.
2023-05-24 16:16:32 INFO  main o.a.c.h.Http11NioProtocol Starting ProtocolHandler ["http-nio-9251"]
2023-05-24 16:16:32 INFO  main o.s.b.w.e.t.TomcatWebServer Tomcat started on port(s): 9251 (http) with context path ''
2023-05-24 16:16:33 INFO  main c.w.c.GatewayApplication Started GatewayApplication in 9.722 seconds (JVM running for 11.203)
2023-05-24 16:16:33 INFO  main c.w.c.n.r.NettyTcpServer  TcpServer 正在启动
2023-05-24 16:16:33 INFO  main c.w.c.n.r.NettyTcpServer  TcpServer 使用nio模式
2023-05-24 16:16:33 INFO  main c.w.c.n.r.NettyTcpServer tcp server listened on /0:0:0:0:0:0:0:0:8008
2023-05-24 16:16:33 INFO  main c.w.c.n.r.NettyUdpServer  UdpServer 正在启动
2023-05-24 16:16:33 INFO  main c.w.c.n.r.NettyUdpServer  UdpServer 使用nio模式
2023-05-24 16:16:33 INFO  main c.w.c.n.r.NettyUdpServer udp server listened on /0:0:0:0:0:0:0:0:8101
2023-05-24 16:16:36 INFO  http-nio-9251-exec-1 o.a.c.c.C.[.[.[/]    Initializing Spring DispatcherServlet 'dispatcherServlet'
2023-05-24 16:16:36 INFO  http-nio-9251-exec-1 o.s.w.s.DispatcherServlet Initializing Servlet 'dispatcherServlet'
2023-05-24 16:16:36 INFO  http-nio-9251-exec-1 o.s.w.s.DispatcherServlet Completed initialization in 1 ms
2023-05-24 16:16:36 INFO  http-nio-9251-exec-1 c.w.c.s.DeviceManageService 时间组：[ScheduleGroupInfo(groupId=1, scheduleList=[ScheduleInfo(schedules_id=1, begin_time=Mon Jan 01 00:00:00 CST 1900, end_time=Mon Jan 01 23:59:59 CST 1900, mon_flag=1, tues_flag=1, wed_flag=1, thu_flag=1, fri_flag=1, sat_flag=1, sun_flag=1)]), ScheduleGroupInfo(groupId=2, scheduleList=[ScheduleInfo(schedules_id=4, begin_time=Mon Jan 01 00:00:00 CST 1900, end_time=Mon Jan 01 23:59:59 CST 1900, mon_flag=1, tues_flag=1, wed_flag=1, thu_flag=1, fri_flag=1, sat_flag=1, sun_flag=1), ScheduleInfo(schedules_id=5, begin_time=Mon Jan 01 00:00:00 CST 1900, end_time=Mon Jan 01 23:59:59 CST 1900, mon_flag=1, tues_flag=1, wed_flag=1, thu_flag=1, fri_flag=1, sat_flag=1, sun_flag=1), ScheduleInfo(schedules_id=6, begin_time=Mon Jan 01 00:00:00 CST 1900, end_time=Mon Jan 01 23:59:59 CST 1900, mon_flag=1, tues_flag=1, wed_flag=1, thu_flag=1, fri_flag=1, sat_flag=1, sun_flag=1)])]
2023-05-24 16:16:36 ERROR http-nio-9251-exec-1 c.w.c.c.a.ResultBeanExceptionHandler 其他异常
java.lang.IndexOutOfBoundsException: Index 0 out of bounds for length 0
	at java.base/jdk.internal.util.Preconditions.outOfBounds(Preconditions.java:64)
	at java.base/jdk.internal.util.Preconditions.outOfBoundsCheckIndex(Preconditions.java:70)
	at java.base/jdk.internal.util.Preconditions.checkIndex(Preconditions.java:248)
	at java.base/java.util.Objects.checkIndex(Objects.java:372)
	at java.base/java.util.ArrayList.get(ArrayList.java:459)
	at com.wimetro.cg.model.card.ScheduleGroupInfo.toDeviceInfo(ScheduleGroupInfo.java:44)
	at com.wimetro.cg.service.DeviceManageService.timesetAdd(DeviceManageService.java:362)
	at com.wimetro.cg.controller.DeviceManageController.timesetAdd(DeviceManageController.java:95)
	at java.base/jdk.internal.reflect.NativeMethodAccessorImpl.invoke0(Native Method)
	at java.base/jdk.internal.reflect.NativeMethodAccessorImpl.invoke(NativeMethodAccessorImpl.java:62)
	at java.base/jdk.internal.reflect.DelegatingMethodAccessorImpl.invoke(DelegatingMethodAccessorImpl.java:43)
	at java.base/java.lang.reflect.Method.invoke(Method.java:566)
	at org.springframework.web.method.support.InvocableHandlerMethod.doInvoke(InvocableHandlerMethod.java:205)
	at org.springframework.web.method.support.InvocableHandlerMethod.invokeForRequest(InvocableHandlerMethod.java:150)
	at org.springframework.web.servlet.mvc.method.annotation.ServletInvocableHandlerMethod.invokeAndHandle(ServletInvocableHandlerMethod.java:117)
	at org.springframework.web.servlet.mvc.method.annotation.RequestMappingHandlerAdapter.invokeHandlerMethod(RequestMappingHandlerAdapter.java:895)
	at org.springframework.web.servlet.mvc.method.annotation.RequestMappingHandlerAdapter.handleInternal(RequestMappingHandlerAdapter.java:808)
	at org.springframework.web.servlet.mvc.method.AbstractHandlerMethodAdapter.handle(AbstractHandlerMethodAdapter.java:87)
	at org.springframework.web.servlet.DispatcherServlet.doDispatch(DispatcherServlet.java:1067)
	at org.springframework.web.servlet.DispatcherServlet.doService(DispatcherServlet.java:963)
	at org.springframework.web.servlet.FrameworkServlet.processRequest(FrameworkServlet.java:1006)
	at org.springframework.web.servlet.FrameworkServlet.doPost(FrameworkServlet.java:909)
	at javax.servlet.http.HttpServlet.service(HttpServlet.java:681)
	at org.springframework.web.servlet.FrameworkServlet.service(FrameworkServlet.java:883)
	at javax.servlet.http.HttpServlet.service(HttpServlet.java:764)
	at org.apache.catalina.core.ApplicationFilterChain.internalDoFilter(ApplicationFilterChain.java:227)
	at org.apache.catalina.core.ApplicationFilterChain.doFilter(ApplicationFilterChain.java:162)
	at org.apache.tomcat.websocket.server.WsFilter.doFilter(WsFilter.java:53)
	at org.apache.catalina.core.ApplicationFilterChain.internalDoFilter(ApplicationFilterChain.java:189)
	at org.apache.catalina.core.ApplicationFilterChain.doFilter(ApplicationFilterChain.java:162)
	at com.alibaba.druid.support.http.WebStatFilter.doFilter(WebStatFilter.java:124)
	at org.apache.catalina.core.ApplicationFilterChain.internalDoFilter(ApplicationFilterChain.java:189)
	at org.apache.catalina.core.ApplicationFilterChain.doFilter(ApplicationFilterChain.java:162)
	at org.springframework.web.filter.CharacterEncodingFilter.doFilterInternal(CharacterEncodingFilter.java:201)
	at org.springframework.web.filter.OncePerRequestFilter.doFilter(OncePerRequestFilter.java:117)
	at org.apache.catalina.core.ApplicationFilterChain.internalDoFilter(ApplicationFilterChain.java:189)
	at org.apache.catalina.core.ApplicationFilterChain.doFilter(ApplicationFilterChain.java:162)
	at org.apache.catalina.core.StandardWrapperValve.invoke(StandardWrapperValve.java:197)
	at org.apache.catalina.core.StandardContextValve.invoke(StandardContextValve.java:97)
	at org.apache.catalina.authenticator.AuthenticatorBase.invoke(AuthenticatorBase.java:540)
	at org.apache.catalina.core.StandardHostValve.invoke(StandardHostValve.java:135)
	at org.apache.catalina.valves.ErrorReportValve.invoke(ErrorReportValve.java:92)
	at org.apache.catalina.core.StandardEngineValve.invoke(StandardEngineValve.java:78)
	at org.apache.catalina.connector.CoyoteAdapter.service(CoyoteAdapter.java:357)
	at org.apache.coyote.http11.Http11Processor.service(Http11Processor.java:382)
	at org.apache.coyote.AbstractProcessorLight.process(AbstractProcessorLight.java:65)
	at org.apache.coyote.AbstractProtocol$ConnectionHandler.process(AbstractProtocol.java:895)
	at org.apache.tomcat.util.net.NioEndpoint$SocketProcessor.doRun(NioEndpoint.java:1732)
	at org.apache.tomcat.util.net.SocketProcessorBase.run(SocketProcessorBase.java:49)
	at org.apache.tomcat.util.threads.ThreadPoolExecutor.runWorker(ThreadPoolExecutor.java:1191)
	at org.apache.tomcat.util.threads.ThreadPoolExecutor$Worker.run(ThreadPoolExecutor.java:659)
	at org.apache.tomcat.util.threads.TaskThread$WrappingRunnable.run(TaskThread.java:61)
	at java.base/java.lang.Thread.run(Thread.java:834)
2023-05-24 16:17:37 INFO  main c.w.c.GatewayApplication Starting GatewayApplication using Java 11.0.10 on DESKTOP-SPKKHPB with PID 42252 (D:\11_CG\00_code\CG_AccessControlService\target\classes started by ansen in D:\11_CG\00_code\CG_AccessControlService)
2023-05-24 16:17:37 INFO  main c.w.c.GatewayApplication The following profiles are active: dev
2023-05-24 16:17:37 INFO  background-preinit o.h.v.i.util.Version HV000001: Hibernate Validator 6.2.0.Final
2023-05-24 16:17:39 INFO  main o.s.d.r.c.RepositoryConfigurationDelegate Multiple Spring Data modules found, entering strict repository configuration mode!
2023-05-24 16:17:39 INFO  main o.s.d.r.c.RepositoryConfigurationDelegate Bootstrapping Spring Data Redis repositories in DEFAULT mode.
2023-05-24 16:17:39 INFO  main o.s.d.r.c.RepositoryConfigurationDelegate Finished Spring Data repository scanning in 32 ms. Found 0 Redis repository interfaces.
2023-05-24 16:17:39 INFO  main o.s.b.w.e.t.TomcatWebServer Tomcat initialized with port(s): 9251 (http)
2023-05-24 16:17:39 INFO  main o.a.c.h.Http11NioProtocol Initializing ProtocolHandler ["http-nio-9251"]
2023-05-24 16:17:39 INFO  main o.a.c.c.StandardService Starting service [Tomcat]
2023-05-24 16:17:39 INFO  main o.a.c.c.StandardEngine Starting Servlet engine: [Apache Tomcat/9.0.56]
2023-05-24 16:17:40 INFO  main o.a.c.c.C.[.[.[/]    Initializing Spring embedded WebApplicationContext
2023-05-24 16:17:40 INFO  main o.s.b.w.s.c.ServletWebServerApplicationContext Root WebApplicationContext: initialization completed in 2457 ms
2023-05-24 16:17:40 INFO  main c.a.d.s.b.a.DruidDataSourceAutoConfigure Init DruidDataSource
2023-05-24 16:17:41 INFO  main c.a.d.p.DruidDataSource {dataSource-1} inited
2023-05-24 16:17:41 WARN  main c.b.m.c.m.TableInfoHelper Can not find table primary key in Class: "com.wimetro.cg.db.entity.DSchedulesGroupDetail".
2023-05-24 16:17:41 WARN  main c.b.m.c.i.DefaultSqlInjector class com.wimetro.cg.db.entity.DSchedulesGroupDetail ,Not found @TableId annotation, Cannot use Mybatis-Plus 'xxById' Method.
2023-05-24 16:17:42 INFO  main c.w.c.c.Swagger3Config Swagger3接口文档地址: http://192.168.2.29:9251/swagger-ui.html
2023-05-24 16:17:42 INFO  main c.w.c.c.Swagger3Config Knife4j增强接口文档地址: http://192.168.2.29:9251/doc.html
2023-05-24 16:17:44 INFO  main o.m.p.j.JmsPoolConnectionFactory Provided ConnectionFactory implementation is JMS 2.0+ capable.
2023-05-24 16:17:44 INFO  main o.a.c.h.Http11NioProtocol Starting ProtocolHandler ["http-nio-9251"]
2023-05-24 16:17:44 INFO  main o.s.b.w.e.t.TomcatWebServer Tomcat started on port(s): 9251 (http) with context path ''
2023-05-24 16:17:45 INFO  main c.w.c.GatewayApplication Started GatewayApplication in 8.739 seconds (JVM running for 10.786)
2023-05-24 16:17:45 INFO  main c.w.c.n.r.NettyTcpServer  TcpServer 正在启动
2023-05-24 16:17:45 INFO  main c.w.c.n.r.NettyTcpServer  TcpServer 使用nio模式
2023-05-24 16:17:45 INFO  main c.w.c.n.r.NettyTcpServer tcp server listened on /0:0:0:0:0:0:0:0:8008
2023-05-24 16:17:45 INFO  main c.w.c.n.r.NettyUdpServer  UdpServer 正在启动
2023-05-24 16:17:45 INFO  main c.w.c.n.r.NettyUdpServer  UdpServer 使用nio模式
2023-05-24 16:17:45 INFO  main c.w.c.n.r.NettyUdpServer udp server listened on /0:0:0:0:0:0:0:0:8101
2023-05-24 16:17:54 INFO  http-nio-9251-exec-1 o.a.c.c.C.[.[.[/]    Initializing Spring DispatcherServlet 'dispatcherServlet'
2023-05-24 16:17:54 INFO  http-nio-9251-exec-1 o.s.w.s.DispatcherServlet Initializing Servlet 'dispatcherServlet'
2023-05-24 16:17:54 INFO  http-nio-9251-exec-1 o.s.w.s.DispatcherServlet Completed initialization in 3 ms
2023-05-24 16:17:55 INFO  http-nio-9251-exec-1 c.w.c.s.DeviceManageService 时间组：[ScheduleGroupInfo(groupId=1, scheduleList=[ScheduleInfo(schedules_id=1, begin_time=Mon Jan 01 00:00:00 CST 1900, end_time=Mon Jan 01 23:59:59 CST 1900, mon_flag=1, tues_flag=1, wed_flag=1, thu_flag=1, fri_flag=1, sat_flag=1, sun_flag=1)]), ScheduleGroupInfo(groupId=2, scheduleList=[ScheduleInfo(schedules_id=4, begin_time=Mon Jan 01 00:00:00 CST 1900, end_time=Mon Jan 01 23:59:59 CST 1900, mon_flag=1, tues_flag=1, wed_flag=1, thu_flag=1, fri_flag=1, sat_flag=1, sun_flag=1), ScheduleInfo(schedules_id=5, begin_time=Mon Jan 01 00:00:00 CST 1900, end_time=Mon Jan 01 23:59:59 CST 1900, mon_flag=1, tues_flag=1, wed_flag=1, thu_flag=1, fri_flag=1, sat_flag=1, sun_flag=1), ScheduleInfo(schedules_id=6, begin_time=Mon Jan 01 00:00:00 CST 1900, end_time=Mon Jan 01 23:59:59 CST 1900, mon_flag=1, tues_flag=1, wed_flag=1, thu_flag=1, fri_flag=1, sat_flag=1, sun_flag=1)])]
2023-05-24 16:17:55 ERROR http-nio-9251-exec-1 c.w.c.c.a.ResultBeanExceptionHandler 其他异常
java.lang.IndexOutOfBoundsException: Index 0 out of bounds for length 0
	at java.base/jdk.internal.util.Preconditions.outOfBounds(Preconditions.java:64)
	at java.base/jdk.internal.util.Preconditions.outOfBoundsCheckIndex(Preconditions.java:70)
	at java.base/jdk.internal.util.Preconditions.checkIndex(Preconditions.java:248)
	at java.base/java.util.Objects.checkIndex(Objects.java:372)
	at java.base/java.util.ArrayList.get(ArrayList.java:459)
	at com.wimetro.cg.model.card.ScheduleGroupInfo.toDeviceInfo(ScheduleGroupInfo.java:44)
	at com.wimetro.cg.service.DeviceManageService.timesetAdd(DeviceManageService.java:362)
	at com.wimetro.cg.controller.DeviceManageController.timesetAdd(DeviceManageController.java:95)
	at java.base/jdk.internal.reflect.NativeMethodAccessorImpl.invoke0(Native Method)
	at java.base/jdk.internal.reflect.NativeMethodAccessorImpl.invoke(NativeMethodAccessorImpl.java:62)
	at java.base/jdk.internal.reflect.DelegatingMethodAccessorImpl.invoke(DelegatingMethodAccessorImpl.java:43)
	at java.base/java.lang.reflect.Method.invoke(Method.java:566)
	at org.springframework.web.method.support.InvocableHandlerMethod.doInvoke(InvocableHandlerMethod.java:205)
	at org.springframework.web.method.support.InvocableHandlerMethod.invokeForRequest(InvocableHandlerMethod.java:150)
	at org.springframework.web.servlet.mvc.method.annotation.ServletInvocableHandlerMethod.invokeAndHandle(ServletInvocableHandlerMethod.java:117)
	at org.springframework.web.servlet.mvc.method.annotation.RequestMappingHandlerAdapter.invokeHandlerMethod(RequestMappingHandlerAdapter.java:895)
	at org.springframework.web.servlet.mvc.method.annotation.RequestMappingHandlerAdapter.handleInternal(RequestMappingHandlerAdapter.java:808)
	at org.springframework.web.servlet.mvc.method.AbstractHandlerMethodAdapter.handle(AbstractHandlerMethodAdapter.java:87)
	at org.springframework.web.servlet.DispatcherServlet.doDispatch(DispatcherServlet.java:1067)
	at org.springframework.web.servlet.DispatcherServlet.doService(DispatcherServlet.java:963)
	at org.springframework.web.servlet.FrameworkServlet.processRequest(FrameworkServlet.java:1006)
	at org.springframework.web.servlet.FrameworkServlet.doPost(FrameworkServlet.java:909)
	at javax.servlet.http.HttpServlet.service(HttpServlet.java:681)
	at org.springframework.web.servlet.FrameworkServlet.service(FrameworkServlet.java:883)
	at javax.servlet.http.HttpServlet.service(HttpServlet.java:764)
	at org.apache.catalina.core.ApplicationFilterChain.internalDoFilter(ApplicationFilterChain.java:227)
	at org.apache.catalina.core.ApplicationFilterChain.doFilter(ApplicationFilterChain.java:162)
	at org.apache.tomcat.websocket.server.WsFilter.doFilter(WsFilter.java:53)
	at org.apache.catalina.core.ApplicationFilterChain.internalDoFilter(ApplicationFilterChain.java:189)
	at org.apache.catalina.core.ApplicationFilterChain.doFilter(ApplicationFilterChain.java:162)
	at com.alibaba.druid.support.http.WebStatFilter.doFilter(WebStatFilter.java:124)
	at org.apache.catalina.core.ApplicationFilterChain.internalDoFilter(ApplicationFilterChain.java:189)
	at org.apache.catalina.core.ApplicationFilterChain.doFilter(ApplicationFilterChain.java:162)
	at org.springframework.web.filter.CharacterEncodingFilter.doFilterInternal(CharacterEncodingFilter.java:201)
	at org.springframework.web.filter.OncePerRequestFilter.doFilter(OncePerRequestFilter.java:117)
	at org.apache.catalina.core.ApplicationFilterChain.internalDoFilter(ApplicationFilterChain.java:189)
	at org.apache.catalina.core.ApplicationFilterChain.doFilter(ApplicationFilterChain.java:162)
	at org.apache.catalina.core.StandardWrapperValve.invoke(StandardWrapperValve.java:197)
	at org.apache.catalina.core.StandardContextValve.invoke(StandardContextValve.java:97)
	at org.apache.catalina.authenticator.AuthenticatorBase.invoke(AuthenticatorBase.java:540)
	at org.apache.catalina.core.StandardHostValve.invoke(StandardHostValve.java:135)
	at org.apache.catalina.valves.ErrorReportValve.invoke(ErrorReportValve.java:92)
	at org.apache.catalina.core.StandardEngineValve.invoke(StandardEngineValve.java:78)
	at org.apache.catalina.connector.CoyoteAdapter.service(CoyoteAdapter.java:357)
	at org.apache.coyote.http11.Http11Processor.service(Http11Processor.java:382)
	at org.apache.coyote.AbstractProcessorLight.process(AbstractProcessorLight.java:65)
	at org.apache.coyote.AbstractProtocol$ConnectionHandler.process(AbstractProtocol.java:895)
	at org.apache.tomcat.util.net.NioEndpoint$SocketProcessor.doRun(NioEndpoint.java:1732)
	at org.apache.tomcat.util.net.SocketProcessorBase.run(SocketProcessorBase.java:49)
	at org.apache.tomcat.util.threads.ThreadPoolExecutor.runWorker(ThreadPoolExecutor.java:1191)
	at org.apache.tomcat.util.threads.ThreadPoolExecutor$Worker.run(ThreadPoolExecutor.java:659)
	at org.apache.tomcat.util.threads.TaskThread$WrappingRunnable.run(TaskThread.java:61)
	at java.base/java.lang.Thread.run(Thread.java:834)
2023-05-24 16:20:20 INFO  main c.w.c.GatewayApplication Starting GatewayApplication using Java 11.0.10 on DESKTOP-SPKKHPB with PID 18716 (D:\11_CG\00_code\CG_AccessControlService\target\classes started by ansen in D:\11_CG\00_code\CG_AccessControlService)
2023-05-24 16:20:20 INFO  background-preinit o.h.v.i.util.Version HV000001: Hibernate Validator 6.2.0.Final
2023-05-24 16:20:20 INFO  main c.w.c.GatewayApplication The following profiles are active: dev
2023-05-24 16:20:21 INFO  main o.s.d.r.c.RepositoryConfigurationDelegate Multiple Spring Data modules found, entering strict repository configuration mode!
2023-05-24 16:20:21 INFO  main o.s.d.r.c.RepositoryConfigurationDelegate Bootstrapping Spring Data Redis repositories in DEFAULT mode.
2023-05-24 16:20:21 INFO  main o.s.d.r.c.RepositoryConfigurationDelegate Finished Spring Data repository scanning in 30 ms. Found 0 Redis repository interfaces.
2023-05-24 16:20:22 INFO  main o.s.b.w.e.t.TomcatWebServer Tomcat initialized with port(s): 9251 (http)
2023-05-24 16:20:22 INFO  main o.a.c.h.Http11NioProtocol Initializing ProtocolHandler ["http-nio-9251"]
2023-05-24 16:20:22 INFO  main o.a.c.c.StandardService Starting service [Tomcat]
2023-05-24 16:20:22 INFO  main o.a.c.c.StandardEngine Starting Servlet engine: [Apache Tomcat/9.0.56]
2023-05-24 16:20:22 INFO  main o.a.c.c.C.[.[.[/]    Initializing Spring embedded WebApplicationContext
2023-05-24 16:20:22 INFO  main o.s.b.w.s.c.ServletWebServerApplicationContext Root WebApplicationContext: initialization completed in 2435 ms
2023-05-24 16:20:22 INFO  main c.a.d.s.b.a.DruidDataSourceAutoConfigure Init DruidDataSource
2023-05-24 16:20:24 INFO  main c.a.d.p.DruidDataSource {dataSource-1} inited
2023-05-24 16:20:24 WARN  main c.b.m.c.m.TableInfoHelper Can not find table primary key in Class: "com.wimetro.cg.db.entity.DSchedulesGroupDetail".
2023-05-24 16:20:24 WARN  main c.b.m.c.i.DefaultSqlInjector class com.wimetro.cg.db.entity.DSchedulesGroupDetail ,Not found @TableId annotation, Cannot use Mybatis-Plus 'xxById' Method.
2023-05-24 16:20:25 INFO  main c.w.c.c.Swagger3Config Swagger3接口文档地址: http://192.168.2.29:9251/swagger-ui.html
2023-05-24 16:20:25 INFO  main c.w.c.c.Swagger3Config Knife4j增强接口文档地址: http://192.168.2.29:9251/doc.html
2023-05-24 16:20:29 INFO  main o.m.p.j.JmsPoolConnectionFactory Provided ConnectionFactory implementation is JMS 2.0+ capable.
2023-05-24 16:20:29 INFO  main o.a.c.h.Http11NioProtocol Starting ProtocolHandler ["http-nio-9251"]
2023-05-24 16:20:29 INFO  main o.s.b.w.e.t.TomcatWebServer Tomcat started on port(s): 9251 (http) with context path ''
2023-05-24 16:20:29 INFO  main c.w.c.GatewayApplication Started GatewayApplication in 10.414 seconds (JVM running for 13.101)
2023-05-24 16:20:29 INFO  main c.w.c.n.r.NettyTcpServer  TcpServer 正在启动
2023-05-24 16:20:29 INFO  main c.w.c.n.r.NettyTcpServer  TcpServer 使用nio模式
2023-05-24 16:20:30 INFO  main c.w.c.n.r.NettyTcpServer tcp server listened on /0:0:0:0:0:0:0:0:8008
2023-05-24 16:20:30 INFO  main c.w.c.n.r.NettyUdpServer  UdpServer 正在启动
2023-05-24 16:20:30 INFO  main c.w.c.n.r.NettyUdpServer  UdpServer 使用nio模式
2023-05-24 16:20:30 INFO  main c.w.c.n.r.NettyUdpServer udp server listened on /0:0:0:0:0:0:0:0:8101
2023-05-24 16:21:04 INFO  http-nio-9251-exec-1 o.a.c.c.C.[.[.[/]    Initializing Spring DispatcherServlet 'dispatcherServlet'
2023-05-24 16:21:04 INFO  http-nio-9251-exec-1 o.s.w.s.DispatcherServlet Initializing Servlet 'dispatcherServlet'
2023-05-24 16:21:04 INFO  http-nio-9251-exec-1 o.s.w.s.DispatcherServlet Completed initialization in 1 ms
2023-05-24 16:21:04 INFO  http-nio-9251-exec-1 c.w.c.s.DeviceManageService 时间组：[ScheduleGroupInfo(groupId=1, scheduleList=[ScheduleInfo(schedules_id=1, begin_time=Mon Jan 01 00:00:00 CST 1900, end_time=Mon Jan 01 23:59:59 CST 1900, mon_flag=1, tues_flag=1, wed_flag=1, thu_flag=1, fri_flag=1, sat_flag=1, sun_flag=1)]), ScheduleGroupInfo(groupId=2, scheduleList=[ScheduleInfo(schedules_id=4, begin_time=Mon Jan 01 00:00:00 CST 1900, end_time=Mon Jan 01 23:59:59 CST 1900, mon_flag=1, tues_flag=1, wed_flag=1, thu_flag=1, fri_flag=1, sat_flag=1, sun_flag=1), ScheduleInfo(schedules_id=5, begin_time=Mon Jan 01 00:00:00 CST 1900, end_time=Mon Jan 01 23:59:59 CST 1900, mon_flag=1, tues_flag=1, wed_flag=1, thu_flag=1, fri_flag=1, sat_flag=1, sun_flag=1), ScheduleInfo(schedules_id=6, begin_time=Mon Jan 01 00:00:00 CST 1900, end_time=Mon Jan 01 23:59:59 CST 1900, mon_flag=1, tues_flag=1, wed_flag=1, thu_flag=1, fri_flag=1, sat_flag=1, sun_flag=1)])]
2023-05-24 16:21:04 INFO  http-nio-9251-exec-1 c.w.c.s.DeviceManageService 设备  不存在
2023-05-24 16:21:04 INFO  http-nio-9251-exec-1 c.w.c.s.DeviceManageService 设备  不存在
2023-05-24 16:21:39 INFO  main c.w.c.GatewayApplication Starting GatewayApplication using Java 11.0.10 on DESKTOP-SPKKHPB with PID 11152 (D:\11_CG\00_code\CG_AccessControlService\target\classes started by ansen in D:\11_CG\00_code\CG_AccessControlService)
2023-05-24 16:21:39 INFO  background-preinit o.h.v.i.util.Version HV000001: Hibernate Validator 6.2.0.Final
2023-05-24 16:21:39 INFO  main c.w.c.GatewayApplication The following profiles are active: dev
2023-05-24 16:21:40 INFO  main o.s.d.r.c.RepositoryConfigurationDelegate Multiple Spring Data modules found, entering strict repository configuration mode!
2023-05-24 16:21:40 INFO  main o.s.d.r.c.RepositoryConfigurationDelegate Bootstrapping Spring Data Redis repositories in DEFAULT mode.
2023-05-24 16:21:41 INFO  main o.s.d.r.c.RepositoryConfigurationDelegate Finished Spring Data repository scanning in 37 ms. Found 0 Redis repository interfaces.
2023-05-24 16:21:41 INFO  main o.s.b.w.e.t.TomcatWebServer Tomcat initialized with port(s): 9251 (http)
2023-05-24 16:21:41 INFO  main o.a.c.h.Http11NioProtocol Initializing ProtocolHandler ["http-nio-9251"]
2023-05-24 16:21:41 INFO  main o.a.c.c.StandardService Starting service [Tomcat]
2023-05-24 16:21:41 INFO  main o.a.c.c.StandardEngine Starting Servlet engine: [Apache Tomcat/9.0.56]
2023-05-24 16:21:42 INFO  main o.a.c.c.C.[.[.[/]    Initializing Spring embedded WebApplicationContext
2023-05-24 16:21:42 INFO  main o.s.b.w.s.c.ServletWebServerApplicationContext Root WebApplicationContext: initialization completed in 2800 ms
2023-05-24 16:21:42 INFO  main c.a.d.s.b.a.DruidDataSourceAutoConfigure Init DruidDataSource
2023-05-24 16:21:44 INFO  main c.a.d.p.DruidDataSource {dataSource-1} inited
2023-05-24 16:21:44 WARN  main c.b.m.c.m.TableInfoHelper Can not find table primary key in Class: "com.wimetro.cg.db.entity.DSchedulesGroupDetail".
2023-05-24 16:21:44 WARN  main c.b.m.c.i.DefaultSqlInjector class com.wimetro.cg.db.entity.DSchedulesGroupDetail ,Not found @TableId annotation, Cannot use Mybatis-Plus 'xxById' Method.
2023-05-24 16:21:47 INFO  main c.w.c.c.Swagger3Config Swagger3接口文档地址: http://192.168.2.29:9251/swagger-ui.html
2023-05-24 16:21:47 INFO  main c.w.c.c.Swagger3Config Knife4j增强接口文档地址: http://192.168.2.29:9251/doc.html
2023-05-24 16:21:50 INFO  main o.m.p.j.JmsPoolConnectionFactory Provided ConnectionFactory implementation is JMS 2.0+ capable.
2023-05-24 16:21:50 INFO  main o.a.c.h.Http11NioProtocol Starting ProtocolHandler ["http-nio-9251"]
2023-05-24 16:21:50 INFO  main o.s.b.w.e.t.TomcatWebServer Tomcat started on port(s): 9251 (http) with context path ''
2023-05-24 16:21:51 INFO  main c.w.c.GatewayApplication Started GatewayApplication in 13.621 seconds (JVM running for 16.986)
2023-05-24 16:21:51 INFO  main c.w.c.n.r.NettyTcpServer  TcpServer 正在启动
2023-05-24 16:21:51 INFO  main c.w.c.n.r.NettyTcpServer  TcpServer 使用nio模式
2023-05-24 16:21:52 INFO  main c.w.c.n.r.NettyTcpServer tcp server listened on /0:0:0:0:0:0:0:0:8008
2023-05-24 16:21:52 INFO  main c.w.c.n.r.NettyUdpServer  UdpServer 正在启动
2023-05-24 16:21:52 INFO  main c.w.c.n.r.NettyUdpServer  UdpServer 使用nio模式
2023-05-24 16:21:52 INFO  main c.w.c.n.r.NettyUdpServer udp server listened on /0:0:0:0:0:0:0:0:8101
2023-05-24 16:24:10 INFO  http-nio-9251-exec-1 o.a.c.c.C.[.[.[/]    Initializing Spring DispatcherServlet 'dispatcherServlet'
2023-05-24 16:24:10 INFO  http-nio-9251-exec-1 o.s.w.s.DispatcherServlet Initializing Servlet 'dispatcherServlet'
2023-05-24 16:24:10 INFO  http-nio-9251-exec-1 o.s.w.s.DispatcherServlet Completed initialization in 2 ms
2023-05-24 16:24:10 INFO  http-nio-9251-exec-1 c.w.c.s.DeviceManageService 时间组：[ScheduleGroupInfo(groupId=1, scheduleList=[ScheduleInfo(schedules_id=1, begin_time=Mon Jan 01 00:00:00 CST 1900, end_time=Mon Jan 01 23:59:59 CST 1900, mon_flag=1, tues_flag=1, wed_flag=1, thu_flag=1, fri_flag=1, sat_flag=1, sun_flag=1)]), ScheduleGroupInfo(groupId=2, scheduleList=[ScheduleInfo(schedules_id=4, begin_time=Mon Jan 01 00:00:00 CST 1900, end_time=Mon Jan 01 23:59:59 CST 1900, mon_flag=1, tues_flag=1, wed_flag=1, thu_flag=1, fri_flag=1, sat_flag=1, sun_flag=1), ScheduleInfo(schedules_id=5, begin_time=Mon Jan 01 00:00:00 CST 1900, end_time=Mon Jan 01 23:59:59 CST 1900, mon_flag=1, tues_flag=1, wed_flag=1, thu_flag=1, fri_flag=1, sat_flag=1, sun_flag=1), ScheduleInfo(schedules_id=6, begin_time=Mon Jan 01 00:00:00 CST 1900, end_time=Mon Jan 01 23:59:59 CST 1900, mon_flag=1, tues_flag=1, wed_flag=1, thu_flag=1, fri_flag=1, sat_flag=1, sun_flag=1)])]
2023-05-24 16:24:10 INFO  http-nio-9251-exec-1 c.w.c.s.DeviceManageService 设备  不存在
2023-05-24 16:24:10 INFO  http-nio-9251-exec-1 c.w.c.s.DeviceManageService 设备  不存在
2023-05-24 16:24:10 INFO  http-nio-9251-exec-1 c.w.c.s.DeviceManageService operation: [TimeSetOperation(index=1, timesetList=[00000000000000000000000000000000000000000000000000000000:0023:59, 00000000000000000000000000000000000000000000000000000000:0023:59, 00000000000000000000000000000000000000000000000000000000:0023:59, 00000000000000000000000000000000000000000000000000000000:0023:59, 00000000000000000000000000000000000000000000000000000000:0023:59, 00000000000000000000000000000000000000000000000000000000:0023:59, 00000000000000000000000000000000000000000000000000000000:0023:59]), TimeSetOperation(index=2, timesetList=[000000000000000000000000000000000000:0023:5900:0023:5900:0023:59, 000000000000000000000000000000000000:0023:5900:0023:5900:0023:59, 000000000000000000000000000000000000:0023:5900:0023:5900:0023:59, 000000000000000000000000000000000000:0023:5900:0023:5900:0023:59, 000000000000000000000000000000000000:0023:5900:0023:5900:0023:59, 000000000000000000000000000000000000:0023:5900:0023:5900:0023:59, 000000000000000000000000000000000000:0023:5900:0023:5900:0023:59])]
2023-05-24 16:27:34 INFO  main c.w.c.GatewayApplication Starting GatewayApplication using Java 11.0.10 on DESKTOP-SPKKHPB with PID 38176 (D:\11_CG\00_code\CG_AccessControlService\target\classes started by ansen in D:\11_CG\00_code\CG_AccessControlService)
2023-05-24 16:27:34 INFO  background-preinit o.h.v.i.util.Version HV000001: Hibernate Validator 6.2.0.Final
2023-05-24 16:27:34 INFO  main c.w.c.GatewayApplication The following profiles are active: dev
2023-05-24 16:27:36 INFO  main o.s.d.r.c.RepositoryConfigurationDelegate Multiple Spring Data modules found, entering strict repository configuration mode!
2023-05-24 16:27:36 INFO  main o.s.d.r.c.RepositoryConfigurationDelegate Bootstrapping Spring Data Redis repositories in DEFAULT mode.
2023-05-24 16:27:36 INFO  main o.s.d.r.c.RepositoryConfigurationDelegate Finished Spring Data repository scanning in 29 ms. Found 0 Redis repository interfaces.
2023-05-24 16:27:37 INFO  main o.s.b.w.e.t.TomcatWebServer Tomcat initialized with port(s): 9251 (http)
2023-05-24 16:27:37 INFO  main o.a.c.h.Http11NioProtocol Initializing ProtocolHandler ["http-nio-9251"]
2023-05-24 16:27:37 INFO  main o.a.c.c.StandardService Starting service [Tomcat]
2023-05-24 16:27:37 INFO  main o.a.c.c.StandardEngine Starting Servlet engine: [Apache Tomcat/9.0.56]
2023-05-24 16:27:37 INFO  main o.a.c.c.C.[.[.[/]    Initializing Spring embedded WebApplicationContext
2023-05-24 16:27:37 INFO  main o.s.b.w.s.c.ServletWebServerApplicationContext Root WebApplicationContext: initialization completed in 2353 ms
2023-05-24 16:27:37 INFO  main c.a.d.s.b.a.DruidDataSourceAutoConfigure Init DruidDataSource
2023-05-24 16:27:38 INFO  main c.a.d.p.DruidDataSource {dataSource-1} inited
2023-05-24 16:27:38 WARN  main c.b.m.c.m.TableInfoHelper Can not find table primary key in Class: "com.wimetro.cg.db.entity.DSchedulesGroupDetail".
2023-05-24 16:27:38 WARN  main c.b.m.c.i.DefaultSqlInjector class com.wimetro.cg.db.entity.DSchedulesGroupDetail ,Not found @TableId annotation, Cannot use Mybatis-Plus 'xxById' Method.
2023-05-24 16:27:40 INFO  main c.w.c.c.Swagger3Config Swagger3接口文档地址: http://192.168.2.29:9251/swagger-ui.html
2023-05-24 16:27:40 INFO  main c.w.c.c.Swagger3Config Knife4j增强接口文档地址: http://192.168.2.29:9251/doc.html
2023-05-24 16:27:41 INFO  main o.m.p.j.JmsPoolConnectionFactory Provided ConnectionFactory implementation is JMS 2.0+ capable.
2023-05-24 16:27:41 INFO  main o.a.c.h.Http11NioProtocol Starting ProtocolHandler ["http-nio-9251"]
2023-05-24 16:27:42 INFO  main o.s.b.w.e.t.TomcatWebServer Tomcat started on port(s): 9251 (http) with context path ''
2023-05-24 16:27:42 INFO  main c.w.c.GatewayApplication Started GatewayApplication in 8.493 seconds (JVM running for 11.307)
2023-05-24 16:27:42 INFO  main c.w.c.n.r.NettyTcpServer  TcpServer 正在启动
2023-05-24 16:27:42 INFO  main c.w.c.n.r.NettyTcpServer  TcpServer 使用nio模式
2023-05-24 16:27:42 INFO  main c.w.c.n.r.NettyTcpServer tcp server listened on /0:0:0:0:0:0:0:0:8008
2023-05-24 16:27:42 INFO  main c.w.c.n.r.NettyUdpServer  UdpServer 正在启动
2023-05-24 16:27:42 INFO  main c.w.c.n.r.NettyUdpServer  UdpServer 使用nio模式
2023-05-24 16:27:42 INFO  main c.w.c.n.r.NettyUdpServer udp server listened on /0:0:0:0:0:0:0:0:8101
2023-05-24 16:30:36 INFO  http-nio-9251-exec-1 o.a.c.c.C.[.[.[/]    Initializing Spring DispatcherServlet 'dispatcherServlet'
2023-05-24 16:30:36 INFO  http-nio-9251-exec-1 o.s.w.s.DispatcherServlet Initializing Servlet 'dispatcherServlet'
2023-05-24 16:30:36 INFO  http-nio-9251-exec-1 o.s.w.s.DispatcherServlet Completed initialization in 1 ms
2023-05-24 16:30:36 INFO  http-nio-9251-exec-1 c.w.c.s.DeviceManageService 时间组：[ScheduleGroupInfo(groupId=1, scheduleList=[ScheduleInfo(schedules_id=1, begin_time=Mon Jan 01 00:00:00 CST 1900, end_time=Mon Jan 01 23:59:59 CST 1900, mon_flag=1, tues_flag=1, wed_flag=1, thu_flag=1, fri_flag=1, sat_flag=1, sun_flag=1)]), ScheduleGroupInfo(groupId=2, scheduleList=[ScheduleInfo(schedules_id=4, begin_time=Mon Jan 01 00:00:00 CST 1900, end_time=Mon Jan 01 23:59:59 CST 1900, mon_flag=1, tues_flag=1, wed_flag=1, thu_flag=1, fri_flag=1, sat_flag=1, sun_flag=1), ScheduleInfo(schedules_id=5, begin_time=Mon Jan 01 00:00:00 CST 1900, end_time=Mon Jan 01 23:59:59 CST 1900, mon_flag=1, tues_flag=1, wed_flag=1, thu_flag=1, fri_flag=1, sat_flag=1, sun_flag=1), ScheduleInfo(schedules_id=6, begin_time=Mon Jan 01 00:00:00 CST 1900, end_time=Mon Jan 01 23:59:59 CST 1900, mon_flag=1, tues_flag=1, wed_flag=1, thu_flag=1, fri_flag=1, sat_flag=1, sun_flag=1)])]
2023-05-24 16:30:36 INFO  http-nio-9251-exec-1 c.w.c.s.DeviceManageService 设备  不存在
2023-05-24 16:30:36 INFO  http-nio-9251-exec-1 c.w.c.s.DeviceManageService 设备  不存在
2023-05-24 16:30:36 INFO  http-nio-9251-exec-1 c.w.c.s.DeviceManageService operation: [TimeSetOperation(index=1, timesetList=[00000000000000000000000000000000000000000000000000000000:0023:59, 00000000000000000000000000000000000000000000000000000000:0023:59, 00000000000000000000000000000000000000000000000000000000:0023:59, 00000000000000000000000000000000000000000000000000000000:0023:59, 00000000000000000000000000000000000000000000000000000000:0023:59, 00000000000000000000000000000000000000000000000000000000:0023:59, 00000000000000000000000000000000000000000000000000000000:0023:59]), TimeSetOperation(index=2, timesetList=[000000000000000000000000000000000000:0023:5900:0023:5900:0023:59, 000000000000000000000000000000000000:0023:5900:0023:5900:0023:59, 000000000000000000000000000000000000:0023:5900:0023:5900:0023:59, 000000000000000000000000000000000000:0023:5900:0023:5900:0023:59, 000000000000000000000000000000000000:0023:5900:0023:5900:0023:59, 000000000000000000000000000000000000:0023:5900:0023:5900:0023:59, 000000000000000000000000000000000000:0023:5900:0023:5900:0023:59])]
2023-05-24 16:31:51 INFO  main c.w.c.GatewayApplication Starting GatewayApplication using Java 11.0.10 on DESKTOP-SPKKHPB with PID 29844 (D:\11_CG\00_code\CG_AccessControlService\target\classes started by ansen in D:\11_CG\00_code\CG_AccessControlService)
2023-05-24 16:31:51 INFO  main c.w.c.GatewayApplication The following profiles are active: dev
2023-05-24 16:31:51 INFO  background-preinit o.h.v.i.util.Version HV000001: Hibernate Validator 6.2.0.Final
2023-05-24 16:31:52 INFO  main o.s.d.r.c.RepositoryConfigurationDelegate Multiple Spring Data modules found, entering strict repository configuration mode!
2023-05-24 16:31:52 INFO  main o.s.d.r.c.RepositoryConfigurationDelegate Bootstrapping Spring Data Redis repositories in DEFAULT mode.
2023-05-24 16:31:52 INFO  main o.s.d.r.c.RepositoryConfigurationDelegate Finished Spring Data repository scanning in 31 ms. Found 0 Redis repository interfaces.
2023-05-24 16:31:53 INFO  main o.s.b.w.e.t.TomcatWebServer Tomcat initialized with port(s): 9251 (http)
2023-05-24 16:31:53 INFO  main o.a.c.h.Http11NioProtocol Initializing ProtocolHandler ["http-nio-9251"]
2023-05-24 16:31:53 INFO  main o.a.c.c.StandardService Starting service [Tomcat]
2023-05-24 16:31:53 INFO  main o.a.c.c.StandardEngine Starting Servlet engine: [Apache Tomcat/9.0.56]
2023-05-24 16:31:53 INFO  main o.a.c.c.C.[.[.[/]    Initializing Spring embedded WebApplicationContext
2023-05-24 16:31:53 INFO  main o.s.b.w.s.c.ServletWebServerApplicationContext Root WebApplicationContext: initialization completed in 2243 ms
2023-05-24 16:31:53 INFO  main c.a.d.s.b.a.DruidDataSourceAutoConfigure Init DruidDataSource
2023-05-24 16:31:54 INFO  main c.a.d.p.DruidDataSource {dataSource-1} inited
2023-05-24 16:31:55 WARN  main c.b.m.c.m.TableInfoHelper Can not find table primary key in Class: "com.wimetro.cg.db.entity.DSchedulesGroupDetail".
2023-05-24 16:31:55 WARN  main c.b.m.c.i.DefaultSqlInjector class com.wimetro.cg.db.entity.DSchedulesGroupDetail ,Not found @TableId annotation, Cannot use Mybatis-Plus 'xxById' Method.
2023-05-24 16:31:56 INFO  main c.w.c.c.Swagger3Config Swagger3接口文档地址: http://192.168.2.29:9251/swagger-ui.html
2023-05-24 16:31:56 INFO  main c.w.c.c.Swagger3Config Knife4j增强接口文档地址: http://192.168.2.29:9251/doc.html
2023-05-24 16:31:58 INFO  main o.m.p.j.JmsPoolConnectionFactory Provided ConnectionFactory implementation is JMS 2.0+ capable.
2023-05-24 16:31:58 INFO  main o.a.c.h.Http11NioProtocol Starting ProtocolHandler ["http-nio-9251"]
2023-05-24 16:31:58 INFO  main o.s.b.w.e.t.TomcatWebServer Tomcat started on port(s): 9251 (http) with context path ''
2023-05-24 16:31:58 INFO  main c.w.c.GatewayApplication Started GatewayApplication in 8.614 seconds (JVM running for 11.13)
2023-05-24 16:31:58 INFO  main c.w.c.n.r.NettyTcpServer  TcpServer 正在启动
2023-05-24 16:31:58 INFO  main c.w.c.n.r.NettyTcpServer  TcpServer 使用nio模式
2023-05-24 16:31:59 INFO  main c.w.c.n.r.NettyTcpServer tcp server listened on /0:0:0:0:0:0:0:0:8008
2023-05-24 16:31:59 INFO  main c.w.c.n.r.NettyUdpServer  UdpServer 正在启动
2023-05-24 16:31:59 INFO  main c.w.c.n.r.NettyUdpServer  UdpServer 使用nio模式
2023-05-24 16:31:59 INFO  main c.w.c.n.r.NettyUdpServer udp server listened on /0:0:0:0:0:0:0:0:8101
2023-05-24 16:51:39 INFO  http-nio-9251-exec-1 o.a.c.c.C.[.[.[/]    Initializing Spring DispatcherServlet 'dispatcherServlet'
2023-05-24 16:51:39 INFO  http-nio-9251-exec-1 o.s.w.s.DispatcherServlet Initializing Servlet 'dispatcherServlet'
2023-05-24 16:51:39 INFO  http-nio-9251-exec-1 o.s.w.s.DispatcherServlet Completed initialization in 2 ms
2023-05-24 16:51:39 INFO  http-nio-9251-exec-1 c.w.c.s.DeviceManageService 时间组：[ScheduleGroupInfo(groupId=1, scheduleList=[ScheduleInfo(schedules_id=1, begin_time=Mon Jan 01 00:00:00 CST 1900, end_time=Mon Jan 01 23:59:59 CST 1900, mon_flag=1, tues_flag=1, wed_flag=1, thu_flag=1, fri_flag=1, sat_flag=1, sun_flag=1)]), ScheduleGroupInfo(groupId=2, scheduleList=[ScheduleInfo(schedules_id=4, begin_time=Mon Jan 01 00:00:00 CST 1900, end_time=Mon Jan 01 23:59:59 CST 1900, mon_flag=1, tues_flag=1, wed_flag=1, thu_flag=1, fri_flag=1, sat_flag=1, sun_flag=1), ScheduleInfo(schedules_id=5, begin_time=Mon Jan 01 00:00:00 CST 1900, end_time=Mon Jan 01 23:59:59 CST 1900, mon_flag=1, tues_flag=1, wed_flag=1, thu_flag=1, fri_flag=1, sat_flag=1, sun_flag=1), ScheduleInfo(schedules_id=6, begin_time=Mon Jan 01 00:00:00 CST 1900, end_time=Mon Jan 01 23:59:59 CST 1900, mon_flag=1, tues_flag=1, wed_flag=1, thu_flag=1, fri_flag=1, sat_flag=1, sun_flag=1)])]
2023-05-24 16:51:39 INFO  http-nio-9251-exec-1 c.w.c.s.DeviceManageService 1 - [TimeSlotOfDay(timeSlots=[TimeSlot{start=00:00, end=23:59}]), TimeSlotOfDay(timeSlots=[TimeSlot{start=00:00, end=23:59}]), TimeSlotOfDay(timeSlots=[TimeSlot{start=00:00, end=23:59}]), TimeSlotOfDay(timeSlots=[TimeSlot{start=00:00, end=23:59}]), TimeSlotOfDay(timeSlots=[TimeSlot{start=00:00, end=23:59}]), TimeSlotOfDay(timeSlots=[TimeSlot{start=00:00, end=23:59}]), TimeSlotOfDay(timeSlots=[TimeSlot{start=00:00, end=23:59}])]
2023-05-24 16:51:39 INFO  http-nio-9251-exec-1 c.w.c.s.DeviceManageService 设备  不存在
2023-05-24 16:51:39 INFO  http-nio-9251-exec-1 c.w.c.s.DeviceManageService 2 - [TimeSlotOfDay(timeSlots=[TimeSlot{start=00:00, end=23:59}, TimeSlot{start=00:00, end=23:59}, TimeSlot{start=00:00, end=23:59}]), TimeSlotOfDay(timeSlots=[TimeSlot{start=00:00, end=23:59}, TimeSlot{start=00:00, end=23:59}, TimeSlot{start=00:00, end=23:59}]), TimeSlotOfDay(timeSlots=[TimeSlot{start=00:00, end=23:59}, TimeSlot{start=00:00, end=23:59}, TimeSlot{start=00:00, end=23:59}]), TimeSlotOfDay(timeSlots=[TimeSlot{start=00:00, end=23:59}, TimeSlot{start=00:00, end=23:59}, TimeSlot{start=00:00, end=23:59}]), TimeSlotOfDay(timeSlots=[TimeSlot{start=00:00, end=23:59}, TimeSlot{start=00:00, end=23:59}, TimeSlot{start=00:00, end=23:59}]), TimeSlotOfDay(timeSlots=[TimeSlot{start=00:00, end=23:59}, TimeSlot{start=00:00, end=23:59}, TimeSlot{start=00:00, end=23:59}]), TimeSlotOfDay(timeSlots=[TimeSlot{start=00:00, end=23:59}, TimeSlot{start=00:00, end=23:59}, TimeSlot{start=00:00, end=23:59}])]
2023-05-24 16:51:39 INFO  http-nio-9251-exec-1 c.w.c.s.DeviceManageService 设备  不存在
2023-05-24 16:51:39 INFO  http-nio-9251-exec-1 c.w.c.s.DeviceManageService operation: [TimeSetOperation(index=1, timesetList=[00000000000000000000000000000000000000000000000000000000:0023:59, 00000000000000000000000000000000000000000000000000000000:0023:59, 00000000000000000000000000000000000000000000000000000000:0023:59, 00000000000000000000000000000000000000000000000000000000:0023:59, 00000000000000000000000000000000000000000000000000000000:0023:59, 00000000000000000000000000000000000000000000000000000000:0023:59, 00000000000000000000000000000000000000000000000000000000:0023:59]), TimeSetOperation(index=2, timesetList=[000000000000000000000000000000000000:0023:5900:0023:5900:0023:59, 000000000000000000000000000000000000:0023:5900:0023:5900:0023:59, 000000000000000000000000000000000000:0023:5900:0023:5900:0023:59, 000000000000000000000000000000000000:0023:5900:0023:5900:0023:59, 000000000000000000000000000000000000:0023:5900:0023:5900:0023:59, 000000000000000000000000000000000000:0023:5900:0023:5900:0023:59, 000000000000000000000000000000000000:0023:5900:0023:5900:0023:59])]
