2023-03-21 09:33:05 INFO  main c.w.a.GatewayApplication Starting GatewayApplication using Java 11.0.10 on DESKTOP-SPKKHPB with PID 35212 (D:\11_CG\00_code\CG_AccessControlService\target\classes started by ansen in D:\11_CG\00_code\CG_AccessControlService)
2023-03-21 09:33:05 INFO  background-preinit o.h.v.i.util.Version HV000001: Hibernate Validator 6.2.0.Final
2023-03-21 09:33:05 INFO  main c.w.a.GatewayApplication The following profiles are active: dev
2023-03-21 09:33:07 INFO  main o.s.d.r.c.RepositoryConfigurationDelegate Multiple Spring Data modules found, entering strict repository configuration mode!
2023-03-21 09:33:07 INFO  main o.s.d.r.c.RepositoryConfigurationDelegate Bootstrapping Spring Data Redis repositories in DEFAULT mode.
2023-03-21 09:33:07 INFO  main o.s.d.r.c.RepositoryConfigurationDelegate Finished Spring Data repository scanning in 19 ms. Found 0 Redis repository interfaces.
2023-03-21 09:33:07 WARN  main o.m.s.m.ClassPathMapperScanner No MyBatis mapper was found in '[com.wimetro.cg]' package. Please check your configuration.
2023-03-21 09:33:08 INFO  main o.s.b.w.e.t.TomcatWebServer Tomcat initialized with port(s): 9257 (http)
2023-03-21 09:33:08 INFO  main o.a.c.h.Http11NioProtocol Initializing ProtocolHandler ["http-nio-9257"]
2023-03-21 09:33:08 INFO  main o.a.c.c.StandardService Starting service [Tomcat]
2023-03-21 09:33:08 INFO  main o.a.c.c.StandardEngine Starting Servlet engine: [Apache Tomcat/9.0.56]
2023-03-21 09:33:08 INFO  main o.a.c.c.C.[.[.[/]    Initializing Spring embedded WebApplicationContext
2023-03-21 09:33:08 INFO  main o.s.b.w.s.c.ServletWebServerApplicationContext Root WebApplicationContext: initialization completed in 2106 ms
2023-03-21 09:33:08 INFO  main c.w.a.c.Swagger3Config Swagger3接口文档地址: http://192.168.2.29:9257/swagger-ui.html
2023-03-21 09:33:08 INFO  main c.w.a.c.Swagger3Config Knife4j增强接口文档地址: http://192.168.2.29:9257/doc.html
2023-03-21 09:33:10 INFO  main c.a.d.s.b.a.DruidDataSourceAutoConfigure Init DruidDataSource
2023-03-21 09:33:11 INFO  main c.a.d.p.DruidDataSource {dataSource-1} inited
2023-03-21 09:33:12 INFO  main o.m.p.j.JmsPoolConnectionFactory Provided ConnectionFactory implementation is JMS 2.0+ capable.
2023-03-21 09:33:12 INFO  main o.a.c.h.Http11NioProtocol Starting ProtocolHandler ["http-nio-9257"]
2023-03-21 09:33:12 INFO  main o.s.b.w.e.t.TomcatWebServer Tomcat started on port(s): 9257 (http) with context path ''
2023-03-21 09:33:13 INFO  main c.w.a.GatewayApplication Started GatewayApplication in 8.104 seconds (JVM running for 10.458)
2023-03-21 09:33:13 INFO  main c.w.a.n.r.NettyUdpServer  UdpServer 正在启动
2023-03-21 09:33:13 INFO  main c.w.a.n.r.NettyUdpServer  UdpServer 使用nio模式
2023-03-21 09:33:13 WARN  main i.n.b.ServerBootstrap Unknown channel option 'SO_BROADCAST' for channel '[id: 0x807a96cf]'
2023-03-21 09:40:25 INFO  main c.w.a.GatewayApplication Starting GatewayApplication using Java 11.0.10 on DESKTOP-SPKKHPB with PID 35228 (D:\11_CG\00_code\CG_AccessControlService\target\classes started by ansen in D:\11_CG\00_code\CG_AccessControlService)
2023-03-21 09:40:25 INFO  main c.w.a.GatewayApplication The following profiles are active: dev
2023-03-21 09:40:25 INFO  background-preinit o.h.v.i.util.Version HV000001: Hibernate Validator 6.2.0.Final
2023-03-21 09:40:27 INFO  main o.s.d.r.c.RepositoryConfigurationDelegate Multiple Spring Data modules found, entering strict repository configuration mode!
2023-03-21 09:40:27 INFO  main o.s.d.r.c.RepositoryConfigurationDelegate Bootstrapping Spring Data Redis repositories in DEFAULT mode.
2023-03-21 09:40:27 INFO  main o.s.d.r.c.RepositoryConfigurationDelegate Finished Spring Data repository scanning in 18 ms. Found 0 Redis repository interfaces.
2023-03-21 09:40:27 WARN  main o.m.s.m.ClassPathMapperScanner No MyBatis mapper was found in '[com.wimetro.cg]' package. Please check your configuration.
2023-03-21 09:40:27 INFO  main o.s.b.w.e.t.TomcatWebServer Tomcat initialized with port(s): 9257 (http)
2023-03-21 09:40:27 INFO  main o.a.c.h.Http11NioProtocol Initializing ProtocolHandler ["http-nio-9257"]
2023-03-21 09:40:27 INFO  main o.a.c.c.StandardService Starting service [Tomcat]
2023-03-21 09:40:27 INFO  main o.a.c.c.StandardEngine Starting Servlet engine: [Apache Tomcat/9.0.56]
2023-03-21 09:40:28 INFO  main o.a.c.c.C.[.[.[/]    Initializing Spring embedded WebApplicationContext
2023-03-21 09:40:28 INFO  main o.s.b.w.s.c.ServletWebServerApplicationContext Root WebApplicationContext: initialization completed in 2120 ms
2023-03-21 09:40:28 INFO  main c.w.a.c.Swagger3Config Swagger3接口文档地址: http://192.168.2.29:9257/swagger-ui.html
2023-03-21 09:40:28 INFO  main c.w.a.c.Swagger3Config Knife4j增强接口文档地址: http://192.168.2.29:9257/doc.html
2023-03-21 09:40:30 INFO  main c.a.d.s.b.a.DruidDataSourceAutoConfigure Init DruidDataSource
2023-03-21 09:40:31 INFO  main c.a.d.p.DruidDataSource {dataSource-1} inited
2023-03-21 09:40:32 INFO  main o.m.p.j.JmsPoolConnectionFactory Provided ConnectionFactory implementation is JMS 2.0+ capable.
2023-03-21 09:40:32 INFO  main o.a.c.h.Http11NioProtocol Starting ProtocolHandler ["http-nio-9257"]
2023-03-21 09:40:32 INFO  main o.s.b.w.e.t.TomcatWebServer Tomcat started on port(s): 9257 (http) with context path ''
2023-03-21 09:40:33 INFO  main c.w.a.GatewayApplication Started GatewayApplication in 8.339 seconds (JVM running for 10.478)
2023-03-21 09:40:33 INFO  main c.w.a.n.r.NettyUdpServer  UdpServer 正在启动
2023-03-21 09:40:33 INFO  main c.w.a.n.r.NettyUdpServer  UdpServer 使用nio模式
