2023-05-18 15:10:02 INFO  main c.w.c.GatewayApplication Starting GatewayApplication using Java 11.0.10 on DESKTOP-SPKKHPB with PID 31296 (D:\11_CG\00_code\CG_AccessControlService\target\classes started by ansen in D:\11_CG\00_code\CG_AccessControlService)
2023-05-18 15:10:02 INFO  background-preinit o.h.v.i.util.Version HV000001: Hibernate Validator 6.2.0.Final
2023-05-18 15:10:02 INFO  main c.w.c.GatewayApplication The following profiles are active: dev
2023-05-18 15:10:03 INFO  main o.s.d.r.c.RepositoryConfigurationDelegate Multiple Spring Data modules found, entering strict repository configuration mode!
2023-05-18 15:10:03 INFO  main o.s.d.r.c.RepositoryConfigurationDelegate Bootstrapping Spring Data Redis repositories in DEFAULT mode.
2023-05-18 15:10:03 INFO  main o.s.d.r.c.RepositoryConfigurationDelegate Finished Spring Data repository scanning in 28 ms. Found 0 Redis repository interfaces.
2023-05-18 15:10:04 INFO  main o.s.b.w.e.t.TomcatWebServer Tomcat initialized with port(s): 9251 (http)
2023-05-18 15:10:04 INFO  main o.a.c.h.Http11NioProtocol Initializing ProtocolHandler ["http-nio-9251"]
2023-05-18 15:10:04 INFO  main o.a.c.c.StandardService Starting service [Tomcat]
2023-05-18 15:10:04 INFO  main o.a.c.c.StandardEngine Starting Servlet engine: [Apache Tomcat/9.0.56]
2023-05-18 15:10:04 INFO  main o.a.c.c.C.[.[.[/]    Initializing Spring embedded WebApplicationContext
2023-05-18 15:10:04 INFO  main o.s.b.w.s.c.ServletWebServerApplicationContext Root WebApplicationContext: initialization completed in 2388 ms
2023-05-18 15:10:04 INFO  main c.a.d.s.b.a.DruidDataSourceAutoConfigure Init DruidDataSource
2023-05-18 15:10:06 INFO  main c.a.d.p.DruidDataSource {dataSource-1} inited
2023-05-18 15:10:07 INFO  main c.w.c.c.Swagger3Config Swagger3接口文档地址: http://192.168.2.29:9251/swagger-ui.html
2023-05-18 15:10:07 INFO  main c.w.c.c.Swagger3Config Knife4j增强接口文档地址: http://192.168.2.29:9251/doc.html
2023-05-18 15:10:09 INFO  main o.m.p.j.JmsPoolConnectionFactory Provided ConnectionFactory implementation is JMS 2.0+ capable.
2023-05-18 15:10:09 INFO  main o.a.c.h.Http11NioProtocol Starting ProtocolHandler ["http-nio-9251"]
2023-05-18 15:10:09 INFO  main o.s.b.w.e.t.TomcatWebServer Tomcat started on port(s): 9251 (http) with context path ''
2023-05-18 15:10:10 INFO  main c.w.c.GatewayApplication Started GatewayApplication in 9.195 seconds (JVM running for 11.843)
2023-05-18 15:10:10 INFO  main c.w.c.n.r.NettyTcpServer  TcpServer 正在启动
2023-05-18 15:10:10 INFO  main c.w.c.n.r.NettyTcpServer  TcpServer 使用nio模式
2023-05-18 15:10:11 INFO  main c.w.c.n.r.NettyTcpServer tcp server listened on /0:0:0:0:0:0:0:0:8008
2023-05-18 15:10:11 INFO  main c.w.c.n.r.NettyUdpServer  UdpServer 正在启动
2023-05-18 15:10:11 INFO  main c.w.c.n.r.NettyUdpServer  UdpServer 使用nio模式
2023-05-18 15:10:11 INFO  main c.w.c.n.r.NettyUdpServer udp server listened on /0:0:0:0:0:0:0:0:8101
