2023-08-08 14:15:27 ERROR boss-7-1 c.w.c.n.h.DeviceUdpHandler 出现异常
java.lang.AssertionError: no found type
	at com.wimetro.cg.protocol.message.OperationType.getOperationType(OperationType.java:110)
	at com.wimetro.cg.protocol.message.OperationType.fromOpCode(OperationType.java:95)
	at com.wimetro.cg.protocol.message.DeviceMessage.getMessageBodyDecodeClass(DeviceMessage.java:14)
	at com.wimetro.cg.protocol.message.Message.decodeMsgBody(Message.java:141)
	at com.wimetro.cg.protocol.message.Message.decode(Message.java:132)
	at com.wimetro.cg.netty.codec.UdpDeviceDecoder.decode(UdpDeviceDecoder.java:39)
	at com.wimetro.cg.netty.codec.UdpDeviceDecoder.decode(UdpDeviceDecoder.java:21)
	at io.netty.handler.codec.MessageToMessageDecoder.channelRead(MessageToMessageDecoder.java:88)
	at io.netty.channel.AbstractChannelHandlerContext.invokeChannelRead(AbstractChannelHandlerContext.java:379)
	at io.netty.channel.AbstractChannelHandlerContext.invokeChannelRead(AbstractChannelHandlerContext.java:365)
	at io.netty.channel.AbstractChannelHandlerContext.fireChannelRead(AbstractChannelHandlerContext.java:357)
	at io.netty.channel.DefaultChannelPipeline$HeadContext.channelRead(DefaultChannelPipeline.java:1410)
	at io.netty.channel.AbstractChannelHandlerContext.invokeChannelRead(AbstractChannelHandlerContext.java:379)
	at io.netty.channel.AbstractChannelHandlerContext.invokeChannelRead(AbstractChannelHandlerContext.java:365)
	at io.netty.channel.DefaultChannelPipeline.fireChannelRead(DefaultChannelPipeline.java:919)
	at io.netty.channel.nio.AbstractNioMessageChannel$NioMessageUnsafe.read(AbstractNioMessageChannel.java:93)
	at io.netty.channel.nio.NioEventLoop.processSelectedKey(NioEventLoop.java:714)
	at io.netty.channel.nio.NioEventLoop.processSelectedKeysOptimized(NioEventLoop.java:650)
	at io.netty.channel.nio.NioEventLoop.processSelectedKeys(NioEventLoop.java:576)
	at io.netty.channel.nio.NioEventLoop.run(NioEventLoop.java:493)
	at io.netty.util.concurrent.SingleThreadEventExecutor$4.run(SingleThreadEventExecutor.java:989)
	at io.netty.util.internal.ThreadExecutorMap$2.run(ThreadExecutorMap.java:74)
	at io.netty.util.concurrent.FastThreadLocalRunnable.run(FastThreadLocalRunnable.java:30)
	at java.base/java.lang.Thread.run(Thread.java:834)
2023-08-08 14:15:28 ERROR boss-7-1 c.w.c.n.h.DeviceUdpHandler 出现异常
java.lang.AssertionError: no found type
	at com.wimetro.cg.protocol.message.OperationType.getOperationType(OperationType.java:110)
	at com.wimetro.cg.protocol.message.OperationType.fromOpCode(OperationType.java:95)
	at com.wimetro.cg.protocol.message.DeviceMessage.getMessageBodyDecodeClass(DeviceMessage.java:14)
	at com.wimetro.cg.protocol.message.Message.decodeMsgBody(Message.java:141)
	at com.wimetro.cg.protocol.message.Message.decode(Message.java:132)
	at com.wimetro.cg.netty.codec.UdpDeviceDecoder.decode(UdpDeviceDecoder.java:39)
	at com.wimetro.cg.netty.codec.UdpDeviceDecoder.decode(UdpDeviceDecoder.java:21)
	at io.netty.handler.codec.MessageToMessageDecoder.channelRead(MessageToMessageDecoder.java:88)
	at io.netty.channel.AbstractChannelHandlerContext.invokeChannelRead(AbstractChannelHandlerContext.java:379)
	at io.netty.channel.AbstractChannelHandlerContext.invokeChannelRead(AbstractChannelHandlerContext.java:365)
	at io.netty.channel.AbstractChannelHandlerContext.fireChannelRead(AbstractChannelHandlerContext.java:357)
	at io.netty.channel.DefaultChannelPipeline$HeadContext.channelRead(DefaultChannelPipeline.java:1410)
	at io.netty.channel.AbstractChannelHandlerContext.invokeChannelRead(AbstractChannelHandlerContext.java:379)
	at io.netty.channel.AbstractChannelHandlerContext.invokeChannelRead(AbstractChannelHandlerContext.java:365)
	at io.netty.channel.DefaultChannelPipeline.fireChannelRead(DefaultChannelPipeline.java:919)
	at io.netty.channel.nio.AbstractNioMessageChannel$NioMessageUnsafe.read(AbstractNioMessageChannel.java:93)
	at io.netty.channel.nio.NioEventLoop.processSelectedKey(NioEventLoop.java:714)
	at io.netty.channel.nio.NioEventLoop.processSelectedKeysOptimized(NioEventLoop.java:650)
	at io.netty.channel.nio.NioEventLoop.processSelectedKeys(NioEventLoop.java:576)
	at io.netty.channel.nio.NioEventLoop.run(NioEventLoop.java:493)
	at io.netty.util.concurrent.SingleThreadEventExecutor$4.run(SingleThreadEventExecutor.java:989)
	at io.netty.util.internal.ThreadExecutorMap$2.run(ThreadExecutorMap.java:74)
	at io.netty.util.concurrent.FastThreadLocalRunnable.run(FastThreadLocalRunnable.java:30)
	at java.base/java.lang.Thread.run(Thread.java:834)
