2023-03-23 15:41:47 ERROR boss-7-1 c.w.a.p.m.Message    属性netIdentifier访问异常，消息编码失败
java.lang.IllegalAccessException: class com.wimetro.acs.protocol.message.Message cannot access a member of class com.wimetro.acs.protocol.NetIdentifierOperationResult with modifiers "private"
	at java.base/jdk.internal.reflect.Reflection.newIllegalAccessException(Reflection.java:361)
	at java.base/java.lang.reflect.AccessibleObject.checkAccess(AccessibleObject.java:591)
	at java.base/java.lang.reflect.Field.checkAccess(Field.java:1075)
	at java.base/java.lang.reflect.Field.get(Field.java:416)
	at com.wimetro.acs.protocol.message.Message.getSortedParams(Message.java:240)
	at com.wimetro.acs.protocol.message.Message.encodeMsgBody(Message.java:79)
	at com.wimetro.acs.protocol.message.Message.encode(Message.java:51)
	at com.wimetro.acs.netty.codec.UdpDeviceEncoder.encode(UdpDeviceEncoder.java:27)
	at com.wimetro.acs.netty.codec.UdpDeviceEncoder.encode(UdpDeviceEncoder.java:21)
	at io.netty.handler.codec.MessageToMessageEncoder.write(MessageToMessageEncoder.java:89)
	at io.netty.channel.AbstractChannelHandlerContext.invokeWrite0(AbstractChannelHandlerContext.java:717)
	at io.netty.channel.AbstractChannelHandlerContext.invokeWriteAndFlush(AbstractChannelHandlerContext.java:764)
	at io.netty.channel.AbstractChannelHandlerContext$WriteTask.run(AbstractChannelHandlerContext.java:1071)
	at io.netty.util.concurrent.AbstractEventExecutor.safeExecute(AbstractEventExecutor.java:164)
	at io.netty.util.concurrent.SingleThreadEventExecutor.runAllTasks(SingleThreadEventExecutor.java:472)
	at io.netty.channel.nio.NioEventLoop.run(NioEventLoop.java:500)
	at io.netty.util.concurrent.SingleThreadEventExecutor$4.run(SingleThreadEventExecutor.java:989)
	at io.netty.util.internal.ThreadExecutorMap$2.run(ThreadExecutorMap.java:74)
	at io.netty.util.concurrent.FastThreadLocalRunnable.run(FastThreadLocalRunnable.java:30)
	at java.base/java.lang.Thread.run(Thread.java:834)
2023-03-23 15:41:48 ERROR boss-7-1 c.w.a.p.m.Message    属性netIdentifier访问异常，消息编码失败
java.lang.IllegalAccessException: class com.wimetro.acs.protocol.message.Message cannot access a member of class com.wimetro.acs.protocol.NetIdentifierOperationResult with modifiers "private"
	at java.base/jdk.internal.reflect.Reflection.newIllegalAccessException(Reflection.java:361)
	at java.base/java.lang.reflect.AccessibleObject.checkAccess(AccessibleObject.java:591)
	at java.base/java.lang.reflect.Field.checkAccess(Field.java:1075)
	at java.base/java.lang.reflect.Field.get(Field.java:416)
	at com.wimetro.acs.protocol.message.Message.getSortedParams(Message.java:240)
	at com.wimetro.acs.protocol.message.Message.encodeMsgBody(Message.java:79)
	at com.wimetro.acs.protocol.message.Message.encode(Message.java:51)
	at com.wimetro.acs.netty.codec.UdpDeviceEncoder.encode(UdpDeviceEncoder.java:27)
	at com.wimetro.acs.netty.codec.UdpDeviceEncoder.encode(UdpDeviceEncoder.java:21)
	at io.netty.handler.codec.MessageToMessageEncoder.write(MessageToMessageEncoder.java:89)
	at io.netty.channel.AbstractChannelHandlerContext.invokeWrite0(AbstractChannelHandlerContext.java:717)
	at io.netty.channel.AbstractChannelHandlerContext.invokeWriteAndFlush(AbstractChannelHandlerContext.java:764)
	at io.netty.channel.AbstractChannelHandlerContext$WriteTask.run(AbstractChannelHandlerContext.java:1071)
	at io.netty.util.concurrent.AbstractEventExecutor.safeExecute(AbstractEventExecutor.java:164)
	at io.netty.util.concurrent.SingleThreadEventExecutor.runAllTasks(SingleThreadEventExecutor.java:472)
	at io.netty.channel.nio.NioEventLoop.run(NioEventLoop.java:500)
	at io.netty.util.concurrent.SingleThreadEventExecutor$4.run(SingleThreadEventExecutor.java:989)
	at io.netty.util.internal.ThreadExecutorMap$2.run(ThreadExecutorMap.java:74)
	at io.netty.util.concurrent.FastThreadLocalRunnable.run(FastThreadLocalRunnable.java:30)
	at java.base/java.lang.Thread.run(Thread.java:834)
2023-03-23 15:41:49 ERROR boss-7-1 c.w.a.p.m.Message    属性netIdentifier访问异常，消息编码失败
java.lang.IllegalAccessException: class com.wimetro.acs.protocol.message.Message cannot access a member of class com.wimetro.acs.protocol.NetIdentifierOperationResult with modifiers "private"
	at java.base/jdk.internal.reflect.Reflection.newIllegalAccessException(Reflection.java:361)
	at java.base/java.lang.reflect.AccessibleObject.checkAccess(AccessibleObject.java:591)
	at java.base/java.lang.reflect.Field.checkAccess(Field.java:1075)
	at java.base/java.lang.reflect.Field.get(Field.java:416)
	at com.wimetro.acs.protocol.message.Message.getSortedParams(Message.java:240)
	at com.wimetro.acs.protocol.message.Message.encodeMsgBody(Message.java:79)
	at com.wimetro.acs.protocol.message.Message.encode(Message.java:51)
	at com.wimetro.acs.netty.codec.UdpDeviceEncoder.encode(UdpDeviceEncoder.java:27)
	at com.wimetro.acs.netty.codec.UdpDeviceEncoder.encode(UdpDeviceEncoder.java:21)
	at io.netty.handler.codec.MessageToMessageEncoder.write(MessageToMessageEncoder.java:89)
	at io.netty.channel.AbstractChannelHandlerContext.invokeWrite0(AbstractChannelHandlerContext.java:717)
	at io.netty.channel.AbstractChannelHandlerContext.invokeWriteAndFlush(AbstractChannelHandlerContext.java:764)
	at io.netty.channel.AbstractChannelHandlerContext$WriteTask.run(AbstractChannelHandlerContext.java:1071)
	at io.netty.util.concurrent.AbstractEventExecutor.safeExecute(AbstractEventExecutor.java:164)
	at io.netty.util.concurrent.SingleThreadEventExecutor.runAllTasks(SingleThreadEventExecutor.java:472)
	at io.netty.channel.nio.NioEventLoop.run(NioEventLoop.java:500)
	at io.netty.util.concurrent.SingleThreadEventExecutor$4.run(SingleThreadEventExecutor.java:989)
	at io.netty.util.internal.ThreadExecutorMap$2.run(ThreadExecutorMap.java:74)
	at io.netty.util.concurrent.FastThreadLocalRunnable.run(FastThreadLocalRunnable.java:30)
	at java.base/java.lang.Thread.run(Thread.java:834)
2023-03-23 15:41:50 ERROR boss-7-1 c.w.a.p.m.Message    属性netIdentifier访问异常，消息编码失败
java.lang.IllegalAccessException: class com.wimetro.acs.protocol.message.Message cannot access a member of class com.wimetro.acs.protocol.NetIdentifierOperationResult with modifiers "private"
	at java.base/jdk.internal.reflect.Reflection.newIllegalAccessException(Reflection.java:361)
	at java.base/java.lang.reflect.AccessibleObject.checkAccess(AccessibleObject.java:591)
	at java.base/java.lang.reflect.Field.checkAccess(Field.java:1075)
	at java.base/java.lang.reflect.Field.get(Field.java:416)
	at com.wimetro.acs.protocol.message.Message.getSortedParams(Message.java:240)
	at com.wimetro.acs.protocol.message.Message.encodeMsgBody(Message.java:79)
	at com.wimetro.acs.protocol.message.Message.encode(Message.java:51)
	at com.wimetro.acs.netty.codec.UdpDeviceEncoder.encode(UdpDeviceEncoder.java:27)
	at com.wimetro.acs.netty.codec.UdpDeviceEncoder.encode(UdpDeviceEncoder.java:21)
	at io.netty.handler.codec.MessageToMessageEncoder.write(MessageToMessageEncoder.java:89)
	at io.netty.channel.AbstractChannelHandlerContext.invokeWrite0(AbstractChannelHandlerContext.java:717)
	at io.netty.channel.AbstractChannelHandlerContext.invokeWriteAndFlush(AbstractChannelHandlerContext.java:764)
	at io.netty.channel.AbstractChannelHandlerContext$WriteTask.run(AbstractChannelHandlerContext.java:1071)
	at io.netty.util.concurrent.AbstractEventExecutor.safeExecute(AbstractEventExecutor.java:164)
	at io.netty.util.concurrent.SingleThreadEventExecutor.runAllTasks(SingleThreadEventExecutor.java:472)
	at io.netty.channel.nio.NioEventLoop.run(NioEventLoop.java:500)
	at io.netty.util.concurrent.SingleThreadEventExecutor$4.run(SingleThreadEventExecutor.java:989)
	at io.netty.util.internal.ThreadExecutorMap$2.run(ThreadExecutorMap.java:74)
	at io.netty.util.concurrent.FastThreadLocalRunnable.run(FastThreadLocalRunnable.java:30)
	at java.base/java.lang.Thread.run(Thread.java:834)
2023-03-23 15:41:51 ERROR boss-7-1 c.w.a.p.m.Message    属性netIdentifier访问异常，消息编码失败
java.lang.IllegalAccessException: class com.wimetro.acs.protocol.message.Message cannot access a member of class com.wimetro.acs.protocol.NetIdentifierOperationResult with modifiers "private"
	at java.base/jdk.internal.reflect.Reflection.newIllegalAccessException(Reflection.java:361)
	at java.base/java.lang.reflect.AccessibleObject.checkAccess(AccessibleObject.java:591)
	at java.base/java.lang.reflect.Field.checkAccess(Field.java:1075)
	at java.base/java.lang.reflect.Field.get(Field.java:416)
	at com.wimetro.acs.protocol.message.Message.getSortedParams(Message.java:240)
	at com.wimetro.acs.protocol.message.Message.encodeMsgBody(Message.java:79)
	at com.wimetro.acs.protocol.message.Message.encode(Message.java:51)
	at com.wimetro.acs.netty.codec.UdpDeviceEncoder.encode(UdpDeviceEncoder.java:27)
	at com.wimetro.acs.netty.codec.UdpDeviceEncoder.encode(UdpDeviceEncoder.java:21)
	at io.netty.handler.codec.MessageToMessageEncoder.write(MessageToMessageEncoder.java:89)
	at io.netty.channel.AbstractChannelHandlerContext.invokeWrite0(AbstractChannelHandlerContext.java:717)
	at io.netty.channel.AbstractChannelHandlerContext.invokeWriteAndFlush(AbstractChannelHandlerContext.java:764)
	at io.netty.channel.AbstractChannelHandlerContext$WriteTask.run(AbstractChannelHandlerContext.java:1071)
	at io.netty.util.concurrent.AbstractEventExecutor.safeExecute(AbstractEventExecutor.java:164)
	at io.netty.util.concurrent.SingleThreadEventExecutor.runAllTasks(SingleThreadEventExecutor.java:472)
	at io.netty.channel.nio.NioEventLoop.run(NioEventLoop.java:500)
	at io.netty.util.concurrent.SingleThreadEventExecutor$4.run(SingleThreadEventExecutor.java:989)
	at io.netty.util.internal.ThreadExecutorMap$2.run(ThreadExecutorMap.java:74)
	at io.netty.util.concurrent.FastThreadLocalRunnable.run(FastThreadLocalRunnable.java:30)
	at java.base/java.lang.Thread.run(Thread.java:834)
2023-03-23 16:00:25 ERROR boss-7-1 c.w.a.n.c.UdpDeviceDecoder [无法解析报文] - [4d432d35393234543232313034393233ffffffff000000ff01fe00000000027578ed]
2023-03-23 16:06:35 ERROR boss-7-1 c.w.a.n.c.UdpDeviceDecoder [无法解析报文] - [4d432d35393234543232313034393233ffffffff000000ff01fe00000000027578ed]
2023-03-23 16:10:51 ERROR boss-7-1 c.w.a.p.m.Message    创建消息对象失败, e
2023-03-23 16:10:51 ERROR boss-7-1 c.w.a.n.h.DeviceUdpHandler 出现异常
io.netty.handler.codec.DecoderException: java.lang.NullPointerException
	at io.netty.handler.codec.MessageToMessageDecoder.channelRead(MessageToMessageDecoder.java:98)
	at io.netty.channel.AbstractChannelHandlerContext.invokeChannelRead(AbstractChannelHandlerContext.java:379)
	at io.netty.channel.AbstractChannelHandlerContext.invokeChannelRead(AbstractChannelHandlerContext.java:365)
	at io.netty.channel.AbstractChannelHandlerContext.fireChannelRead(AbstractChannelHandlerContext.java:357)
	at io.netty.channel.DefaultChannelPipeline$HeadContext.channelRead(DefaultChannelPipeline.java:1410)
	at io.netty.channel.AbstractChannelHandlerContext.invokeChannelRead(AbstractChannelHandlerContext.java:379)
	at io.netty.channel.AbstractChannelHandlerContext.invokeChannelRead(AbstractChannelHandlerContext.java:365)
	at io.netty.channel.DefaultChannelPipeline.fireChannelRead(DefaultChannelPipeline.java:919)
	at io.netty.channel.nio.AbstractNioMessageChannel$NioMessageUnsafe.read(AbstractNioMessageChannel.java:93)
	at io.netty.channel.nio.NioEventLoop.processSelectedKey(NioEventLoop.java:714)
	at io.netty.channel.nio.NioEventLoop.processSelectedKeysOptimized(NioEventLoop.java:650)
	at io.netty.channel.nio.NioEventLoop.processSelectedKeys(NioEventLoop.java:576)
	at io.netty.channel.nio.NioEventLoop.run(NioEventLoop.java:493)
	at io.netty.util.concurrent.SingleThreadEventExecutor$4.run(SingleThreadEventExecutor.java:989)
	at io.netty.util.internal.ThreadExecutorMap$2.run(ThreadExecutorMap.java:74)
	at io.netty.util.concurrent.FastThreadLocalRunnable.run(FastThreadLocalRunnable.java:30)
	at java.base/java.lang.Thread.run(Thread.java:834)
Caused by: java.lang.NullPointerException: null
	at java.base/jdk.internal.reflect.UnsafeFieldAccessorImpl.ensureObj(UnsafeFieldAccessorImpl.java:57)
	at java.base/jdk.internal.reflect.UnsafeIntegerFieldAccessorImpl.set(UnsafeIntegerFieldAccessorImpl.java:75)
	at java.base/java.lang.reflect.Field.set(Field.java:780)
	at com.wimetro.acs.protocol.message.Message.decodeMsgBody(Message.java:177)
	at com.wimetro.acs.protocol.message.Message.decode(Message.java:130)
	at com.wimetro.acs.netty.codec.UdpDeviceDecoder.decode(UdpDeviceDecoder.java:38)
	at com.wimetro.acs.netty.codec.UdpDeviceDecoder.decode(UdpDeviceDecoder.java:19)
	at io.netty.handler.codec.MessageToMessageDecoder.channelRead(MessageToMessageDecoder.java:88)
	... 16 common frames omitted
2023-03-23 16:13:38 ERROR boss-7-1 c.w.a.n.h.DeviceUdpHandler 出现异常
io.netty.handler.codec.DecoderException: java.lang.IllegalArgumentException: Can not set int field com.wimetro.acs.protocol.NetIdentifierOperationResult.netIdentifier to java.lang.String
	at io.netty.handler.codec.MessageToMessageDecoder.channelRead(MessageToMessageDecoder.java:98)
	at io.netty.channel.AbstractChannelHandlerContext.invokeChannelRead(AbstractChannelHandlerContext.java:379)
	at io.netty.channel.AbstractChannelHandlerContext.invokeChannelRead(AbstractChannelHandlerContext.java:365)
	at io.netty.channel.AbstractChannelHandlerContext.fireChannelRead(AbstractChannelHandlerContext.java:357)
	at io.netty.channel.DefaultChannelPipeline$HeadContext.channelRead(DefaultChannelPipeline.java:1410)
	at io.netty.channel.AbstractChannelHandlerContext.invokeChannelRead(AbstractChannelHandlerContext.java:379)
	at io.netty.channel.AbstractChannelHandlerContext.invokeChannelRead(AbstractChannelHandlerContext.java:365)
	at io.netty.channel.DefaultChannelPipeline.fireChannelRead(DefaultChannelPipeline.java:919)
	at io.netty.channel.nio.AbstractNioMessageChannel$NioMessageUnsafe.read(AbstractNioMessageChannel.java:93)
	at io.netty.channel.nio.NioEventLoop.processSelectedKey(NioEventLoop.java:714)
	at io.netty.channel.nio.NioEventLoop.processSelectedKeysOptimized(NioEventLoop.java:650)
	at io.netty.channel.nio.NioEventLoop.processSelectedKeys(NioEventLoop.java:576)
	at io.netty.channel.nio.NioEventLoop.run(NioEventLoop.java:493)
	at io.netty.util.concurrent.SingleThreadEventExecutor$4.run(SingleThreadEventExecutor.java:989)
	at io.netty.util.internal.ThreadExecutorMap$2.run(ThreadExecutorMap.java:74)
	at io.netty.util.concurrent.FastThreadLocalRunnable.run(FastThreadLocalRunnable.java:30)
	at java.base/java.lang.Thread.run(Thread.java:834)
Caused by: java.lang.IllegalArgumentException: Can not set int field com.wimetro.acs.protocol.NetIdentifierOperationResult.netIdentifier to java.lang.String
	at java.base/jdk.internal.reflect.UnsafeFieldAccessorImpl.throwSetIllegalArgumentException(UnsafeFieldAccessorImpl.java:167)
	at java.base/jdk.internal.reflect.UnsafeFieldAccessorImpl.throwSetIllegalArgumentException(UnsafeFieldAccessorImpl.java:171)
	at java.base/jdk.internal.reflect.UnsafeIntegerFieldAccessorImpl.set(UnsafeIntegerFieldAccessorImpl.java:98)
	at java.base/java.lang.reflect.Field.set(Field.java:780)
	at com.wimetro.acs.protocol.message.Message.decodeMsgBody(Message.java:177)
	at com.wimetro.acs.protocol.message.Message.decode(Message.java:130)
	at com.wimetro.acs.netty.codec.UdpDeviceDecoder.decode(UdpDeviceDecoder.java:38)
	at com.wimetro.acs.netty.codec.UdpDeviceDecoder.decode(UdpDeviceDecoder.java:19)
	at io.netty.handler.codec.MessageToMessageDecoder.channelRead(MessageToMessageDecoder.java:88)
	... 16 common frames omitted
2023-03-23 16:16:01 ERROR boss-7-1 c.w.a.n.h.DeviceUdpHandler 出现异常
io.netty.handler.codec.DecoderException: java.lang.IllegalArgumentException: Can not set int field com.wimetro.acs.protocol.NetIdentifierOperationResult.netIdentifier to java.lang.String
	at io.netty.handler.codec.MessageToMessageDecoder.channelRead(MessageToMessageDecoder.java:98)
	at io.netty.channel.AbstractChannelHandlerContext.invokeChannelRead(AbstractChannelHandlerContext.java:379)
	at io.netty.channel.AbstractChannelHandlerContext.invokeChannelRead(AbstractChannelHandlerContext.java:365)
	at io.netty.channel.AbstractChannelHandlerContext.fireChannelRead(AbstractChannelHandlerContext.java:357)
	at io.netty.channel.DefaultChannelPipeline$HeadContext.channelRead(DefaultChannelPipeline.java:1410)
	at io.netty.channel.AbstractChannelHandlerContext.invokeChannelRead(AbstractChannelHandlerContext.java:379)
	at io.netty.channel.AbstractChannelHandlerContext.invokeChannelRead(AbstractChannelHandlerContext.java:365)
	at io.netty.channel.DefaultChannelPipeline.fireChannelRead(DefaultChannelPipeline.java:919)
	at io.netty.channel.nio.AbstractNioMessageChannel$NioMessageUnsafe.read(AbstractNioMessageChannel.java:93)
	at io.netty.channel.nio.NioEventLoop.processSelectedKey(NioEventLoop.java:714)
	at io.netty.channel.nio.NioEventLoop.processSelectedKeysOptimized(NioEventLoop.java:650)
	at io.netty.channel.nio.NioEventLoop.processSelectedKeys(NioEventLoop.java:576)
	at io.netty.channel.nio.NioEventLoop.run(NioEventLoop.java:493)
	at io.netty.util.concurrent.SingleThreadEventExecutor$4.run(SingleThreadEventExecutor.java:989)
	at io.netty.util.internal.ThreadExecutorMap$2.run(ThreadExecutorMap.java:74)
	at io.netty.util.concurrent.FastThreadLocalRunnable.run(FastThreadLocalRunnable.java:30)
	at java.base/java.lang.Thread.run(Thread.java:834)
Caused by: java.lang.IllegalArgumentException: Can not set int field com.wimetro.acs.protocol.NetIdentifierOperationResult.netIdentifier to java.lang.String
	at java.base/jdk.internal.reflect.UnsafeFieldAccessorImpl.throwSetIllegalArgumentException(UnsafeFieldAccessorImpl.java:167)
	at java.base/jdk.internal.reflect.UnsafeFieldAccessorImpl.throwSetIllegalArgumentException(UnsafeFieldAccessorImpl.java:171)
	at java.base/jdk.internal.reflect.UnsafeIntegerFieldAccessorImpl.set(UnsafeIntegerFieldAccessorImpl.java:98)
	at java.base/java.lang.reflect.Field.set(Field.java:780)
	at com.wimetro.acs.protocol.message.Message.decodeMsgBody(Message.java:177)
	at com.wimetro.acs.protocol.message.Message.decode(Message.java:130)
	at com.wimetro.acs.netty.codec.UdpDeviceDecoder.decode(UdpDeviceDecoder.java:38)
	at com.wimetro.acs.netty.codec.UdpDeviceDecoder.decode(UdpDeviceDecoder.java:19)
	at io.netty.handler.codec.MessageToMessageDecoder.channelRead(MessageToMessageDecoder.java:88)
	... 16 common frames omitted
2023-03-23 16:18:17 ERROR boss-7-1 c.w.a.n.c.UdpDeviceDecoder [无法解析报文] - [000000ff4d432d35393234543232313034393233ffffffff01fe00000000027578ed]
2023-03-23 16:22:20 ERROR boss-7-1 c.w.a.n.c.UdpDeviceDecoder [无法解析报文] - [000000ff4d432d35393234543232313034393233ffffffff01fe00000000027578ed]
