2023-03-30 10:26:47 ERROR boss-7-1 c.w.a.n.h.DeviceUdpHandler 出现异常
java.lang.ClassCastException: class com.wimetro.acs.protocol.NetIdentifierOperationResult cannot be cast to class com.wimetro.acs.protocol.message.OperationResult (com.wimetro.acs.protocol.NetIdentifierOperationResult and com.wimetro.acs.protocol.message.OperationResult are in unnamed module of loader 'app')
	at com.wimetro.acs.netty.handler.DeviceUdpHandler.channelRead0(DeviceUdpHandler.java:54)
	at com.wimetro.acs.netty.handler.DeviceUdpHandler.channelRead0(DeviceUdpHandler.java:26)
	at io.netty.channel.SimpleChannelInboundHandler.channelRead(SimpleChannelInboundHandler.java:99)
	at io.netty.channel.AbstractChannelHandlerContext.invokeChannelRead(AbstractChannelHandlerContext.java:379)
	at io.netty.channel.AbstractChannelHandlerContext.invokeChannelRead(AbstractChannelHandlerContext.java:365)
	at io.netty.channel.AbstractChannelHandlerContext.fireChannelRead(AbstractChannelHandlerContext.java:357)
	at io.netty.handler.codec.MessageToMessageDecoder.channelRead(MessageToMessageDecoder.java:103)
	at io.netty.channel.AbstractChannelHandlerContext.invokeChannelRead(AbstractChannelHandlerContext.java:379)
	at io.netty.channel.AbstractChannelHandlerContext.invokeChannelRead(AbstractChannelHandlerContext.java:365)
	at io.netty.channel.AbstractChannelHandlerContext.fireChannelRead(AbstractChannelHandlerContext.java:357)
	at io.netty.channel.DefaultChannelPipeline$HeadContext.channelRead(DefaultChannelPipeline.java:1410)
	at io.netty.channel.AbstractChannelHandlerContext.invokeChannelRead(AbstractChannelHandlerContext.java:379)
	at io.netty.channel.AbstractChannelHandlerContext.invokeChannelRead(AbstractChannelHandlerContext.java:365)
	at io.netty.channel.DefaultChannelPipeline.fireChannelRead(DefaultChannelPipeline.java:919)
	at io.netty.channel.nio.AbstractNioMessageChannel$NioMessageUnsafe.read(AbstractNioMessageChannel.java:93)
	at io.netty.channel.nio.NioEventLoop.processSelectedKey(NioEventLoop.java:714)
	at io.netty.channel.nio.NioEventLoop.processSelectedKeysOptimized(NioEventLoop.java:650)
	at io.netty.channel.nio.NioEventLoop.processSelectedKeys(NioEventLoop.java:576)
	at io.netty.channel.nio.NioEventLoop.run(NioEventLoop.java:493)
	at io.netty.util.concurrent.SingleThreadEventExecutor$4.run(SingleThreadEventExecutor.java:989)
	at io.netty.util.internal.ThreadExecutorMap$2.run(ThreadExecutorMap.java:74)
	at io.netty.util.concurrent.FastThreadLocalRunnable.run(FastThreadLocalRunnable.java:30)
	at java.base/java.lang.Thread.run(Thread.java:834)
2023-03-30 10:30:40 ERROR boss-7-1 c.w.a.n.c.UdpDeviceDecoder [无法解析报文] - [74657374303030313132333435363738ffffffff00007d7f020101fe00000000027f02c662]
2023-03-30 10:44:59 ERROR boss-7-1 c.w.a.n.h.DeviceUdpHandler 出现异常
java.lang.NullPointerException: null
	at com.wimetro.acs.netty.handler.DeviceUdpHandler.channelRead0(DeviceUdpHandler.java:66)
	at com.wimetro.acs.netty.handler.DeviceUdpHandler.channelRead0(DeviceUdpHandler.java:26)
	at io.netty.channel.SimpleChannelInboundHandler.channelRead(SimpleChannelInboundHandler.java:99)
	at io.netty.channel.AbstractChannelHandlerContext.invokeChannelRead(AbstractChannelHandlerContext.java:379)
	at io.netty.channel.AbstractChannelHandlerContext.invokeChannelRead(AbstractChannelHandlerContext.java:365)
	at io.netty.channel.AbstractChannelHandlerContext.fireChannelRead(AbstractChannelHandlerContext.java:357)
	at io.netty.handler.codec.MessageToMessageDecoder.channelRead(MessageToMessageDecoder.java:103)
	at io.netty.channel.AbstractChannelHandlerContext.invokeChannelRead(AbstractChannelHandlerContext.java:379)
	at io.netty.channel.AbstractChannelHandlerContext.invokeChannelRead(AbstractChannelHandlerContext.java:365)
	at io.netty.channel.AbstractChannelHandlerContext.fireChannelRead(AbstractChannelHandlerContext.java:357)
	at io.netty.channel.DefaultChannelPipeline$HeadContext.channelRead(DefaultChannelPipeline.java:1410)
	at io.netty.channel.AbstractChannelHandlerContext.invokeChannelRead(AbstractChannelHandlerContext.java:379)
	at io.netty.channel.AbstractChannelHandlerContext.invokeChannelRead(AbstractChannelHandlerContext.java:365)
	at io.netty.channel.DefaultChannelPipeline.fireChannelRead(DefaultChannelPipeline.java:919)
	at io.netty.channel.nio.AbstractNioMessageChannel$NioMessageUnsafe.read(AbstractNioMessageChannel.java:93)
	at io.netty.channel.nio.NioEventLoop.processSelectedKey(NioEventLoop.java:714)
	at io.netty.channel.nio.NioEventLoop.processSelectedKeysOptimized(NioEventLoop.java:650)
	at io.netty.channel.nio.NioEventLoop.processSelectedKeys(NioEventLoop.java:576)
	at io.netty.channel.nio.NioEventLoop.run(NioEventLoop.java:493)
	at io.netty.util.concurrent.SingleThreadEventExecutor$4.run(SingleThreadEventExecutor.java:989)
	at io.netty.util.internal.ThreadExecutorMap$2.run(ThreadExecutorMap.java:74)
	at io.netty.util.concurrent.FastThreadLocalRunnable.run(FastThreadLocalRunnable.java:30)
	at java.base/java.lang.Thread.run(Thread.java:834)
2023-03-30 10:47:39 ERROR boss-7-1 c.w.a.n.h.DeviceUdpHandler 出现异常
java.lang.NullPointerException: null
	at com.wimetro.acs.netty.handler.DeviceUdpHandler.channelRead0(DeviceUdpHandler.java:66)
	at com.wimetro.acs.netty.handler.DeviceUdpHandler.channelRead0(DeviceUdpHandler.java:26)
	at io.netty.channel.SimpleChannelInboundHandler.channelRead(SimpleChannelInboundHandler.java:99)
	at io.netty.channel.AbstractChannelHandlerContext.invokeChannelRead(AbstractChannelHandlerContext.java:379)
	at io.netty.channel.AbstractChannelHandlerContext.invokeChannelRead(AbstractChannelHandlerContext.java:365)
	at io.netty.channel.AbstractChannelHandlerContext.fireChannelRead(AbstractChannelHandlerContext.java:357)
	at io.netty.handler.codec.MessageToMessageDecoder.channelRead(MessageToMessageDecoder.java:103)
	at io.netty.channel.AbstractChannelHandlerContext.invokeChannelRead(AbstractChannelHandlerContext.java:379)
	at io.netty.channel.AbstractChannelHandlerContext.invokeChannelRead(AbstractChannelHandlerContext.java:365)
	at io.netty.channel.AbstractChannelHandlerContext.fireChannelRead(AbstractChannelHandlerContext.java:357)
	at io.netty.channel.DefaultChannelPipeline$HeadContext.channelRead(DefaultChannelPipeline.java:1410)
	at io.netty.channel.AbstractChannelHandlerContext.invokeChannelRead(AbstractChannelHandlerContext.java:379)
	at io.netty.channel.AbstractChannelHandlerContext.invokeChannelRead(AbstractChannelHandlerContext.java:365)
	at io.netty.channel.DefaultChannelPipeline.fireChannelRead(DefaultChannelPipeline.java:919)
	at io.netty.channel.nio.AbstractNioMessageChannel$NioMessageUnsafe.read(AbstractNioMessageChannel.java:93)
	at io.netty.channel.nio.NioEventLoop.processSelectedKey(NioEventLoop.java:714)
	at io.netty.channel.nio.NioEventLoop.processSelectedKeysOptimized(NioEventLoop.java:650)
	at io.netty.channel.nio.NioEventLoop.processSelectedKeys(NioEventLoop.java:576)
	at io.netty.channel.nio.NioEventLoop.run(NioEventLoop.java:493)
	at io.netty.util.concurrent.SingleThreadEventExecutor$4.run(SingleThreadEventExecutor.java:989)
	at io.netty.util.internal.ThreadExecutorMap$2.run(ThreadExecutorMap.java:74)
	at io.netty.util.concurrent.FastThreadLocalRunnable.run(FastThreadLocalRunnable.java:30)
	at java.base/java.lang.Thread.run(Thread.java:834)
2023-03-30 14:43:07 ERROR main o.s.b.d.LoggingFailureAnalysisReporter 

***************************
APPLICATION FAILED TO START
***************************

Description:

The dependencies of some of the beans in the application context form a cycle:

   deviceManageController defined in file [D:\11_CG\00_code\CG_AccessControlService\target\classes\com\wimetro\acs\controller\DeviceManageController.class]
┌─────┐
|  deviceManageService defined in file [D:\11_CG\00_code\CG_AccessControlService\target\classes\com\wimetro\acs\service\DeviceManageService.class]
↑     ↓
|  nettyUdpServer defined in file [D:\11_CG\00_code\CG_AccessControlService\target\classes\com\wimetro\acs\netty\runner\NettyUdpServer.class]
└─────┘


Action:

Relying upon circular references is discouraged and they are prohibited by default. Update your application to remove the dependency cycle between beans. As a last resort, it may be possible to break the cycle automatically by setting spring.main.allow-circular-references to true.

2023-03-30 14:44:17 ERROR main o.s.b.d.LoggingFailureAnalysisReporter 

***************************
APPLICATION FAILED TO START
***************************

Description:

The dependencies of some of the beans in the application context form a cycle:

   deviceManageController defined in file [D:\11_CG\00_code\CG_AccessControlService\target\classes\com\wimetro\acs\controller\DeviceManageController.class]
┌─────┐
|  deviceManageService defined in file [D:\11_CG\00_code\CG_AccessControlService\target\classes\com\wimetro\acs\service\DeviceManageService.class]
↑     ↓
|  nettyUdpServer defined in file [D:\11_CG\00_code\CG_AccessControlService\target\classes\com\wimetro\acs\netty\runner\NettyUdpServer.class]
└─────┘


Action:

Relying upon circular references is discouraged and they are prohibited by default. Update your application to remove the dependency cycle between beans. As a last resort, it may be possible to break the cycle automatically by setting spring.main.allow-circular-references to true.

2023-03-30 15:02:55 ERROR main o.s.b.d.LoggingFailureAnalysisReporter 

***************************
APPLICATION FAILED TO START
***************************

Description:

The dependencies of some of the beans in the application context form a cycle:

   deviceManageController defined in file [D:\11_CG\00_code\CG_AccessControlService\target\classes\com\wimetro\acs\controller\DeviceManageController.class]
┌─────┐
|  deviceManageService defined in file [D:\11_CG\00_code\CG_AccessControlService\target\classes\com\wimetro\acs\service\DeviceManageService.class]
↑     ↓
|  nettyUdpServer (field com.wimetro.acs.service.DeviceManageService com.wimetro.acs.netty.runner.NettyUdpServer.deviceManageService)
└─────┘


Action:

Relying upon circular references is discouraged and they are prohibited by default. Update your application to remove the dependency cycle between beans. As a last resort, it may be possible to break the cycle automatically by setting spring.main.allow-circular-references to true.

2023-03-30 15:36:33 ERROR boss-7-1 c.w.a.n.h.DeviceUdpHandler 出现异常
java.lang.AssertionError: no found type
	at com.wimetro.acs.protocol.message.OperationType.getOperationType(OperationType.java:57)
	at com.wimetro.acs.protocol.message.OperationType.fromOpCode(OperationType.java:42)
	at com.wimetro.acs.protocol.message.DeviceMessage.getMessageBodyDecodeClass(DeviceMessage.java:14)
	at com.wimetro.acs.protocol.message.Message.decodeMsgBody(Message.java:147)
	at com.wimetro.acs.protocol.message.Message.decode(Message.java:133)
	at com.wimetro.acs.netty.codec.UdpDeviceDecoder.decode(UdpDeviceDecoder.java:48)
	at com.wimetro.acs.netty.codec.UdpDeviceDecoder.decode(UdpDeviceDecoder.java:23)
	at io.netty.handler.codec.MessageToMessageDecoder.channelRead(MessageToMessageDecoder.java:88)
	at io.netty.channel.AbstractChannelHandlerContext.invokeChannelRead(AbstractChannelHandlerContext.java:379)
	at io.netty.channel.AbstractChannelHandlerContext.invokeChannelRead(AbstractChannelHandlerContext.java:365)
	at io.netty.channel.AbstractChannelHandlerContext.fireChannelRead(AbstractChannelHandlerContext.java:357)
	at io.netty.channel.DefaultChannelPipeline$HeadContext.channelRead(DefaultChannelPipeline.java:1410)
	at io.netty.channel.AbstractChannelHandlerContext.invokeChannelRead(AbstractChannelHandlerContext.java:379)
	at io.netty.channel.AbstractChannelHandlerContext.invokeChannelRead(AbstractChannelHandlerContext.java:365)
	at io.netty.channel.DefaultChannelPipeline.fireChannelRead(DefaultChannelPipeline.java:919)
	at io.netty.channel.nio.AbstractNioMessageChannel$NioMessageUnsafe.read(AbstractNioMessageChannel.java:93)
	at io.netty.channel.nio.NioEventLoop.processSelectedKey(NioEventLoop.java:714)
	at io.netty.channel.nio.NioEventLoop.processSelectedKeysOptimized(NioEventLoop.java:650)
	at io.netty.channel.nio.NioEventLoop.processSelectedKeys(NioEventLoop.java:576)
	at io.netty.channel.nio.NioEventLoop.run(NioEventLoop.java:493)
	at io.netty.util.concurrent.SingleThreadEventExecutor$4.run(SingleThreadEventExecutor.java:989)
	at io.netty.util.internal.ThreadExecutorMap$2.run(ThreadExecutorMap.java:74)
	at io.netty.util.concurrent.FastThreadLocalRunnable.run(FastThreadLocalRunnable.java:30)
	at java.base/java.lang.Thread.run(Thread.java:834)
2023-03-30 15:37:50 ERROR boss-7-1 c.w.a.n.h.DeviceUdpHandler 出现异常
java.lang.AssertionError: no found type
	at com.wimetro.acs.protocol.message.OperationType.getOperationType(OperationType.java:57)
	at com.wimetro.acs.protocol.message.OperationType.fromOpCode(OperationType.java:42)
	at com.wimetro.acs.protocol.message.DeviceMessage.getMessageBodyDecodeClass(DeviceMessage.java:14)
	at com.wimetro.acs.protocol.message.Message.decodeMsgBody(Message.java:147)
	at com.wimetro.acs.protocol.message.Message.decode(Message.java:133)
	at com.wimetro.acs.netty.codec.UdpDeviceDecoder.decode(UdpDeviceDecoder.java:48)
	at com.wimetro.acs.netty.codec.UdpDeviceDecoder.decode(UdpDeviceDecoder.java:23)
	at io.netty.handler.codec.MessageToMessageDecoder.channelRead(MessageToMessageDecoder.java:88)
	at io.netty.channel.AbstractChannelHandlerContext.invokeChannelRead(AbstractChannelHandlerContext.java:379)
	at io.netty.channel.AbstractChannelHandlerContext.invokeChannelRead(AbstractChannelHandlerContext.java:365)
	at io.netty.channel.AbstractChannelHandlerContext.fireChannelRead(AbstractChannelHandlerContext.java:357)
	at io.netty.channel.DefaultChannelPipeline$HeadContext.channelRead(DefaultChannelPipeline.java:1410)
	at io.netty.channel.AbstractChannelHandlerContext.invokeChannelRead(AbstractChannelHandlerContext.java:379)
	at io.netty.channel.AbstractChannelHandlerContext.invokeChannelRead(AbstractChannelHandlerContext.java:365)
	at io.netty.channel.DefaultChannelPipeline.fireChannelRead(DefaultChannelPipeline.java:919)
	at io.netty.channel.nio.AbstractNioMessageChannel$NioMessageUnsafe.read(AbstractNioMessageChannel.java:93)
	at io.netty.channel.nio.NioEventLoop.processSelectedKey(NioEventLoop.java:714)
	at io.netty.channel.nio.NioEventLoop.processSelectedKeysOptimized(NioEventLoop.java:650)
	at io.netty.channel.nio.NioEventLoop.processSelectedKeys(NioEventLoop.java:576)
	at io.netty.channel.nio.NioEventLoop.run(NioEventLoop.java:493)
	at io.netty.util.concurrent.SingleThreadEventExecutor$4.run(SingleThreadEventExecutor.java:989)
	at io.netty.util.internal.ThreadExecutorMap$2.run(ThreadExecutorMap.java:74)
	at io.netty.util.concurrent.FastThreadLocalRunnable.run(FastThreadLocalRunnable.java:30)
	at java.base/java.lang.Thread.run(Thread.java:834)
