2023-03-31 14:03:45 ERROR boss-7-1 c.w.a.n.h.DeviceUdpHandler 出现异常
java.lang.ClassCastException: class com.wimetro.cg.protocol.common.OkMessage cannot be cast to class com.wimetro.cg.protocol.TcpParamOperationResult (com.wimetro.cg.protocol.common.OkMessage and com.wimetro.cg.protocol.TcpParamOperationResult are in unnamed module of loader 'app')
	at com.wimetro.cg.netty.handler.DeviceUdpHandler.channelRead0(DeviceUdpHandler.java:46)
	at com.wimetro.cg.netty.handler.DeviceUdpHandler.channelRead0(DeviceUdpHandler.java:25)
	at io.netty.channel.SimpleChannelInboundHandler.channelRead(SimpleChannelInboundHandler.java:99)
	at io.netty.channel.AbstractChannelHandlerContext.invokeChannelRead(AbstractChannelHandlerContext.java:379)
	at io.netty.channel.AbstractChannelHandlerContext.invokeChannelRead(AbstractChannelHandlerContext.java:365)
	at io.netty.channel.AbstractChannelHandlerContext.fireChannelRead(AbstractChannelHandlerContext.java:357)
	at io.netty.handler.codec.MessageToMessageDecoder.channelRead(MessageToMessageDecoder.java:103)
	at io.netty.channel.AbstractChannelHandlerContext.invokeChannelRead(AbstractChannelHandlerContext.java:379)
	at io.netty.channel.AbstractChannelHandlerContext.invokeChannelRead(AbstractChannelHandlerContext.java:365)
	at io.netty.channel.AbstractChannelHandlerContext.fireChannelRead(AbstractChannelHandlerContext.java:357)
	at io.netty.channel.DefaultChannelPipeline$HeadContext.channelRead(DefaultChannelPipeline.java:1410)
	at io.netty.channel.AbstractChannelHandlerContext.invokeChannelRead(AbstractChannelHandlerContext.java:379)
	at io.netty.channel.AbstractChannelHandlerContext.invokeChannelRead(AbstractChannelHandlerContext.java:365)
	at io.netty.channel.DefaultChannelPipeline.fireChannelRead(DefaultChannelPipeline.java:919)
	at io.netty.channel.nio.AbstractNioMessageChannel$NioMessageUnsafe.read(AbstractNioMessageChannel.java:93)
	at io.netty.channel.nio.NioEventLoop.processSelectedKey(NioEventLoop.java:714)
	at io.netty.channel.nio.NioEventLoop.processSelectedKeysOptimized(NioEventLoop.java:650)
	at io.netty.channel.nio.NioEventLoop.processSelectedKeys(NioEventLoop.java:576)
	at io.netty.channel.nio.NioEventLoop.run(NioEventLoop.java:493)
	at io.netty.util.concurrent.SingleThreadEventExecutor$4.run(SingleThreadEventExecutor.java:989)
	at io.netty.util.internal.ThreadExecutorMap$2.run(ThreadExecutorMap.java:74)
	at io.netty.util.concurrent.FastThreadLocalRunnable.run(FastThreadLocalRunnable.java:30)
	at java.base/java.lang.Thread.run(Thread.java:834)
2023-03-31 16:39:24 ERROR boss-7-1 c.w.a.p.m.Message    未定义解码方法：ipToHex，消息解析失败
java.lang.NoSuchMethodException: com.wimetro.cg.util.ToolConvert.ipToHex(java.lang.Integer, java.lang.Integer, java.lang.String)
	at java.base/java.lang.Class.getDeclaredMethod(Class.java:2475)
	at com.wimetro.cg.protocol.message.Message.codec(Message.java:255)
	at com.wimetro.cg.protocol.message.Message.getSortedParams(Message.java:225)
	at com.wimetro.cg.protocol.message.Message.encodeMsgBody(Message.java:78)
	at com.wimetro.cg.protocol.message.Message.encode(Message.java:51)
	at com.wimetro.cg.netty.codec.UdpDeviceEncoder.encode(UdpDeviceEncoder.java:27)
	at com.wimetro.cg.netty.codec.UdpDeviceEncoder.encode(UdpDeviceEncoder.java:21)
	at io.netty.handler.codec.MessageToMessageEncoder.write(MessageToMessageEncoder.java:89)
	at io.netty.channel.AbstractChannelHandlerContext.invokeWrite0(AbstractChannelHandlerContext.java:717)
	at io.netty.channel.AbstractChannelHandlerContext.invokeWrite(AbstractChannelHandlerContext.java:709)
	at io.netty.channel.AbstractChannelHandlerContext.write(AbstractChannelHandlerContext.java:792)
	at io.netty.channel.AbstractChannelHandlerContext.write(AbstractChannelHandlerContext.java:702)
	at io.netty.channel.AbstractChannelHandlerContext.write(AbstractChannelHandlerContext.java:697)
	at com.wimetro.cg.netty.handler.DeviceUdpHandler.setTcpParam(DeviceUdpHandler.java:114)
	at com.wimetro.cg.netty.handler.DeviceUdpHandler.channelRead0(DeviceUdpHandler.java:49)
	at com.wimetro.cg.netty.handler.DeviceUdpHandler.channelRead0(DeviceUdpHandler.java:25)
	at io.netty.channel.SimpleChannelInboundHandler.channelRead(SimpleChannelInboundHandler.java:99)
	at io.netty.channel.AbstractChannelHandlerContext.invokeChannelRead(AbstractChannelHandlerContext.java:379)
	at io.netty.channel.AbstractChannelHandlerContext.invokeChannelRead(AbstractChannelHandlerContext.java:365)
	at io.netty.channel.AbstractChannelHandlerContext.fireChannelRead(AbstractChannelHandlerContext.java:357)
	at io.netty.handler.codec.MessageToMessageDecoder.channelRead(MessageToMessageDecoder.java:103)
	at io.netty.channel.AbstractChannelHandlerContext.invokeChannelRead(AbstractChannelHandlerContext.java:379)
	at io.netty.channel.AbstractChannelHandlerContext.invokeChannelRead(AbstractChannelHandlerContext.java:365)
	at io.netty.channel.AbstractChannelHandlerContext.fireChannelRead(AbstractChannelHandlerContext.java:357)
	at io.netty.channel.DefaultChannelPipeline$HeadContext.channelRead(DefaultChannelPipeline.java:1410)
	at io.netty.channel.AbstractChannelHandlerContext.invokeChannelRead(AbstractChannelHandlerContext.java:379)
	at io.netty.channel.AbstractChannelHandlerContext.invokeChannelRead(AbstractChannelHandlerContext.java:365)
	at io.netty.channel.DefaultChannelPipeline.fireChannelRead(DefaultChannelPipeline.java:919)
	at io.netty.channel.nio.AbstractNioMessageChannel$NioMessageUnsafe.read(AbstractNioMessageChannel.java:93)
	at io.netty.channel.nio.NioEventLoop.processSelectedKey(NioEventLoop.java:714)
	at io.netty.channel.nio.NioEventLoop.processSelectedKeysOptimized(NioEventLoop.java:650)
	at io.netty.channel.nio.NioEventLoop.processSelectedKeys(NioEventLoop.java:576)
	at io.netty.channel.nio.NioEventLoop.run(NioEventLoop.java:493)
	at io.netty.util.concurrent.SingleThreadEventExecutor$4.run(SingleThreadEventExecutor.java:989)
	at io.netty.util.internal.ThreadExecutorMap$2.run(ThreadExecutorMap.java:74)
	at io.netty.util.concurrent.FastThreadLocalRunnable.run(FastThreadLocalRunnable.java:30)
	at java.base/java.lang.Thread.run(Thread.java:834)
2023-03-31 16:39:24 ERROR boss-7-1 c.w.a.p.m.Message    未定义解码方法：ipToHex，消息解析失败
java.lang.NoSuchMethodException: com.wimetro.cg.util.ToolConvert.ipToHex(java.lang.Integer, java.lang.Integer, java.lang.String)
	at java.base/java.lang.Class.getDeclaredMethod(Class.java:2475)
	at com.wimetro.cg.protocol.message.Message.codec(Message.java:255)
	at com.wimetro.cg.protocol.message.Message.getSortedParams(Message.java:225)
	at com.wimetro.cg.protocol.message.Message.encodeMsgBody(Message.java:78)
	at com.wimetro.cg.protocol.message.Message.encode(Message.java:51)
	at com.wimetro.cg.netty.codec.UdpDeviceEncoder.encode(UdpDeviceEncoder.java:27)
	at com.wimetro.cg.netty.codec.UdpDeviceEncoder.encode(UdpDeviceEncoder.java:21)
	at io.netty.handler.codec.MessageToMessageEncoder.write(MessageToMessageEncoder.java:89)
	at io.netty.channel.AbstractChannelHandlerContext.invokeWrite0(AbstractChannelHandlerContext.java:717)
	at io.netty.channel.AbstractChannelHandlerContext.invokeWrite(AbstractChannelHandlerContext.java:709)
	at io.netty.channel.AbstractChannelHandlerContext.write(AbstractChannelHandlerContext.java:792)
	at io.netty.channel.AbstractChannelHandlerContext.write(AbstractChannelHandlerContext.java:702)
	at io.netty.channel.AbstractChannelHandlerContext.write(AbstractChannelHandlerContext.java:697)
	at com.wimetro.cg.netty.handler.DeviceUdpHandler.setTcpParam(DeviceUdpHandler.java:114)
	at com.wimetro.cg.netty.handler.DeviceUdpHandler.channelRead0(DeviceUdpHandler.java:49)
	at com.wimetro.cg.netty.handler.DeviceUdpHandler.channelRead0(DeviceUdpHandler.java:25)
	at io.netty.channel.SimpleChannelInboundHandler.channelRead(SimpleChannelInboundHandler.java:99)
	at io.netty.channel.AbstractChannelHandlerContext.invokeChannelRead(AbstractChannelHandlerContext.java:379)
	at io.netty.channel.AbstractChannelHandlerContext.invokeChannelRead(AbstractChannelHandlerContext.java:365)
	at io.netty.channel.AbstractChannelHandlerContext.fireChannelRead(AbstractChannelHandlerContext.java:357)
	at io.netty.handler.codec.MessageToMessageDecoder.channelRead(MessageToMessageDecoder.java:103)
	at io.netty.channel.AbstractChannelHandlerContext.invokeChannelRead(AbstractChannelHandlerContext.java:379)
	at io.netty.channel.AbstractChannelHandlerContext.invokeChannelRead(AbstractChannelHandlerContext.java:365)
	at io.netty.channel.AbstractChannelHandlerContext.fireChannelRead(AbstractChannelHandlerContext.java:357)
	at io.netty.channel.DefaultChannelPipeline$HeadContext.channelRead(DefaultChannelPipeline.java:1410)
	at io.netty.channel.AbstractChannelHandlerContext.invokeChannelRead(AbstractChannelHandlerContext.java:379)
	at io.netty.channel.AbstractChannelHandlerContext.invokeChannelRead(AbstractChannelHandlerContext.java:365)
	at io.netty.channel.DefaultChannelPipeline.fireChannelRead(DefaultChannelPipeline.java:919)
	at io.netty.channel.nio.AbstractNioMessageChannel$NioMessageUnsafe.read(AbstractNioMessageChannel.java:93)
	at io.netty.channel.nio.NioEventLoop.processSelectedKey(NioEventLoop.java:714)
	at io.netty.channel.nio.NioEventLoop.processSelectedKeysOptimized(NioEventLoop.java:650)
	at io.netty.channel.nio.NioEventLoop.processSelectedKeys(NioEventLoop.java:576)
	at io.netty.channel.nio.NioEventLoop.run(NioEventLoop.java:493)
	at io.netty.util.concurrent.SingleThreadEventExecutor$4.run(SingleThreadEventExecutor.java:989)
	at io.netty.util.internal.ThreadExecutorMap$2.run(ThreadExecutorMap.java:74)
	at io.netty.util.concurrent.FastThreadLocalRunnable.run(FastThreadLocalRunnable.java:30)
	at java.base/java.lang.Thread.run(Thread.java:834)
2023-03-31 16:39:24 ERROR boss-7-1 c.w.a.p.m.Message    未定义解码方法：ipToHex，消息解析失败
java.lang.NoSuchMethodException: com.wimetro.cg.util.ToolConvert.ipToHex(java.lang.Integer, java.lang.Integer, java.lang.String)
	at java.base/java.lang.Class.getDeclaredMethod(Class.java:2475)
	at com.wimetro.cg.protocol.message.Message.codec(Message.java:255)
	at com.wimetro.cg.protocol.message.Message.getSortedParams(Message.java:225)
	at com.wimetro.cg.protocol.message.Message.encodeMsgBody(Message.java:78)
	at com.wimetro.cg.protocol.message.Message.encode(Message.java:51)
	at com.wimetro.cg.netty.codec.UdpDeviceEncoder.encode(UdpDeviceEncoder.java:27)
	at com.wimetro.cg.netty.codec.UdpDeviceEncoder.encode(UdpDeviceEncoder.java:21)
	at io.netty.handler.codec.MessageToMessageEncoder.write(MessageToMessageEncoder.java:89)
	at io.netty.channel.AbstractChannelHandlerContext.invokeWrite0(AbstractChannelHandlerContext.java:717)
	at io.netty.channel.AbstractChannelHandlerContext.invokeWrite(AbstractChannelHandlerContext.java:709)
	at io.netty.channel.AbstractChannelHandlerContext.write(AbstractChannelHandlerContext.java:792)
	at io.netty.channel.AbstractChannelHandlerContext.write(AbstractChannelHandlerContext.java:702)
	at io.netty.channel.AbstractChannelHandlerContext.write(AbstractChannelHandlerContext.java:697)
	at com.wimetro.cg.netty.handler.DeviceUdpHandler.setTcpParam(DeviceUdpHandler.java:114)
	at com.wimetro.cg.netty.handler.DeviceUdpHandler.channelRead0(DeviceUdpHandler.java:49)
	at com.wimetro.cg.netty.handler.DeviceUdpHandler.channelRead0(DeviceUdpHandler.java:25)
	at io.netty.channel.SimpleChannelInboundHandler.channelRead(SimpleChannelInboundHandler.java:99)
	at io.netty.channel.AbstractChannelHandlerContext.invokeChannelRead(AbstractChannelHandlerContext.java:379)
	at io.netty.channel.AbstractChannelHandlerContext.invokeChannelRead(AbstractChannelHandlerContext.java:365)
	at io.netty.channel.AbstractChannelHandlerContext.fireChannelRead(AbstractChannelHandlerContext.java:357)
	at io.netty.handler.codec.MessageToMessageDecoder.channelRead(MessageToMessageDecoder.java:103)
	at io.netty.channel.AbstractChannelHandlerContext.invokeChannelRead(AbstractChannelHandlerContext.java:379)
	at io.netty.channel.AbstractChannelHandlerContext.invokeChannelRead(AbstractChannelHandlerContext.java:365)
	at io.netty.channel.AbstractChannelHandlerContext.fireChannelRead(AbstractChannelHandlerContext.java:357)
	at io.netty.channel.DefaultChannelPipeline$HeadContext.channelRead(DefaultChannelPipeline.java:1410)
	at io.netty.channel.AbstractChannelHandlerContext.invokeChannelRead(AbstractChannelHandlerContext.java:379)
	at io.netty.channel.AbstractChannelHandlerContext.invokeChannelRead(AbstractChannelHandlerContext.java:365)
	at io.netty.channel.DefaultChannelPipeline.fireChannelRead(DefaultChannelPipeline.java:919)
	at io.netty.channel.nio.AbstractNioMessageChannel$NioMessageUnsafe.read(AbstractNioMessageChannel.java:93)
	at io.netty.channel.nio.NioEventLoop.processSelectedKey(NioEventLoop.java:714)
	at io.netty.channel.nio.NioEventLoop.processSelectedKeysOptimized(NioEventLoop.java:650)
	at io.netty.channel.nio.NioEventLoop.processSelectedKeys(NioEventLoop.java:576)
	at io.netty.channel.nio.NioEventLoop.run(NioEventLoop.java:493)
	at io.netty.util.concurrent.SingleThreadEventExecutor$4.run(SingleThreadEventExecutor.java:989)
	at io.netty.util.internal.ThreadExecutorMap$2.run(ThreadExecutorMap.java:74)
	at io.netty.util.concurrent.FastThreadLocalRunnable.run(FastThreadLocalRunnable.java:30)
	at java.base/java.lang.Thread.run(Thread.java:834)
2023-03-31 16:39:24 ERROR boss-7-1 c.w.a.p.m.Message    未定义解码方法：ipToHex，消息解析失败
java.lang.NoSuchMethodException: com.wimetro.cg.util.ToolConvert.ipToHex(java.lang.Integer, java.lang.Integer, java.lang.String)
	at java.base/java.lang.Class.getDeclaredMethod(Class.java:2475)
	at com.wimetro.cg.protocol.message.Message.codec(Message.java:255)
	at com.wimetro.cg.protocol.message.Message.getSortedParams(Message.java:225)
	at com.wimetro.cg.protocol.message.Message.encodeMsgBody(Message.java:78)
	at com.wimetro.cg.protocol.message.Message.encode(Message.java:51)
	at com.wimetro.cg.netty.codec.UdpDeviceEncoder.encode(UdpDeviceEncoder.java:27)
	at com.wimetro.cg.netty.codec.UdpDeviceEncoder.encode(UdpDeviceEncoder.java:21)
	at io.netty.handler.codec.MessageToMessageEncoder.write(MessageToMessageEncoder.java:89)
	at io.netty.channel.AbstractChannelHandlerContext.invokeWrite0(AbstractChannelHandlerContext.java:717)
	at io.netty.channel.AbstractChannelHandlerContext.invokeWrite(AbstractChannelHandlerContext.java:709)
	at io.netty.channel.AbstractChannelHandlerContext.write(AbstractChannelHandlerContext.java:792)
	at io.netty.channel.AbstractChannelHandlerContext.write(AbstractChannelHandlerContext.java:702)
	at io.netty.channel.AbstractChannelHandlerContext.write(AbstractChannelHandlerContext.java:697)
	at com.wimetro.cg.netty.handler.DeviceUdpHandler.setTcpParam(DeviceUdpHandler.java:114)
	at com.wimetro.cg.netty.handler.DeviceUdpHandler.channelRead0(DeviceUdpHandler.java:49)
	at com.wimetro.cg.netty.handler.DeviceUdpHandler.channelRead0(DeviceUdpHandler.java:25)
	at io.netty.channel.SimpleChannelInboundHandler.channelRead(SimpleChannelInboundHandler.java:99)
	at io.netty.channel.AbstractChannelHandlerContext.invokeChannelRead(AbstractChannelHandlerContext.java:379)
	at io.netty.channel.AbstractChannelHandlerContext.invokeChannelRead(AbstractChannelHandlerContext.java:365)
	at io.netty.channel.AbstractChannelHandlerContext.fireChannelRead(AbstractChannelHandlerContext.java:357)
	at io.netty.handler.codec.MessageToMessageDecoder.channelRead(MessageToMessageDecoder.java:103)
	at io.netty.channel.AbstractChannelHandlerContext.invokeChannelRead(AbstractChannelHandlerContext.java:379)
	at io.netty.channel.AbstractChannelHandlerContext.invokeChannelRead(AbstractChannelHandlerContext.java:365)
	at io.netty.channel.AbstractChannelHandlerContext.fireChannelRead(AbstractChannelHandlerContext.java:357)
	at io.netty.channel.DefaultChannelPipeline$HeadContext.channelRead(DefaultChannelPipeline.java:1410)
	at io.netty.channel.AbstractChannelHandlerContext.invokeChannelRead(AbstractChannelHandlerContext.java:379)
	at io.netty.channel.AbstractChannelHandlerContext.invokeChannelRead(AbstractChannelHandlerContext.java:365)
	at io.netty.channel.DefaultChannelPipeline.fireChannelRead(DefaultChannelPipeline.java:919)
	at io.netty.channel.nio.AbstractNioMessageChannel$NioMessageUnsafe.read(AbstractNioMessageChannel.java:93)
	at io.netty.channel.nio.NioEventLoop.processSelectedKey(NioEventLoop.java:714)
	at io.netty.channel.nio.NioEventLoop.processSelectedKeysOptimized(NioEventLoop.java:650)
	at io.netty.channel.nio.NioEventLoop.processSelectedKeys(NioEventLoop.java:576)
	at io.netty.channel.nio.NioEventLoop.run(NioEventLoop.java:493)
	at io.netty.util.concurrent.SingleThreadEventExecutor$4.run(SingleThreadEventExecutor.java:989)
	at io.netty.util.internal.ThreadExecutorMap$2.run(ThreadExecutorMap.java:74)
	at io.netty.util.concurrent.FastThreadLocalRunnable.run(FastThreadLocalRunnable.java:30)
	at java.base/java.lang.Thread.run(Thread.java:834)
2023-03-31 16:39:24 ERROR boss-7-1 c.w.a.p.m.Message    未定义解码方法：ipToHex，消息解析失败
java.lang.NoSuchMethodException: com.wimetro.cg.util.ToolConvert.ipToHex(java.lang.Integer, java.lang.Integer, java.lang.String)
	at java.base/java.lang.Class.getDeclaredMethod(Class.java:2475)
	at com.wimetro.cg.protocol.message.Message.codec(Message.java:255)
	at com.wimetro.cg.protocol.message.Message.getSortedParams(Message.java:225)
	at com.wimetro.cg.protocol.message.Message.encodeMsgBody(Message.java:78)
	at com.wimetro.cg.protocol.message.Message.encode(Message.java:51)
	at com.wimetro.cg.netty.codec.UdpDeviceEncoder.encode(UdpDeviceEncoder.java:27)
	at com.wimetro.cg.netty.codec.UdpDeviceEncoder.encode(UdpDeviceEncoder.java:21)
	at io.netty.handler.codec.MessageToMessageEncoder.write(MessageToMessageEncoder.java:89)
	at io.netty.channel.AbstractChannelHandlerContext.invokeWrite0(AbstractChannelHandlerContext.java:717)
	at io.netty.channel.AbstractChannelHandlerContext.invokeWrite(AbstractChannelHandlerContext.java:709)
	at io.netty.channel.AbstractChannelHandlerContext.write(AbstractChannelHandlerContext.java:792)
	at io.netty.channel.AbstractChannelHandlerContext.write(AbstractChannelHandlerContext.java:702)
	at io.netty.channel.AbstractChannelHandlerContext.write(AbstractChannelHandlerContext.java:697)
	at com.wimetro.cg.netty.handler.DeviceUdpHandler.setTcpParam(DeviceUdpHandler.java:114)
	at com.wimetro.cg.netty.handler.DeviceUdpHandler.channelRead0(DeviceUdpHandler.java:49)
	at com.wimetro.cg.netty.handler.DeviceUdpHandler.channelRead0(DeviceUdpHandler.java:25)
	at io.netty.channel.SimpleChannelInboundHandler.channelRead(SimpleChannelInboundHandler.java:99)
	at io.netty.channel.AbstractChannelHandlerContext.invokeChannelRead(AbstractChannelHandlerContext.java:379)
	at io.netty.channel.AbstractChannelHandlerContext.invokeChannelRead(AbstractChannelHandlerContext.java:365)
	at io.netty.channel.AbstractChannelHandlerContext.fireChannelRead(AbstractChannelHandlerContext.java:357)
	at io.netty.handler.codec.MessageToMessageDecoder.channelRead(MessageToMessageDecoder.java:103)
	at io.netty.channel.AbstractChannelHandlerContext.invokeChannelRead(AbstractChannelHandlerContext.java:379)
	at io.netty.channel.AbstractChannelHandlerContext.invokeChannelRead(AbstractChannelHandlerContext.java:365)
	at io.netty.channel.AbstractChannelHandlerContext.fireChannelRead(AbstractChannelHandlerContext.java:357)
	at io.netty.channel.DefaultChannelPipeline$HeadContext.channelRead(DefaultChannelPipeline.java:1410)
	at io.netty.channel.AbstractChannelHandlerContext.invokeChannelRead(AbstractChannelHandlerContext.java:379)
	at io.netty.channel.AbstractChannelHandlerContext.invokeChannelRead(AbstractChannelHandlerContext.java:365)
	at io.netty.channel.DefaultChannelPipeline.fireChannelRead(DefaultChannelPipeline.java:919)
	at io.netty.channel.nio.AbstractNioMessageChannel$NioMessageUnsafe.read(AbstractNioMessageChannel.java:93)
	at io.netty.channel.nio.NioEventLoop.processSelectedKey(NioEventLoop.java:714)
	at io.netty.channel.nio.NioEventLoop.processSelectedKeysOptimized(NioEventLoop.java:650)
	at io.netty.channel.nio.NioEventLoop.processSelectedKeys(NioEventLoop.java:576)
	at io.netty.channel.nio.NioEventLoop.run(NioEventLoop.java:493)
	at io.netty.util.concurrent.SingleThreadEventExecutor$4.run(SingleThreadEventExecutor.java:989)
	at io.netty.util.internal.ThreadExecutorMap$2.run(ThreadExecutorMap.java:74)
	at io.netty.util.concurrent.FastThreadLocalRunnable.run(FastThreadLocalRunnable.java:30)
	at java.base/java.lang.Thread.run(Thread.java:834)
2023-03-31 16:39:24 ERROR boss-7-1 c.w.a.p.m.Message    未定义解码方法：ipToHex，消息解析失败
java.lang.NoSuchMethodException: com.wimetro.cg.util.ToolConvert.ipToHex(java.lang.Integer, java.lang.Integer, java.lang.String)
	at java.base/java.lang.Class.getDeclaredMethod(Class.java:2475)
	at com.wimetro.cg.protocol.message.Message.codec(Message.java:255)
	at com.wimetro.cg.protocol.message.Message.getSortedParams(Message.java:225)
	at com.wimetro.cg.protocol.message.Message.encodeMsgBody(Message.java:78)
	at com.wimetro.cg.protocol.message.Message.encode(Message.java:51)
	at com.wimetro.cg.netty.codec.UdpDeviceEncoder.encode(UdpDeviceEncoder.java:27)
	at com.wimetro.cg.netty.codec.UdpDeviceEncoder.encode(UdpDeviceEncoder.java:21)
	at io.netty.handler.codec.MessageToMessageEncoder.write(MessageToMessageEncoder.java:89)
	at io.netty.channel.AbstractChannelHandlerContext.invokeWrite0(AbstractChannelHandlerContext.java:717)
	at io.netty.channel.AbstractChannelHandlerContext.invokeWrite(AbstractChannelHandlerContext.java:709)
	at io.netty.channel.AbstractChannelHandlerContext.write(AbstractChannelHandlerContext.java:792)
	at io.netty.channel.AbstractChannelHandlerContext.write(AbstractChannelHandlerContext.java:702)
	at io.netty.channel.AbstractChannelHandlerContext.write(AbstractChannelHandlerContext.java:697)
	at com.wimetro.cg.netty.handler.DeviceUdpHandler.setTcpParam(DeviceUdpHandler.java:114)
	at com.wimetro.cg.netty.handler.DeviceUdpHandler.channelRead0(DeviceUdpHandler.java:49)
	at com.wimetro.cg.netty.handler.DeviceUdpHandler.channelRead0(DeviceUdpHandler.java:25)
	at io.netty.channel.SimpleChannelInboundHandler.channelRead(SimpleChannelInboundHandler.java:99)
	at io.netty.channel.AbstractChannelHandlerContext.invokeChannelRead(AbstractChannelHandlerContext.java:379)
	at io.netty.channel.AbstractChannelHandlerContext.invokeChannelRead(AbstractChannelHandlerContext.java:365)
	at io.netty.channel.AbstractChannelHandlerContext.fireChannelRead(AbstractChannelHandlerContext.java:357)
	at io.netty.handler.codec.MessageToMessageDecoder.channelRead(MessageToMessageDecoder.java:103)
	at io.netty.channel.AbstractChannelHandlerContext.invokeChannelRead(AbstractChannelHandlerContext.java:379)
	at io.netty.channel.AbstractChannelHandlerContext.invokeChannelRead(AbstractChannelHandlerContext.java:365)
	at io.netty.channel.AbstractChannelHandlerContext.fireChannelRead(AbstractChannelHandlerContext.java:357)
	at io.netty.channel.DefaultChannelPipeline$HeadContext.channelRead(DefaultChannelPipeline.java:1410)
	at io.netty.channel.AbstractChannelHandlerContext.invokeChannelRead(AbstractChannelHandlerContext.java:379)
	at io.netty.channel.AbstractChannelHandlerContext.invokeChannelRead(AbstractChannelHandlerContext.java:365)
	at io.netty.channel.DefaultChannelPipeline.fireChannelRead(DefaultChannelPipeline.java:919)
	at io.netty.channel.nio.AbstractNioMessageChannel$NioMessageUnsafe.read(AbstractNioMessageChannel.java:93)
	at io.netty.channel.nio.NioEventLoop.processSelectedKey(NioEventLoop.java:714)
	at io.netty.channel.nio.NioEventLoop.processSelectedKeysOptimized(NioEventLoop.java:650)
	at io.netty.channel.nio.NioEventLoop.processSelectedKeys(NioEventLoop.java:576)
	at io.netty.channel.nio.NioEventLoop.run(NioEventLoop.java:493)
	at io.netty.util.concurrent.SingleThreadEventExecutor$4.run(SingleThreadEventExecutor.java:989)
	at io.netty.util.internal.ThreadExecutorMap$2.run(ThreadExecutorMap.java:74)
	at io.netty.util.concurrent.FastThreadLocalRunnable.run(FastThreadLocalRunnable.java:30)
	at java.base/java.lang.Thread.run(Thread.java:834)
2023-03-31 16:39:26 ERROR boss-7-1 c.w.a.p.m.Message    未定义解码方法：ipToHex，消息解析失败
java.lang.NoSuchMethodException: com.wimetro.cg.util.ToolConvert.ipToHex(java.lang.Integer, java.lang.Integer, java.lang.String)
	at java.base/java.lang.Class.getDeclaredMethod(Class.java:2475)
	at com.wimetro.cg.protocol.message.Message.codec(Message.java:255)
	at com.wimetro.cg.protocol.message.Message.getSortedParams(Message.java:225)
	at com.wimetro.cg.protocol.message.Message.encodeMsgBody(Message.java:78)
	at com.wimetro.cg.protocol.message.Message.encode(Message.java:51)
	at com.wimetro.cg.netty.codec.UdpDeviceEncoder.encode(UdpDeviceEncoder.java:27)
	at com.wimetro.cg.netty.codec.UdpDeviceEncoder.encode(UdpDeviceEncoder.java:21)
	at io.netty.handler.codec.MessageToMessageEncoder.write(MessageToMessageEncoder.java:89)
	at io.netty.channel.AbstractChannelHandlerContext.invokeWrite0(AbstractChannelHandlerContext.java:717)
	at io.netty.channel.AbstractChannelHandlerContext.invokeWrite(AbstractChannelHandlerContext.java:709)
	at io.netty.channel.AbstractChannelHandlerContext.write(AbstractChannelHandlerContext.java:792)
	at io.netty.channel.AbstractChannelHandlerContext.write(AbstractChannelHandlerContext.java:702)
	at io.netty.channel.AbstractChannelHandlerContext.write(AbstractChannelHandlerContext.java:697)
	at com.wimetro.cg.netty.handler.DeviceUdpHandler.setTcpParam(DeviceUdpHandler.java:114)
	at com.wimetro.cg.netty.handler.DeviceUdpHandler.channelRead0(DeviceUdpHandler.java:49)
	at com.wimetro.cg.netty.handler.DeviceUdpHandler.channelRead0(DeviceUdpHandler.java:25)
	at io.netty.channel.SimpleChannelInboundHandler.channelRead(SimpleChannelInboundHandler.java:99)
	at io.netty.channel.AbstractChannelHandlerContext.invokeChannelRead(AbstractChannelHandlerContext.java:379)
	at io.netty.channel.AbstractChannelHandlerContext.invokeChannelRead(AbstractChannelHandlerContext.java:365)
	at io.netty.channel.AbstractChannelHandlerContext.fireChannelRead(AbstractChannelHandlerContext.java:357)
	at io.netty.handler.codec.MessageToMessageDecoder.channelRead(MessageToMessageDecoder.java:103)
	at io.netty.channel.AbstractChannelHandlerContext.invokeChannelRead(AbstractChannelHandlerContext.java:379)
	at io.netty.channel.AbstractChannelHandlerContext.invokeChannelRead(AbstractChannelHandlerContext.java:365)
	at io.netty.channel.AbstractChannelHandlerContext.fireChannelRead(AbstractChannelHandlerContext.java:357)
	at io.netty.channel.DefaultChannelPipeline$HeadContext.channelRead(DefaultChannelPipeline.java:1410)
	at io.netty.channel.AbstractChannelHandlerContext.invokeChannelRead(AbstractChannelHandlerContext.java:379)
	at io.netty.channel.AbstractChannelHandlerContext.invokeChannelRead(AbstractChannelHandlerContext.java:365)
	at io.netty.channel.DefaultChannelPipeline.fireChannelRead(DefaultChannelPipeline.java:919)
	at io.netty.channel.nio.AbstractNioMessageChannel$NioMessageUnsafe.read(AbstractNioMessageChannel.java:93)
	at io.netty.channel.nio.NioEventLoop.processSelectedKey(NioEventLoop.java:714)
	at io.netty.channel.nio.NioEventLoop.processSelectedKeysOptimized(NioEventLoop.java:650)
	at io.netty.channel.nio.NioEventLoop.processSelectedKeys(NioEventLoop.java:576)
	at io.netty.channel.nio.NioEventLoop.run(NioEventLoop.java:493)
	at io.netty.util.concurrent.SingleThreadEventExecutor$4.run(SingleThreadEventExecutor.java:989)
	at io.netty.util.internal.ThreadExecutorMap$2.run(ThreadExecutorMap.java:74)
	at io.netty.util.concurrent.FastThreadLocalRunnable.run(FastThreadLocalRunnable.java:30)
	at java.base/java.lang.Thread.run(Thread.java:834)
2023-03-31 16:39:26 ERROR boss-7-1 c.w.a.p.m.Message    未定义解码方法：ipToHex，消息解析失败
java.lang.NoSuchMethodException: com.wimetro.cg.util.ToolConvert.ipToHex(java.lang.Integer, java.lang.Integer, java.lang.String)
	at java.base/java.lang.Class.getDeclaredMethod(Class.java:2475)
	at com.wimetro.cg.protocol.message.Message.codec(Message.java:255)
	at com.wimetro.cg.protocol.message.Message.getSortedParams(Message.java:225)
	at com.wimetro.cg.protocol.message.Message.encodeMsgBody(Message.java:78)
	at com.wimetro.cg.protocol.message.Message.encode(Message.java:51)
	at com.wimetro.cg.netty.codec.UdpDeviceEncoder.encode(UdpDeviceEncoder.java:27)
	at com.wimetro.cg.netty.codec.UdpDeviceEncoder.encode(UdpDeviceEncoder.java:21)
	at io.netty.handler.codec.MessageToMessageEncoder.write(MessageToMessageEncoder.java:89)
	at io.netty.channel.AbstractChannelHandlerContext.invokeWrite0(AbstractChannelHandlerContext.java:717)
	at io.netty.channel.AbstractChannelHandlerContext.invokeWrite(AbstractChannelHandlerContext.java:709)
	at io.netty.channel.AbstractChannelHandlerContext.write(AbstractChannelHandlerContext.java:792)
	at io.netty.channel.AbstractChannelHandlerContext.write(AbstractChannelHandlerContext.java:702)
	at io.netty.channel.AbstractChannelHandlerContext.write(AbstractChannelHandlerContext.java:697)
	at com.wimetro.cg.netty.handler.DeviceUdpHandler.setTcpParam(DeviceUdpHandler.java:114)
	at com.wimetro.cg.netty.handler.DeviceUdpHandler.channelRead0(DeviceUdpHandler.java:49)
	at com.wimetro.cg.netty.handler.DeviceUdpHandler.channelRead0(DeviceUdpHandler.java:25)
	at io.netty.channel.SimpleChannelInboundHandler.channelRead(SimpleChannelInboundHandler.java:99)
	at io.netty.channel.AbstractChannelHandlerContext.invokeChannelRead(AbstractChannelHandlerContext.java:379)
	at io.netty.channel.AbstractChannelHandlerContext.invokeChannelRead(AbstractChannelHandlerContext.java:365)
	at io.netty.channel.AbstractChannelHandlerContext.fireChannelRead(AbstractChannelHandlerContext.java:357)
	at io.netty.handler.codec.MessageToMessageDecoder.channelRead(MessageToMessageDecoder.java:103)
	at io.netty.channel.AbstractChannelHandlerContext.invokeChannelRead(AbstractChannelHandlerContext.java:379)
	at io.netty.channel.AbstractChannelHandlerContext.invokeChannelRead(AbstractChannelHandlerContext.java:365)
	at io.netty.channel.AbstractChannelHandlerContext.fireChannelRead(AbstractChannelHandlerContext.java:357)
	at io.netty.channel.DefaultChannelPipeline$HeadContext.channelRead(DefaultChannelPipeline.java:1410)
	at io.netty.channel.AbstractChannelHandlerContext.invokeChannelRead(AbstractChannelHandlerContext.java:379)
	at io.netty.channel.AbstractChannelHandlerContext.invokeChannelRead(AbstractChannelHandlerContext.java:365)
	at io.netty.channel.DefaultChannelPipeline.fireChannelRead(DefaultChannelPipeline.java:919)
	at io.netty.channel.nio.AbstractNioMessageChannel$NioMessageUnsafe.read(AbstractNioMessageChannel.java:93)
	at io.netty.channel.nio.NioEventLoop.processSelectedKey(NioEventLoop.java:714)
	at io.netty.channel.nio.NioEventLoop.processSelectedKeysOptimized(NioEventLoop.java:650)
	at io.netty.channel.nio.NioEventLoop.processSelectedKeys(NioEventLoop.java:576)
	at io.netty.channel.nio.NioEventLoop.run(NioEventLoop.java:493)
	at io.netty.util.concurrent.SingleThreadEventExecutor$4.run(SingleThreadEventExecutor.java:989)
	at io.netty.util.internal.ThreadExecutorMap$2.run(ThreadExecutorMap.java:74)
	at io.netty.util.concurrent.FastThreadLocalRunnable.run(FastThreadLocalRunnable.java:30)
	at java.base/java.lang.Thread.run(Thread.java:834)
2023-03-31 16:39:26 ERROR boss-7-1 c.w.a.p.m.Message    未定义解码方法：ipToHex，消息解析失败
java.lang.NoSuchMethodException: com.wimetro.cg.util.ToolConvert.ipToHex(java.lang.Integer, java.lang.Integer, java.lang.String)
	at java.base/java.lang.Class.getDeclaredMethod(Class.java:2475)
	at com.wimetro.cg.protocol.message.Message.codec(Message.java:255)
	at com.wimetro.cg.protocol.message.Message.getSortedParams(Message.java:225)
	at com.wimetro.cg.protocol.message.Message.encodeMsgBody(Message.java:78)
	at com.wimetro.cg.protocol.message.Message.encode(Message.java:51)
	at com.wimetro.cg.netty.codec.UdpDeviceEncoder.encode(UdpDeviceEncoder.java:27)
	at com.wimetro.cg.netty.codec.UdpDeviceEncoder.encode(UdpDeviceEncoder.java:21)
	at io.netty.handler.codec.MessageToMessageEncoder.write(MessageToMessageEncoder.java:89)
	at io.netty.channel.AbstractChannelHandlerContext.invokeWrite0(AbstractChannelHandlerContext.java:717)
	at io.netty.channel.AbstractChannelHandlerContext.invokeWrite(AbstractChannelHandlerContext.java:709)
	at io.netty.channel.AbstractChannelHandlerContext.write(AbstractChannelHandlerContext.java:792)
	at io.netty.channel.AbstractChannelHandlerContext.write(AbstractChannelHandlerContext.java:702)
	at io.netty.channel.AbstractChannelHandlerContext.write(AbstractChannelHandlerContext.java:697)
	at com.wimetro.cg.netty.handler.DeviceUdpHandler.setTcpParam(DeviceUdpHandler.java:114)
	at com.wimetro.cg.netty.handler.DeviceUdpHandler.channelRead0(DeviceUdpHandler.java:49)
	at com.wimetro.cg.netty.handler.DeviceUdpHandler.channelRead0(DeviceUdpHandler.java:25)
	at io.netty.channel.SimpleChannelInboundHandler.channelRead(SimpleChannelInboundHandler.java:99)
	at io.netty.channel.AbstractChannelHandlerContext.invokeChannelRead(AbstractChannelHandlerContext.java:379)
	at io.netty.channel.AbstractChannelHandlerContext.invokeChannelRead(AbstractChannelHandlerContext.java:365)
	at io.netty.channel.AbstractChannelHandlerContext.fireChannelRead(AbstractChannelHandlerContext.java:357)
	at io.netty.handler.codec.MessageToMessageDecoder.channelRead(MessageToMessageDecoder.java:103)
	at io.netty.channel.AbstractChannelHandlerContext.invokeChannelRead(AbstractChannelHandlerContext.java:379)
	at io.netty.channel.AbstractChannelHandlerContext.invokeChannelRead(AbstractChannelHandlerContext.java:365)
	at io.netty.channel.AbstractChannelHandlerContext.fireChannelRead(AbstractChannelHandlerContext.java:357)
	at io.netty.channel.DefaultChannelPipeline$HeadContext.channelRead(DefaultChannelPipeline.java:1410)
	at io.netty.channel.AbstractChannelHandlerContext.invokeChannelRead(AbstractChannelHandlerContext.java:379)
	at io.netty.channel.AbstractChannelHandlerContext.invokeChannelRead(AbstractChannelHandlerContext.java:365)
	at io.netty.channel.DefaultChannelPipeline.fireChannelRead(DefaultChannelPipeline.java:919)
	at io.netty.channel.nio.AbstractNioMessageChannel$NioMessageUnsafe.read(AbstractNioMessageChannel.java:93)
	at io.netty.channel.nio.NioEventLoop.processSelectedKey(NioEventLoop.java:714)
	at io.netty.channel.nio.NioEventLoop.processSelectedKeysOptimized(NioEventLoop.java:650)
	at io.netty.channel.nio.NioEventLoop.processSelectedKeys(NioEventLoop.java:576)
	at io.netty.channel.nio.NioEventLoop.run(NioEventLoop.java:493)
	at io.netty.util.concurrent.SingleThreadEventExecutor$4.run(SingleThreadEventExecutor.java:989)
	at io.netty.util.internal.ThreadExecutorMap$2.run(ThreadExecutorMap.java:74)
	at io.netty.util.concurrent.FastThreadLocalRunnable.run(FastThreadLocalRunnable.java:30)
	at java.base/java.lang.Thread.run(Thread.java:834)
2023-03-31 16:39:26 ERROR boss-7-1 c.w.a.p.m.Message    未定义解码方法：ipToHex，消息解析失败
java.lang.NoSuchMethodException: com.wimetro.cg.util.ToolConvert.ipToHex(java.lang.Integer, java.lang.Integer, java.lang.String)
	at java.base/java.lang.Class.getDeclaredMethod(Class.java:2475)
	at com.wimetro.cg.protocol.message.Message.codec(Message.java:255)
	at com.wimetro.cg.protocol.message.Message.getSortedParams(Message.java:225)
	at com.wimetro.cg.protocol.message.Message.encodeMsgBody(Message.java:78)
	at com.wimetro.cg.protocol.message.Message.encode(Message.java:51)
	at com.wimetro.cg.netty.codec.UdpDeviceEncoder.encode(UdpDeviceEncoder.java:27)
	at com.wimetro.cg.netty.codec.UdpDeviceEncoder.encode(UdpDeviceEncoder.java:21)
	at io.netty.handler.codec.MessageToMessageEncoder.write(MessageToMessageEncoder.java:89)
	at io.netty.channel.AbstractChannelHandlerContext.invokeWrite0(AbstractChannelHandlerContext.java:717)
	at io.netty.channel.AbstractChannelHandlerContext.invokeWrite(AbstractChannelHandlerContext.java:709)
	at io.netty.channel.AbstractChannelHandlerContext.write(AbstractChannelHandlerContext.java:792)
	at io.netty.channel.AbstractChannelHandlerContext.write(AbstractChannelHandlerContext.java:702)
	at io.netty.channel.AbstractChannelHandlerContext.write(AbstractChannelHandlerContext.java:697)
	at com.wimetro.cg.netty.handler.DeviceUdpHandler.setTcpParam(DeviceUdpHandler.java:114)
	at com.wimetro.cg.netty.handler.DeviceUdpHandler.channelRead0(DeviceUdpHandler.java:49)
	at com.wimetro.cg.netty.handler.DeviceUdpHandler.channelRead0(DeviceUdpHandler.java:25)
	at io.netty.channel.SimpleChannelInboundHandler.channelRead(SimpleChannelInboundHandler.java:99)
	at io.netty.channel.AbstractChannelHandlerContext.invokeChannelRead(AbstractChannelHandlerContext.java:379)
	at io.netty.channel.AbstractChannelHandlerContext.invokeChannelRead(AbstractChannelHandlerContext.java:365)
	at io.netty.channel.AbstractChannelHandlerContext.fireChannelRead(AbstractChannelHandlerContext.java:357)
	at io.netty.handler.codec.MessageToMessageDecoder.channelRead(MessageToMessageDecoder.java:103)
	at io.netty.channel.AbstractChannelHandlerContext.invokeChannelRead(AbstractChannelHandlerContext.java:379)
	at io.netty.channel.AbstractChannelHandlerContext.invokeChannelRead(AbstractChannelHandlerContext.java:365)
	at io.netty.channel.AbstractChannelHandlerContext.fireChannelRead(AbstractChannelHandlerContext.java:357)
	at io.netty.channel.DefaultChannelPipeline$HeadContext.channelRead(DefaultChannelPipeline.java:1410)
	at io.netty.channel.AbstractChannelHandlerContext.invokeChannelRead(AbstractChannelHandlerContext.java:379)
	at io.netty.channel.AbstractChannelHandlerContext.invokeChannelRead(AbstractChannelHandlerContext.java:365)
	at io.netty.channel.DefaultChannelPipeline.fireChannelRead(DefaultChannelPipeline.java:919)
	at io.netty.channel.nio.AbstractNioMessageChannel$NioMessageUnsafe.read(AbstractNioMessageChannel.java:93)
	at io.netty.channel.nio.NioEventLoop.processSelectedKey(NioEventLoop.java:714)
	at io.netty.channel.nio.NioEventLoop.processSelectedKeysOptimized(NioEventLoop.java:650)
	at io.netty.channel.nio.NioEventLoop.processSelectedKeys(NioEventLoop.java:576)
	at io.netty.channel.nio.NioEventLoop.run(NioEventLoop.java:493)
	at io.netty.util.concurrent.SingleThreadEventExecutor$4.run(SingleThreadEventExecutor.java:989)
	at io.netty.util.internal.ThreadExecutorMap$2.run(ThreadExecutorMap.java:74)
	at io.netty.util.concurrent.FastThreadLocalRunnable.run(FastThreadLocalRunnable.java:30)
	at java.base/java.lang.Thread.run(Thread.java:834)
2023-03-31 16:39:26 ERROR boss-7-1 c.w.a.p.m.Message    未定义解码方法：ipToHex，消息解析失败
java.lang.NoSuchMethodException: com.wimetro.cg.util.ToolConvert.ipToHex(java.lang.Integer, java.lang.Integer, java.lang.String)
	at java.base/java.lang.Class.getDeclaredMethod(Class.java:2475)
	at com.wimetro.cg.protocol.message.Message.codec(Message.java:255)
	at com.wimetro.cg.protocol.message.Message.getSortedParams(Message.java:225)
	at com.wimetro.cg.protocol.message.Message.encodeMsgBody(Message.java:78)
	at com.wimetro.cg.protocol.message.Message.encode(Message.java:51)
	at com.wimetro.cg.netty.codec.UdpDeviceEncoder.encode(UdpDeviceEncoder.java:27)
	at com.wimetro.cg.netty.codec.UdpDeviceEncoder.encode(UdpDeviceEncoder.java:21)
	at io.netty.handler.codec.MessageToMessageEncoder.write(MessageToMessageEncoder.java:89)
	at io.netty.channel.AbstractChannelHandlerContext.invokeWrite0(AbstractChannelHandlerContext.java:717)
	at io.netty.channel.AbstractChannelHandlerContext.invokeWrite(AbstractChannelHandlerContext.java:709)
	at io.netty.channel.AbstractChannelHandlerContext.write(AbstractChannelHandlerContext.java:792)
	at io.netty.channel.AbstractChannelHandlerContext.write(AbstractChannelHandlerContext.java:702)
	at io.netty.channel.AbstractChannelHandlerContext.write(AbstractChannelHandlerContext.java:697)
	at com.wimetro.cg.netty.handler.DeviceUdpHandler.setTcpParam(DeviceUdpHandler.java:114)
	at com.wimetro.cg.netty.handler.DeviceUdpHandler.channelRead0(DeviceUdpHandler.java:49)
	at com.wimetro.cg.netty.handler.DeviceUdpHandler.channelRead0(DeviceUdpHandler.java:25)
	at io.netty.channel.SimpleChannelInboundHandler.channelRead(SimpleChannelInboundHandler.java:99)
	at io.netty.channel.AbstractChannelHandlerContext.invokeChannelRead(AbstractChannelHandlerContext.java:379)
	at io.netty.channel.AbstractChannelHandlerContext.invokeChannelRead(AbstractChannelHandlerContext.java:365)
	at io.netty.channel.AbstractChannelHandlerContext.fireChannelRead(AbstractChannelHandlerContext.java:357)
	at io.netty.handler.codec.MessageToMessageDecoder.channelRead(MessageToMessageDecoder.java:103)
	at io.netty.channel.AbstractChannelHandlerContext.invokeChannelRead(AbstractChannelHandlerContext.java:379)
	at io.netty.channel.AbstractChannelHandlerContext.invokeChannelRead(AbstractChannelHandlerContext.java:365)
	at io.netty.channel.AbstractChannelHandlerContext.fireChannelRead(AbstractChannelHandlerContext.java:357)
	at io.netty.channel.DefaultChannelPipeline$HeadContext.channelRead(DefaultChannelPipeline.java:1410)
	at io.netty.channel.AbstractChannelHandlerContext.invokeChannelRead(AbstractChannelHandlerContext.java:379)
	at io.netty.channel.AbstractChannelHandlerContext.invokeChannelRead(AbstractChannelHandlerContext.java:365)
	at io.netty.channel.DefaultChannelPipeline.fireChannelRead(DefaultChannelPipeline.java:919)
	at io.netty.channel.nio.AbstractNioMessageChannel$NioMessageUnsafe.read(AbstractNioMessageChannel.java:93)
	at io.netty.channel.nio.NioEventLoop.processSelectedKey(NioEventLoop.java:714)
	at io.netty.channel.nio.NioEventLoop.processSelectedKeysOptimized(NioEventLoop.java:650)
	at io.netty.channel.nio.NioEventLoop.processSelectedKeys(NioEventLoop.java:576)
	at io.netty.channel.nio.NioEventLoop.run(NioEventLoop.java:493)
	at io.netty.util.concurrent.SingleThreadEventExecutor$4.run(SingleThreadEventExecutor.java:989)
	at io.netty.util.internal.ThreadExecutorMap$2.run(ThreadExecutorMap.java:74)
	at io.netty.util.concurrent.FastThreadLocalRunnable.run(FastThreadLocalRunnable.java:30)
	at java.base/java.lang.Thread.run(Thread.java:834)
2023-03-31 16:39:26 ERROR boss-7-1 c.w.a.p.m.Message    未定义解码方法：ipToHex，消息解析失败
java.lang.NoSuchMethodException: com.wimetro.cg.util.ToolConvert.ipToHex(java.lang.Integer, java.lang.Integer, java.lang.String)
	at java.base/java.lang.Class.getDeclaredMethod(Class.java:2475)
	at com.wimetro.cg.protocol.message.Message.codec(Message.java:255)
	at com.wimetro.cg.protocol.message.Message.getSortedParams(Message.java:225)
	at com.wimetro.cg.protocol.message.Message.encodeMsgBody(Message.java:78)
	at com.wimetro.cg.protocol.message.Message.encode(Message.java:51)
	at com.wimetro.cg.netty.codec.UdpDeviceEncoder.encode(UdpDeviceEncoder.java:27)
	at com.wimetro.cg.netty.codec.UdpDeviceEncoder.encode(UdpDeviceEncoder.java:21)
	at io.netty.handler.codec.MessageToMessageEncoder.write(MessageToMessageEncoder.java:89)
	at io.netty.channel.AbstractChannelHandlerContext.invokeWrite0(AbstractChannelHandlerContext.java:717)
	at io.netty.channel.AbstractChannelHandlerContext.invokeWrite(AbstractChannelHandlerContext.java:709)
	at io.netty.channel.AbstractChannelHandlerContext.write(AbstractChannelHandlerContext.java:792)
	at io.netty.channel.AbstractChannelHandlerContext.write(AbstractChannelHandlerContext.java:702)
	at io.netty.channel.AbstractChannelHandlerContext.write(AbstractChannelHandlerContext.java:697)
	at com.wimetro.cg.netty.handler.DeviceUdpHandler.setTcpParam(DeviceUdpHandler.java:114)
	at com.wimetro.cg.netty.handler.DeviceUdpHandler.channelRead0(DeviceUdpHandler.java:49)
	at com.wimetro.cg.netty.handler.DeviceUdpHandler.channelRead0(DeviceUdpHandler.java:25)
	at io.netty.channel.SimpleChannelInboundHandler.channelRead(SimpleChannelInboundHandler.java:99)
	at io.netty.channel.AbstractChannelHandlerContext.invokeChannelRead(AbstractChannelHandlerContext.java:379)
	at io.netty.channel.AbstractChannelHandlerContext.invokeChannelRead(AbstractChannelHandlerContext.java:365)
	at io.netty.channel.AbstractChannelHandlerContext.fireChannelRead(AbstractChannelHandlerContext.java:357)
	at io.netty.handler.codec.MessageToMessageDecoder.channelRead(MessageToMessageDecoder.java:103)
	at io.netty.channel.AbstractChannelHandlerContext.invokeChannelRead(AbstractChannelHandlerContext.java:379)
	at io.netty.channel.AbstractChannelHandlerContext.invokeChannelRead(AbstractChannelHandlerContext.java:365)
	at io.netty.channel.AbstractChannelHandlerContext.fireChannelRead(AbstractChannelHandlerContext.java:357)
	at io.netty.channel.DefaultChannelPipeline$HeadContext.channelRead(DefaultChannelPipeline.java:1410)
	at io.netty.channel.AbstractChannelHandlerContext.invokeChannelRead(AbstractChannelHandlerContext.java:379)
	at io.netty.channel.AbstractChannelHandlerContext.invokeChannelRead(AbstractChannelHandlerContext.java:365)
	at io.netty.channel.DefaultChannelPipeline.fireChannelRead(DefaultChannelPipeline.java:919)
	at io.netty.channel.nio.AbstractNioMessageChannel$NioMessageUnsafe.read(AbstractNioMessageChannel.java:93)
	at io.netty.channel.nio.NioEventLoop.processSelectedKey(NioEventLoop.java:714)
	at io.netty.channel.nio.NioEventLoop.processSelectedKeysOptimized(NioEventLoop.java:650)
	at io.netty.channel.nio.NioEventLoop.processSelectedKeys(NioEventLoop.java:576)
	at io.netty.channel.nio.NioEventLoop.run(NioEventLoop.java:493)
	at io.netty.util.concurrent.SingleThreadEventExecutor$4.run(SingleThreadEventExecutor.java:989)
	at io.netty.util.internal.ThreadExecutorMap$2.run(ThreadExecutorMap.java:74)
	at io.netty.util.concurrent.FastThreadLocalRunnable.run(FastThreadLocalRunnable.java:30)
	at java.base/java.lang.Thread.run(Thread.java:834)
